[JaCaMoLauncher] Workspace wsp_auction created.
[JaCaMoLauncher] artifact auction_for_Plumbing: tools.AuctionArt("Plumbing",500) at wsp_auction created.
[JaCaMoLauncher] artifact auction_for_WindowsDoors: tools.AuctionArt("WindowsDoors",2500) at wsp_auction created.
[JaCaMoLauncher] artifact auction_for_Roof: tools.AuctionArt("Roof",2000) at wsp_auction created.
[JaCaMoLauncher] artifact auction_for_SitePreparation: tools.AuctionArt("SitePreparation",2000) at wsp_auction created.
[JaCaMoLauncher] artifact auction_for_Walls: tools.AuctionArt("Walls",1000) at wsp_auction created.
[JaCaMoLauncher] artifact auction_for_Painting: tools.AuctionArt("Painting",1200) at wsp_auction created.
[JaCaMoLauncher] artifact clock: cartago.tools.Clock() at wsp_auction created.
[JaCaMoLauncher] artifact auction_for_Floors: tools.AuctionArt("Floors",1000) at wsp_auction created.
[JaCaMoLauncher] artifact auction_for_ElectricalSystem: tools.AuctionArt("ElectricalSystem",500) at wsp_auction created.
[JaCaMoLauncher] Workspace wsp_ora4mas created.
[JaCaMoLauncher] artifact bhsch: sai.bridges.jacamo.SchemeBoardSai("src/org/house-os.xml",build_house_sch) at wsp_ora4mas created.
[JaCaMoLauncher] artifact hsh_group: sai.bridges.jacamo.GroupBoardSai("src/org/house-os.xml",house_group) at wsp_ora4mas created.
[JaCaMoLauncher] Workspace wsp_sai created.
[JaCaMoLauncher] artifact sai: sai.bridges.jacamo.ConstitutiveArt("bh","src/org/constitutive.sai") at wsp_sai created.
[JaCaMoLauncher] Workspace wsp_house created.
[JaCaMoLauncher] artifact housegui: simulator.House() at wsp_house created.
[giacomo] Could not finish intention: intention 102: 
    +schemes([bhsch])[artifact_id(cobj_21),percept_type(obs_prop),source(percept),artifact_name(cobj_21,hsh_group),workspace(cobj_21,wsp_ora4mas,cobj_6)] <- ... lookupArtifact(NBName,NBId)[wid(W)]; focus(NBId)[wid(W)]; .foreach(.member(S,L),{ lookupArtifact(S,ArtId)[wid(W)]; focus(ArtId)[wid(W)]; .concat(GroupName,".",S,NBName); lookupArtifact(NBName,NBId)[wid(W)]; focus(NBId)[wid(W)] },java.util.ArrayList$Itr@4ad542e8,{GroupName=hsh_group, W=cobj_6, _177=wsp_ora4mas, _176=cobj_21, _175=cobj_21, L=[bhsch]}) / {GroupName=hsh_group, S=bhsch, W=cobj_6, ArtId=cobj_20, _177=wsp_ora4mas, _176=cobj_21, _175=cobj_21, L=[bhsch], NBName="hsh_group.bhsch"}
	Trigger: +schemes([bhsch])[artifact_id(cobj_21),code(lookupArtifact("hsh_group.bhsch",_97995)[wid(cobj_6)]),code_line(11),code_src("jar:file:/home/maiquel/git/jacamo/build/libs/jacamo-0.7-SNAPSHOT.jar!/templates/common-moise.asl"),error(action_failed),error_msg("cartago.ArtifactNotAvailableException"),percept_type(obs_prop),source(percept),artifact_name(cobj_21,hsh_group),workspace(cobj_21,wsp_ora4mas,cobj_6)]
[companyE] Could not finish intention: intention 99: 
    +schemes([bhsch])[artifact_id(cobj_14),percept_type(obs_prop),source(percept),artifact_name(cobj_14,hsh_group),workspace(cobj_14,wsp_ora4mas,cobj_6)] <- ... lookupArtifact(NBName,NBId)[wid(W)]; focus(NBId)[wid(W)]; .foreach(.member(S,L),{ lookupArtifact(S,ArtId)[wid(W)]; focus(ArtId)[wid(W)]; .concat(GroupName,".",S,NBName); lookupArtifact(NBName,NBId)[wid(W)]; focus(NBId)[wid(W)] },java.util.ArrayList$Itr@4fb66ca2,{GroupName=hsh_group, W=cobj_6, _463=wsp_ora4mas, _462=cobj_14, _461=cobj_14, L=[bhsch]}) / {GroupName=hsh_group, S=bhsch, W=cobj_6, ArtId=cobj_13, _463=wsp_ora4mas, _462=cobj_14, _461=cobj_14, L=[bhsch], NBName="hsh_group.bhsch"}
	Trigger: +schemes([bhsch])[artifact_id(cobj_14),code(lookupArtifact("hsh_group.bhsch",_98006)[wid(cobj_6)]),code_line(11),code_src("jar:file:/home/maiquel/git/jacamo/build/libs/jacamo-0.7-SNAPSHOT.jar!/templates/common-moise.asl"),error(action_failed),error_msg("cartago.ArtifactNotAvailableException"),percept_type(obs_prop),source(percept),artifact_name(cobj_14,hsh_group),workspace(cobj_14,wsp_ora4mas,cobj_6)]
[companyD4] Could not finish intention: intention 106: 
    +schemes([bhsch])[artifact_id(cobj_19),percept_type(obs_prop),source(percept),artifact_name(cobj_19,hsh_group),workspace(cobj_19,wsp_ora4mas,cobj_6)] <- ... lookupArtifact(NBName,NBId)[wid(W)]; focus(NBId)[wid(W)]; .foreach(.member(S,L),{ lookupArtifact(S,ArtId)[wid(W)]; focus(ArtId)[wid(W)]; .concat(GroupName,".",S,NBName); lookupArtifact(NBName,NBId)[wid(W)]; focus(NBId)[wid(W)] },java.util.ArrayList$Itr@53098e24,{GroupName=hsh_group, _409=cobj_19, W=cobj_6, L=[bhsch], _411=wsp_ora4mas, _410=cobj_19}) / {GroupName=hsh_group, S=bhsch, _409=cobj_19, W=cobj_6, ArtId=cobj_18, L=[bhsch], _411=wsp_ora4mas, _410=cobj_19, NBName="hsh_group.bhsch"}
	Trigger: +schemes([bhsch])[artifact_id(cobj_19),code(lookupArtifact("hsh_group.bhsch",_97999)[wid(cobj_6)]),code_line(11),code_src("jar:file:/home/maiquel/git/jacamo/build/libs/jacamo-0.7-SNAPSHOT.jar!/templates/common-moise.asl"),error(action_failed),error_msg("cartago.ArtifactNotAvailableException"),percept_type(obs_prop),source(percept),artifact_name(cobj_19,hsh_group),workspace(cobj_19,wsp_ora4mas,cobj_6)]
[companyD2] Could not finish intention: intention 103: 
    +schemes([bhsch])[artifact_id(cobj_19),percept_type(obs_prop),source(percept),artifact_name(cobj_19,hsh_group),workspace(cobj_19,wsp_ora4mas,cobj_6)] <- ... lookupArtifact(NBName,NBId)[wid(W)]; focus(NBId)[wid(W)]; .foreach(.member(S,L),{ lookupArtifact(S,ArtId)[wid(W)]; focus(ArtId)[wid(W)]; .concat(GroupName,".",S,NBName); lookupArtifact(NBName,NBId)[wid(W)]; focus(NBId)[wid(W)] },java.util.ArrayList$Itr@5def99c0,{GroupName=hsh_group, _359=wsp_ora4mas, W=cobj_6, L=[bhsch], _358=cobj_19, _357=cobj_19}) / {GroupName=hsh_group, _359=wsp_ora4mas, S=bhsch, W=cobj_6, ArtId=cobj_18, L=[bhsch], _358=cobj_19, _357=cobj_19, NBName="hsh_group.bhsch"}
	Trigger: +schemes([bhsch])[artifact_id(cobj_19),code(lookupArtifact("hsh_group.bhsch",_97997)[wid(cobj_6)]),code_line(11),code_src("jar:file:/home/maiquel/git/jacamo/build/libs/jacamo-0.7-SNAPSHOT.jar!/templates/common-moise.asl"),error(action_failed),error_msg("cartago.ArtifactNotAvailableException"),percept_type(obs_prop),source(percept),artifact_name(cobj_19,hsh_group),workspace(cobj_19,wsp_ora4mas,cobj_6)]
[companyB] Could not finish intention: intention 98: 
    +schemes([bhsch])[artifact_id(cobj_12),percept_type(obs_prop),source(percept),artifact_name(cobj_12,hsh_group),workspace(cobj_12,wsp_ora4mas,cobj_6)] <- ... lookupArtifact(NBName,NBId)[wid(W)]; focus(NBId)[wid(W)]; .foreach(.member(S,L),{ lookupArtifact(S,ArtId)[wid(W)]; focus(ArtId)[wid(W)]; .concat(GroupName,".",S,NBName); lookupArtifact(NBName,NBId)[wid(W)]; focus(NBId)[wid(W)] },java.util.ArrayList$Itr@6822b6ae,{GroupName=hsh_group, _229=wsp_ora4mas, _228=cobj_12, _227=cobj_12, W=cobj_6, L=[bhsch]}) / {GroupName=hsh_group, _229=wsp_ora4mas, _228=cobj_12, _227=cobj_12, S=bhsch, W=cobj_6, ArtId=cobj_11, L=[bhsch], NBName="hsh_group.bhsch"}
	Trigger: +schemes([bhsch])[artifact_id(cobj_12),code(lookupArtifact("hsh_group.bhsch",_97996)[wid(cobj_6)]),code_line(11),code_src("jar:file:/home/maiquel/git/jacamo/build/libs/jacamo-0.7-SNAPSHOT.jar!/templates/common-moise.asl"),error(action_failed),error_msg("cartago.ArtifactNotAvailableException"),percept_type(obs_prop),source(percept),artifact_name(cobj_12,hsh_group),workspace(cobj_12,wsp_ora4mas,cobj_6)]
[SchemeBoard] companyC1 has quit, mission fit_doors removed by the platform!
[SchemeBoard] companyC1 has quit, mission fit_windows removed by the platform!
[SchemeBoard] companyA has quit, mission install_plumbing removed by the platform!
[SchemeBoard] companyB has quit, mission prepare_site removed by the platform!
[SchemeBoard] companyC2 has quit, mission install_electrical_system removed by the platform!
[SchemeBoard] companyD3 has quit, mission paint_house removed by the platform!
[SchemeBoard] companyE has quit, mission build_roof removed by the platform!
[SchemeBoard] companyE has quit, mission build_walls removed by the platform!
[SchemeBoard] companyE has quit, mission lay_floors removed by the platform!
[SchemeBoard] giacomo has quit, mission management_of_house_building removed by the platform!
