[JaCaMoLauncher] Workspace wsp_auction created.
[JaCaMoLauncher] artifact auction_for_Plumbing: tools.AuctionArt("Plumbing",500) at wsp_auction created.
[JaCaMoLauncher] artifact auction_for_WindowsDoors: tools.AuctionArt("WindowsDoors",2500) at wsp_auction created.
[JaCaMoLauncher] artifact auction_for_Roof: tools.AuctionArt("Roof",2000) at wsp_auction created.
[JaCaMoLauncher] artifact auction_for_SitePreparation: tools.AuctionArt("SitePreparation",2000) at wsp_auction created.
[JaCaMoLauncher] artifact auction_for_Walls: tools.AuctionArt("Walls",1000) at wsp_auction created.
[JaCaMoLauncher] artifact auction_for_Painting: tools.AuctionArt("Painting",1200) at wsp_auction created.
[JaCaMoLauncher] artifact clock: cartago.tools.Clock() at wsp_auction created.
[JaCaMoLauncher] artifact auction_for_Floors: tools.AuctionArt("Floors",1000) at wsp_auction created.
[JaCaMoLauncher] artifact auction_for_ElectricalSystem: tools.AuctionArt("ElectricalSystem",500) at wsp_auction created.
[JaCaMoLauncher] Workspace wsp_ora4mas created.
[JaCaMoLauncher] artifact bhsch: sai.bridges.jacamo.SchemeBoardSai("src/org/house-os.xml",build_house_sch,"wsp_ora4mas") at wsp_ora4mas created.
[JaCaMoLauncher] artifact hsh_group: sai.bridges.jacamo.GroupBoardSai("src/org/house-os.xml",house_group,"wsp_ora4mas") at wsp_ora4mas created.
[JaCaMoLauncher] Workspace wsp_sai created.
[JaCaMoLauncher] artifact sai: sai.bridges.jacamo.ConstitutiveArt("bh","src/org/constitutive.sai") at wsp_sai created.
[JaCaMoLauncher] Workspace wsp_house created.
[JaCaMoLauncher] artifact housegui: simulator.House() at wsp_house created.
[giacomo] Starting auction at 10
[companyD3] Could not finish intention: intention 104: 
    +schemes([bhsch])[artifact_id(cobj_20),percept_type(obs_prop),source(percept),artifact_name(cobj_20,hsh_group),workspace(cobj_20,wsp_ora4mas,cobj_6)] <- ... lookupArtifact(NBName,NBId)[wid(W)]; focus(NBId)[wid(W)]; .foreach(.member(S,L),{ lookupArtifact(S,ArtId)[wid(W)]; focus(ArtId)[wid(W)]; .concat(GroupName,".",S,NBName); lookupArtifact(NBName,NBId)[wid(W)]; focus(NBId)[wid(W)] },java.util.ArrayList$Itr@4697f863,{GroupName=hsh_group, _383=cobj_20, W=cobj_6, _385=wsp_ora4mas, _384=cobj_20, L=[bhsch]}) / {GroupName=hsh_group, S=bhsch, _383=cobj_20, W=cobj_6, ArtId=cobj_19, _385=wsp_ora4mas, _384=cobj_20, L=[bhsch], NBName="hsh_group.bhsch"}
	Trigger: +schemes([bhsch])[artifact_id(cobj_20),code(lookupArtifact("hsh_group.bhsch",_80493)[wid(cobj_6)]),code_line(11),code_src("jar:file:/home/maiquel/git/jacamo/build/libs/jacamo-0.7-SNAPSHOT.jar!/templates/common-moise.asl"),error(action_failed),error_msg("cartago.ArtifactNotAvailableException"),percept_type(obs_prop),source(percept),artifact_name(cobj_20,hsh_group),workspace(cobj_20,wsp_ora4mas,cobj_6)]
[giacomo] Could not finish intention: intention 106: 
    +schemes([bhsch])[artifact_id(cobj_21),percept_type(obs_prop),source(percept),artifact_name(cobj_21,hsh_group),workspace(cobj_21,wsp_ora4mas,cobj_6)] <- ... lookupArtifact(NBName,NBId)[wid(W)]; focus(NBId)[wid(W)]; .foreach(.member(S,L),{ lookupArtifact(S,ArtId)[wid(W)]; focus(ArtId)[wid(W)]; .concat(GroupName,".",S,NBName); lookupArtifact(NBName,NBId)[wid(W)]; focus(NBId)[wid(W)] },java.util.ArrayList$Itr@29097e9d,{GroupName=hsh_group, W=cobj_6, _177=wsp_ora4mas, _176=cobj_21, _175=cobj_21, L=[bhsch]}) / {GroupName=hsh_group, S=bhsch, W=cobj_6, ArtId=cobj_20, _177=wsp_ora4mas, _176=cobj_21, _175=cobj_21, L=[bhsch], NBName="hsh_group.bhsch"}
	Trigger: +schemes([bhsch])[artifact_id(cobj_21),code(lookupArtifact("hsh_group.bhsch",_80495)[wid(cobj_6)]),code_line(11),code_src("jar:file:/home/maiquel/git/jacamo/build/libs/jacamo-0.7-SNAPSHOT.jar!/templates/common-moise.asl"),error(action_failed),error_msg("cartago.ArtifactNotAvailableException"),percept_type(obs_prop),source(percept),artifact_name(cobj_21,hsh_group),workspace(cobj_21,wsp_ora4mas,cobj_6)]
[companyA] Could not finish intention: intention 111: 
    +schemes([bhsch])[artifact_id(cobj_13),percept_type(obs_prop),source(percept),artifact_name(cobj_13,hsh_group),workspace(cobj_13,wsp_ora4mas,cobj_6)] <- ... lookupArtifact(NBName,NBId)[wid(W)]; focus(NBId)[wid(W)]; .foreach(.member(S,L),{ lookupArtifact(S,ArtId)[wid(W)]; focus(ArtId)[wid(W)]; .concat(GroupName,".",S,NBName); lookupArtifact(NBName,NBId)[wid(W)]; focus(NBId)[wid(W)] },java.util.ArrayList$Itr@7960d2aa,{GroupName=hsh_group, W=cobj_6, L=[bhsch], _203=wsp_ora4mas, _202=cobj_13, _201=cobj_13}) / {GroupName=hsh_group, S=bhsch, W=cobj_6, ArtId=cobj_12, L=[bhsch], _203=wsp_ora4mas, _202=cobj_13, _201=cobj_13, NBName="hsh_group.bhsch"}
	Trigger: +schemes([bhsch])[artifact_id(cobj_13),code(lookupArtifact("hsh_group.bhsch",_80496)[wid(cobj_6)]),code_line(11),code_src("jar:file:/home/maiquel/git/jacamo/build/libs/jacamo-0.7-SNAPSHOT.jar!/templates/common-moise.asl"),error(action_failed),error_msg("cartago.ArtifactNotAvailableException"),percept_type(obs_prop),source(percept),artifact_name(cobj_13,hsh_group),workspace(cobj_13,wsp_ora4mas,cobj_6)]
[companyC3] Could not finish intention: intention 108: 
    +schemes([bhsch])[artifact_id(cobj_20),percept_type(obs_prop),source(percept),artifact_name(cobj_20,hsh_group),workspace(cobj_20,wsp_ora4mas,cobj_6)] <- ... lookupArtifact(NBName,NBId)[wid(W)]; focus(NBId)[wid(W)]; .foreach(.member(S,L),{ lookupArtifact(S,ArtId)[wid(W)]; focus(ArtId)[wid(W)]; .concat(GroupName,".",S,NBName); lookupArtifact(NBName,NBId)[wid(W)]; focus(NBId)[wid(W)] },java.util.ArrayList$Itr@113c6cce,{GroupName=hsh_group, _307=wsp_ora4mas, _306=cobj_20, _305=cobj_20, W=cobj_6, L=[bhsch]}) / {GroupName=hsh_group, _307=wsp_ora4mas, _306=cobj_20, _305=cobj_20, S=bhsch, W=cobj_6, ArtId=cobj_19, L=[bhsch], NBName="hsh_group.bhsch"}
	Trigger: +schemes([bhsch])[artifact_id(cobj_20),code(lookupArtifact("hsh_group.bhsch",_80508)[wid(cobj_6)]),code_line(11),code_src("jar:file:/home/maiquel/git/jacamo/build/libs/jacamo-0.7-SNAPSHOT.jar!/templates/common-moise.asl"),error(action_failed),error_msg("cartago.ArtifactNotAvailableException"),percept_type(obs_prop),source(percept),artifact_name(cobj_20,hsh_group),workspace(cobj_20,wsp_ora4mas,cobj_6)]
[companyD4] Could not finish intention: intention 110: 
    +schemes([bhsch])[artifact_id(cobj_20),percept_type(obs_prop),source(percept),artifact_name(cobj_20,hsh_group),workspace(cobj_20,wsp_ora4mas,cobj_6)] <- ... lookupArtifact(NBName,NBId)[wid(W)]; focus(NBId)[wid(W)]; .foreach(.member(S,L),{ lookupArtifact(S,ArtId)[wid(W)]; focus(ArtId)[wid(W)]; .concat(GroupName,".",S,NBName); lookupArtifact(NBName,NBId)[wid(W)]; focus(NBId)[wid(W)] },java.util.ArrayList$Itr@205f6f59,{GroupName=hsh_group, _409=cobj_20, W=cobj_6, L=[bhsch], _411=wsp_ora4mas, _410=cobj_20}) / {GroupName=hsh_group, S=bhsch, _409=cobj_20, W=cobj_6, ArtId=cobj_19, L=[bhsch], _411=wsp_ora4mas, _410=cobj_20, NBName="hsh_group.bhsch"}
	Trigger: +schemes([bhsch])[artifact_id(cobj_20),code(lookupArtifact("hsh_group.bhsch",_80512)[wid(cobj_6)]),code_line(11),code_src("jar:file:/home/maiquel/git/jacamo/build/libs/jacamo-0.7-SNAPSHOT.jar!/templates/common-moise.asl"),error(action_failed),error_msg("cartago.ArtifactNotAvailableException"),percept_type(obs_prop),source(percept),artifact_name(cobj_20,hsh_group),workspace(cobj_20,wsp_ora4mas,cobj_6)]
[companyE] Could not finish intention: intention 107: 
    +schemes([bhsch])[artifact_id(cobj_15),percept_type(obs_prop),source(percept),artifact_name(cobj_15,hsh_group),workspace(cobj_15,wsp_ora4mas,cobj_6)] <- ... lookupArtifact(NBName,NBId)[wid(W)]; focus(NBId)[wid(W)]; .foreach(.member(S,L),{ lookupArtifact(S,ArtId)[wid(W)]; focus(ArtId)[wid(W)]; .concat(GroupName,".",S,NBName); lookupArtifact(NBName,NBId)[wid(W)]; focus(NBId)[wid(W)] },java.util.ArrayList$Itr@6bfc2e86,{GroupName=hsh_group, W=cobj_6, _463=wsp_ora4mas, _462=cobj_15, _461=cobj_15, L=[bhsch]}) / {GroupName=hsh_group, S=bhsch, W=cobj_6, ArtId=cobj_14, _463=wsp_ora4mas, _462=cobj_15, _461=cobj_15, L=[bhsch], NBName="hsh_group.bhsch"}
	Trigger: +schemes([bhsch])[artifact_id(cobj_15),code(lookupArtifact("hsh_group.bhsch",_80510)[wid(cobj_6)]),code_line(11),code_src("jar:file:/home/maiquel/git/jacamo/build/libs/jacamo-0.7-SNAPSHOT.jar!/templates/common-moise.asl"),error(action_failed),error_msg("cartago.ArtifactNotAvailableException"),percept_type(obs_prop),source(percept),artifact_name(cobj_15,hsh_group),workspace(cobj_15,wsp_ora4mas,cobj_6)]
[companyD5] Could not finish intention: intention 105: 
    +schemes([bhsch])[artifact_id(cobj_20),percept_type(obs_prop),source(percept),artifact_name(cobj_20,hsh_group),workspace(cobj_20,wsp_ora4mas,cobj_6)] <- ... lookupArtifact(NBName,NBId)[wid(W)]; focus(NBId)[wid(W)]; .foreach(.member(S,L),{ lookupArtifact(S,ArtId)[wid(W)]; focus(ArtId)[wid(W)]; .concat(GroupName,".",S,NBName); lookupArtifact(NBName,NBId)[wid(W)]; focus(NBId)[wid(W)] },java.util.ArrayList$Itr@312802d8,{GroupName=hsh_group, _437=wsp_ora4mas, _436=cobj_20, W=cobj_6, L=[bhsch], _435=cobj_20}) / {GroupName=hsh_group, _437=wsp_ora4mas, _436=cobj_20, S=bhsch, W=cobj_6, ArtId=cobj_19, L=[bhsch], _435=cobj_20, NBName="hsh_group.bhsch"}
	Trigger: +schemes([bhsch])[artifact_id(cobj_20),code(lookupArtifact("hsh_group.bhsch",_80509)[wid(cobj_6)]),code_line(11),code_src("jar:file:/home/maiquel/git/jacamo/build/libs/jacamo-0.7-SNAPSHOT.jar!/templates/common-moise.asl"),error(action_failed),error_msg("cartago.ArtifactNotAvailableException"),percept_type(obs_prop),source(percept),artifact_name(cobj_20,hsh_group),workspace(cobj_20,wsp_ora4mas,cobj_6)]
[companyD2] Could not finish intention: intention 114: 
    +schemes([bhsch])[artifact_id(cobj_20),percept_type(obs_prop),source(percept),artifact_name(cobj_20,hsh_group),workspace(cobj_20,wsp_ora4mas,cobj_6)] <- ... lookupArtifact(NBName,NBId)[wid(W)]; focus(NBId)[wid(W)]; .foreach(.member(S,L),{ lookupArtifact(S,ArtId)[wid(W)]; focus(ArtId)[wid(W)]; .concat(GroupName,".",S,NBName); lookupArtifact(NBName,NBId)[wid(W)]; focus(NBId)[wid(W)] },java.util.ArrayList$Itr@177f2e2,{GroupName=hsh_group, _359=wsp_ora4mas, W=cobj_6, L=[bhsch], _358=cobj_20, _357=cobj_20}) / {GroupName=hsh_group, _359=wsp_ora4mas, S=bhsch, W=cobj_6, ArtId=cobj_19, L=[bhsch], _358=cobj_20, _357=cobj_20, NBName="hsh_group.bhsch"}
	Trigger: +schemes([bhsch])[artifact_id(cobj_20),code(lookupArtifact("hsh_group.bhsch",_80506)[wid(cobj_6)]),code_line(11),code_src("jar:file:/home/maiquel/git/jacamo/build/libs/jacamo-0.7-SNAPSHOT.jar!/templates/common-moise.asl"),error(action_failed),error_msg("cartago.ArtifactNotAvailableException"),percept_type(obs_prop),source(percept),artifact_name(cobj_20,hsh_group),workspace(cobj_20,wsp_ora4mas,cobj_6)]
[companyC1] Could not finish intention: intention 115: 
    +schemes([bhsch])[artifact_id(cobj_20),percept_type(obs_prop),source(percept),artifact_name(cobj_20,hsh_group),workspace(cobj_20,wsp_ora4mas,cobj_6)] <- ... lookupArtifact(NBName,NBId)[wid(W)]; focus(NBId)[wid(W)]; .foreach(.member(S,L),{ lookupArtifact(S,ArtId)[wid(W)]; focus(ArtId)[wid(W)]; .concat(GroupName,".",S,NBName); lookupArtifact(NBName,NBId)[wid(W)]; focus(NBId)[wid(W)] },java.util.ArrayList$Itr@854dc10,{GroupName=hsh_group, W=cobj_6, _255=wsp_ora4mas, _254=cobj_20, _253=cobj_20, L=[bhsch]}) / {GroupName=hsh_group, S=bhsch, W=cobj_6, ArtId=cobj_19, _255=wsp_ora4mas, _254=cobj_20, _253=cobj_20, L=[bhsch], NBName="hsh_group.bhsch"}
	Trigger: +schemes([bhsch])[artifact_id(cobj_20),code(lookupArtifact("hsh_group.bhsch",_80513)[wid(cobj_6)]),code_line(11),code_src("jar:file:/home/maiquel/git/jacamo/build/libs/jacamo-0.7-SNAPSHOT.jar!/templates/common-moise.asl"),error(action_failed),error_msg("cartago.ArtifactNotAvailableException"),percept_type(obs_prop),source(percept),artifact_name(cobj_20,hsh_group),workspace(cobj_20,wsp_ora4mas,cobj_6)]
[companyD4] Could not finish intention: intention 445: 
    +schemes([bhsch])[artifact_id(cobj_20),percept_type(obs_prop),source(percept),artifact_name(cobj_20,hsh_group),workspace(cobj_20,wsp_ora4mas,cobj_6)] <- ... focus(ArtId)[wid(W)]; .concat(GroupName,".",S,NBName); lookupArtifact(NBName,NBId)[wid(W)]; focus(NBId)[wid(W)]; .foreach(.member(S,L),{ lookupArtifact(S,ArtId)[wid(W)]; focus(ArtId)[wid(W)]; .concat(GroupName,".",S,NBName); lookupArtifact(NBName,NBId)[wid(W)]; focus(NBId)[wid(W)] },java.util.ArrayList$Itr@2e989522,{GroupName=hsh_group, _409=cobj_20, W=cobj_6, L=[bhsch], _411=wsp_ora4mas, _410=cobj_20}) / {GroupName=hsh_group, S=bhsch, _409=cobj_20, W=cobj_6, ArtId=cobj_19, L=[bhsch], _411=wsp_ora4mas, _410=cobj_20}
	Trigger: +schemes([bhsch])[artifact_id(cobj_20),code(focus(cobj_19)[wid(cobj_6)]),code_line(9),code_src("jar:file:/home/maiquel/git/jacamo/build/libs/jacamo-0.7-SNAPSHOT.jar!/templates/common-moise.asl"),error(action_failed),error_msg("Artifact Not Available."),percept_type(obs_prop),source(percept),artifact_name(cobj_20,hsh_group),workspace(cobj_20,wsp_ora4mas,cobj_6)]
[companyA] Could not finish intention: intention 956: 
    +schemes([bhsch])[artifact_id(cobj_13),percept_type(obs_prop),source(percept),artifact_name(cobj_13,hsh_group),workspace(cobj_13,wsp_ora4mas,cobj_6)] <- ... focus(ArtId)[wid(W)]; .concat(GroupName,".",S,NBName); lookupArtifact(NBName,NBId)[wid(W)]; focus(NBId)[wid(W)]; .foreach(.member(S,L),{ lookupArtifact(S,ArtId)[wid(W)]; focus(ArtId)[wid(W)]; .concat(GroupName,".",S,NBName); lookupArtifact(NBName,NBId)[wid(W)]; focus(NBId)[wid(W)] },java.util.ArrayList$Itr@7d5f595e,{GroupName=hsh_group, W=cobj_6, L=[bhsch], _203=wsp_ora4mas, _202=cobj_13, _201=cobj_13}) / {GroupName=hsh_group, S=bhsch, W=cobj_6, ArtId=cobj_12, L=[bhsch], _203=wsp_ora4mas, _202=cobj_13, _201=cobj_13}
	Trigger: +schemes([bhsch])[artifact_id(cobj_13),code(focus(cobj_12)[wid(cobj_6)]),code_line(9),code_src("jar:file:/home/maiquel/git/jacamo/build/libs/jacamo-0.7-SNAPSHOT.jar!/templates/common-moise.asl"),error(action_failed),error_msg("Artifact Not Available."),percept_type(obs_prop),source(percept),artifact_name(cobj_13,hsh_group),workspace(cobj_13,wsp_ora4mas,cobj_6)]
[SchemeBoard] companyA has quit, mission install_plumbing removed by the platform!
[SchemeBoard] companyB has quit, mission prepare_site removed by the platform!
[SchemeBoard] companyC2 has quit, mission fit_doors removed by the platform!
[SchemeBoard] companyC2 has quit, mission fit_windows removed by the platform!
[SchemeBoard] companyC2 has quit, mission install_electrical_system removed by the platform!
[SchemeBoard] companyC2 has quit, mission paint_house removed by the platform!
[SchemeBoard] companyE has quit, mission build_roof removed by the platform!
[SchemeBoard] companyE has quit, mission build_walls removed by the platform!
[SchemeBoard] companyE has quit, mission lay_floors removed by the platform!
[SchemeBoard] giacomo has quit, mission management_of_house_building removed by the platform!
