Mon May 02 20:58:34 BRT 2016   FINEST   ***** Started cycle #11 *****
Mon May 02 20:58:34 BRT 2016   FINEST   [cycle 11] environmental fact: sigmaA(giacomo)
Mon May 02 20:58:34 BRT 2016   FINEST   [cycle 11] 1 adding sai__is(sai__freestandingY,mission_role(paint_house,painter),true)
Mon May 02 20:58:34 BRT 2016   FINEST   [cycle 11] 1 adding sai__is(sai__freestandingY,mission_role(install_electrical_system,electrician),true)
Mon May 02 20:58:34 BRT 2016   FINEST   [cycle 11] 1 adding sai__is(sai__freestandingY,mission_role(install_plumbing,plumber),true)
Mon May 02 20:58:34 BRT 2016   FINEST   [cycle 11] 1 adding sai__is(sai__freestandingY,mission_role(fit_doors,door_fitter),true)
Mon May 02 20:58:34 BRT 2016   FINEST   [cycle 11] 1 adding sai__is(sai__freestandingY,mission_role(fit_windows,window_fitter),true)
Mon May 02 20:58:34 BRT 2016   FINEST   [cycle 11] 1 adding sai__is(sai__freestandingY,mission_role(build_roof,roofer),true)
Mon May 02 20:58:34 BRT 2016   FINEST   [cycle 11] 1 adding sai__is(sai__freestandingY,mission_role(build_walls,bricklayer),true)
Mon May 02 20:58:34 BRT 2016   FINEST   [cycle 11] 1 adding sai__is(sai__freestandingY,mission_role(lay_floors,bricklayer),true)
Mon May 02 20:58:34 BRT 2016   FINEST   [cycle 11] 1 adding sai__is(sai__freestandingY,mission_role(prepare_site,site_prep_contractor),true)
Mon May 02 20:58:34 BRT 2016   FINEST   [cycle 11] 1 adding sai__is(sai__freestandingY,mission_role(management_of_house_building,house_owner),true)
Mon May 02 20:58:34 BRT 2016   FINEST   [cycle 11] 1 adding sai__is(sai__freestandingY,compatible(building_company,building_company,Var),true)
Mon May 02 20:58:34 BRT 2016   FINEST   [cycle 11] 1 adding sai__is(sai__freestandingY,role_cardinality(door_fitter,1,1),true)
Mon May 02 20:58:34 BRT 2016   FINEST   [cycle 11] 1 adding sai__is(sai__freestandingY,role_cardinality(site_prep_contractor,1,1),true)
Mon May 02 20:58:34 BRT 2016   FINEST   [cycle 11] 1 adding sai__is(sai__freestandingY,role_cardinality(roofer,1,1),true)
Mon May 02 20:58:34 BRT 2016   FINEST   [cycle 11] 1 adding sai__is(sai__freestandingY,role_cardinality(electrician,1,1),true)
Mon May 02 20:58:34 BRT 2016   FINEST   [cycle 11] 1 adding sai__is(sai__freestandingY,role_cardinality(plumber,1,1),true)
Mon May 02 20:58:34 BRT 2016   FINEST   [cycle 11] 1 adding sai__is(sai__freestandingY,role_cardinality(window_fitter,1,1),true)
Mon May 02 20:58:34 BRT 2016   FINEST   [cycle 11] 1 adding sai__is(sai__freestandingY,role_cardinality(bricklayer,1,2),true)
Mon May 02 20:58:34 BRT 2016   FINEST   [cycle 11] 1 adding sai__is(sai__freestandingY,role_cardinality(painter,1,1),true)
Mon May 02 20:58:34 BRT 2016   FINEST   [cycle 11] 1 adding sai__is(sai__freestandingY,role_cardinality(house_owner,1,1),true)
Mon May 02 20:58:34 BRT 2016   FINEST   [cycle 11] 1 adding sai__is(sai__freestandingY,play(giacomo,house_owner,"hsh_group"),true)
Mon May 02 20:58:34 BRT 2016   FINEST   [cycle 11] 2 adding sai__is(sai__freestandingY,fplay(giacomo,house_owner,"hsh_group"),(true&sai__is(sai__freestandingY,play(giacomo,house_owner,"hsh_group"),_)))
Mon May 02 20:58:34 BRT 2016   FINEST   ***** Started cycle #12 *****
Mon May 02 20:58:34 BRT 2016   FINEST   [cycle 12] environmental fact: sigmaE(setWSPRuleEngine(_511)[sai__agent(giacomo)])
Mon May 02 20:58:34 BRT 2016   FINEST   ***** Started cycle #13 *****
Mon May 02 20:58:34 BRT 2016   FINEST   [cycle 13] environmental fact: sigmaA(giacomo)
Mon May 02 20:58:34 BRT 2016   FINEST   ***** Started cycle #14 *****
Mon May 02 20:58:34 BRT 2016   FINEST   [cycle 14] environmental fact: sigmaE(setWSPRuleEngine(_512)[sai__agent(giacomo)])
Mon May 02 20:58:34 BRT 2016   FINEST   ***** Started cycle #15 *****
Mon May 02 20:58:34 BRT 2016   FINEST   [cycle 15] environmental fact: sigmaA(giacomo)
Mon May 02 20:58:34 BRT 2016   FINEST   ***** Started cycle #16 *****
Mon May 02 20:58:34 BRT 2016   FINEST   [cycle 16] environmental fact: sigmaE(setFrequency(5)[sai__agent(giacomo)])
Mon May 02 20:58:34 BRT 2016   FINEST   ***** Started cycle #17 *****
Mon May 02 20:58:34 BRT 2016   FINEST   [cycle 17] environmental fact: sigmaA(giacomo)
Mon May 02 20:58:34 BRT 2016   FINEST   ***** Started cycle #18 *****
Mon May 02 20:58:34 BRT 2016   FINEST   [cycle 18] environmental fact: sigmaE(start[sai__agent(giacomo)])
Mon May 02 20:58:34 BRT 2016   FINEST   ***** Started cycle #19 *****
Mon May 02 20:58:34 BRT 2016   FINEST   [cycle 19] environmental fact: sai__replace(nticks(clock,_543),nticks(clock,200))
Mon May 02 20:58:34 BRT 2016   FINEST   ***** Started cycle #20 *****
Mon May 02 20:58:34 BRT 2016   FINEST   [cycle 20] environmental fact: sai__replace(nticks(clock,_698),nticks(clock,400))
Mon May 02 20:58:34 BRT 2016   FINEST   ***** Started cycle #22 *****
Mon May 02 20:58:34 BRT 2016   FINEST   [cycle 22] environmental fact: sai__replace(currentBid(auction_for_Plumbing,_744),currentBid(auction_for_Plumbing,300))
Mon May 02 20:58:34 BRT 2016   FINEST   ***** Started cycle #23 *****
Mon May 02 20:58:34 BRT 2016   FINEST   [cycle 23] environmental fact: sai__replace(currentWinner(auction_for_Plumbing,_745),currentWinner(auction_for_Plumbing,companyA))
Mon May 02 20:58:35 BRT 2016   FINEST   ***** Started cycle #24 *****
Mon May 02 20:58:35 BRT 2016   FINEST   [cycle 24] environmental fact: sigmaA(companyA)
Mon May 02 20:58:35 BRT 2016   FINEST   ***** Started cycle #25 *****
Mon May 02 20:58:35 BRT 2016   FINEST   [cycle 25] environmental fact: sigmaE(bid(300)[sai__agent(companyA)])
Mon May 02 20:58:35 BRT 2016   FINEST   ***** Started cycle #26 *****
Mon May 02 20:58:35 BRT 2016   FINEST   [cycle 26] environmental fact: sai__replace(currentBid(auction_for_Floors,_746),currentBid(auction_for_Floors,990))
Mon May 02 20:58:35 BRT 2016   FINEST   ***** Started cycle #27 *****
Mon May 02 20:58:35 BRT 2016   FINEST   [cycle 27] environmental fact: sai__replace(currentWinner(auction_for_Floors,_747),currentWinner(auction_for_Floors,companyE))
Mon May 02 20:58:35 BRT 2016   FINEST   ***** Started cycle #28 *****
Mon May 02 20:58:35 BRT 2016   FINEST   [cycle 28] environmental fact: sigmaA(companyE)
Mon May 02 20:58:35 BRT 2016   FINEST   ***** Started cycle #29 *****
Mon May 02 20:58:35 BRT 2016   FINEST   [cycle 29] environmental fact: sigmaE(bid(990)[sai__agent(companyE)])
Mon May 02 20:58:35 BRT 2016   FINEST   ***** Started cycle #30 *****
Mon May 02 20:58:35 BRT 2016   FINEST   [cycle 30] environmental fact: sai__replace(currentBid(auction_for_SitePreparation,_743),currentBid(auction_for_SitePreparation,1850))
Mon May 02 20:58:35 BRT 2016   FINEST   ***** Started cycle #31 *****
Mon May 02 20:58:35 BRT 2016   FINEST   [cycle 31] environmental fact: sai__replace(currentWinner(auction_for_SitePreparation,_748),currentWinner(auction_for_SitePreparation,companyB))
Mon May 02 20:58:35 BRT 2016   FINEST   ***** Started cycle #32 *****
Mon May 02 20:58:35 BRT 2016   FINEST   [cycle 32] environmental fact: sigmaA(companyB)
Mon May 02 20:58:35 BRT 2016   FINEST   ***** Started cycle #33 *****
Mon May 02 20:58:35 BRT 2016   FINEST   [cycle 33] environmental fact: sigmaE(bid(1850)[sai__agent(companyB)])
Mon May 02 20:58:35 BRT 2016   FINEST   ***** Started cycle #34 *****
Mon May 02 20:58:35 BRT 2016   FINEST   [cycle 34] environmental fact: sai__replace(currentBid(auction_for_Walls,_766),currentBid(auction_for_Walls,990))
Mon May 02 20:58:35 BRT 2016   FINEST   ***** Started cycle #35 *****
Mon May 02 20:58:35 BRT 2016   FINEST   [cycle 35] environmental fact: sai__replace(currentWinner(auction_for_Walls,_767),currentWinner(auction_for_Walls,companyE))
Mon May 02 20:58:35 BRT 2016   FINEST   ***** Started cycle #36 *****
Mon May 02 20:58:35 BRT 2016   FINEST   [cycle 36] environmental fact: sigmaA(companyE)
Mon May 02 20:58:35 BRT 2016   FINEST   ***** Started cycle #37 *****
Mon May 02 20:58:35 BRT 2016   FINEST   [cycle 37] environmental fact: sigmaE(bid(990)[sai__agent(companyE)])
Mon May 02 20:58:35 BRT 2016   FINEST   ***** Started cycle #38 *****
Mon May 02 20:58:35 BRT 2016   FINEST   [cycle 38] environmental fact: sai__replace(currentBid(auction_for_Roof,_768),currentBid(auction_for_Roof,1990))
Mon May 02 20:58:35 BRT 2016   FINEST   ***** Started cycle #39 *****
Mon May 02 20:58:35 BRT 2016   FINEST   [cycle 39] environmental fact: sai__replace(currentWinner(auction_for_Roof,_769),currentWinner(auction_for_Roof,companyE))
Mon May 02 20:58:35 BRT 2016   FINEST   ***** Started cycle #40 *****
Mon May 02 20:58:35 BRT 2016   FINEST   [cycle 40] environmental fact: sigmaA(companyE)
Mon May 02 20:58:35 BRT 2016   FINEST   ***** Started cycle #41 *****
Mon May 02 20:58:35 BRT 2016   FINEST   [cycle 41] environmental fact: sigmaE(bid(1990)[sai__agent(companyE)])
Mon May 02 20:58:35 BRT 2016   FINEST   ***** Started cycle #42 *****
Mon May 02 20:58:35 BRT 2016   FINEST   [cycle 42] environmental fact: sigmaA(companyC5)
Mon May 02 20:58:35 BRT 2016   FINEST   ***** Started cycle #43 *****
Mon May 02 20:58:35 BRT 2016   FINEST   [cycle 43] environmental fact: sigmaE(bid(1900)[sai__agent(companyC5)])
Mon May 02 20:58:35 BRT 2016   FINEST   ***** Started cycle #44 *****
Mon May 02 20:58:35 BRT 2016   FINEST   [cycle 44] environmental fact: sigmaA(companyC2)
Mon May 02 20:58:35 BRT 2016   FINEST   ***** Started cycle #45 *****
Mon May 02 20:58:35 BRT 2016   FINEST   [cycle 45] environmental fact: sigmaE(bid(1900)[sai__agent(companyC2)])
Mon May 02 20:58:35 BRT 2016   FINEST   ***** Started cycle #46 *****
Mon May 02 20:58:35 BRT 2016   FINEST   [cycle 46] environmental fact: sigmaA(companyC4)
Mon May 02 20:58:35 BRT 2016   FINEST   ***** Started cycle #47 *****
Mon May 02 20:58:35 BRT 2016   FINEST   [cycle 47] environmental fact: sigmaE(bid(1900)[sai__agent(companyC4)])
Mon May 02 20:58:35 BRT 2016   FINEST   ***** Started cycle #48 *****
Mon May 02 20:58:35 BRT 2016   FINEST   [cycle 48] environmental fact: sai__replace(nticks(clock,_787),nticks(clock,600))
Mon May 02 20:58:35 BRT 2016   FINEST   ***** Started cycle #49 *****
Mon May 02 20:58:35 BRT 2016   FINEST   [cycle 49] environmental fact: sigmaA(companyC1)
Mon May 02 20:58:35 BRT 2016   FINEST   ***** Started cycle #50 *****
Mon May 02 20:58:35 BRT 2016   FINEST   [cycle 50] environmental fact: sigmaE(bid(1900)[sai__agent(companyC1)])
Mon May 02 20:58:35 BRT 2016   FINEST   ***** Started cycle #51 *****
Mon May 02 20:58:35 BRT 2016   FINEST   [cycle 51] environmental fact: sigmaA(companyC3)
Mon May 02 20:58:35 BRT 2016   FINEST   ***** Started cycle #52 *****
Mon May 02 20:58:35 BRT 2016   FINEST   [cycle 52] environmental fact: sigmaE(bid(1900)[sai__agent(companyC3)])
Mon May 02 20:58:35 BRT 2016   FINEST   ***** Started cycle #53 *****
Mon May 02 20:58:35 BRT 2016   FINEST   [cycle 53] environmental fact: sigmaA(companyD4)
Mon May 02 20:58:35 BRT 2016   FINEST   ***** Started cycle #54 *****
Mon May 02 20:58:35 BRT 2016   FINEST   [cycle 54] environmental fact: sigmaE(bid(9086)[sai__agent(companyD4)])
Mon May 02 20:58:35 BRT 2016   FINEST   ***** Started cycle #55 *****
Mon May 02 20:58:35 BRT 2016   FINEST   [cycle 55] environmental fact: sigmaA(companyD4)
Mon May 02 20:58:35 BRT 2016   FINEST   ***** Started cycle #56 *****
Mon May 02 20:58:35 BRT 2016   FINEST   [cycle 56] environmental fact: sigmaE(bid(6356)[sai__agent(companyD4)])
Mon May 02 20:58:35 BRT 2016   FINEST   ***** Started cycle #57 *****
Mon May 02 20:58:35 BRT 2016   FINEST   [cycle 57] environmental fact: sigmaA(companyD9)
Mon May 02 20:58:35 BRT 2016   FINEST   ***** Started cycle #58 *****
Mon May 02 20:58:35 BRT 2016   FINEST   [cycle 58] environmental fact: sigmaE(bid(10307)[sai__agent(companyD9)])
Mon May 02 20:58:35 BRT 2016   FINEST   ***** Started cycle #59 *****
Mon May 02 20:58:35 BRT 2016   FINEST   [cycle 59] environmental fact: sigmaA(companyD8)
Mon May 02 20:58:35 BRT 2016   FINEST   ***** Started cycle #60 *****
Mon May 02 20:58:35 BRT 2016   FINEST   [cycle 60] environmental fact: sigmaE(bid(1127)[sai__agent(companyD8)])
Mon May 02 20:58:35 BRT 2016   FINEST   ***** Started cycle #61 *****
Mon May 02 20:58:35 BRT 2016   FINEST   [cycle 61] environmental fact: sigmaA(companyD9)
Mon May 02 20:58:35 BRT 2016   FINEST   ***** Started cycle #62 *****
Mon May 02 20:58:35 BRT 2016   FINEST   [cycle 62] environmental fact: sigmaE(bid(9165)[sai__agent(companyD9)])
Mon May 02 20:58:35 BRT 2016   FINEST   ***** Started cycle #63 *****
Mon May 02 20:58:35 BRT 2016   FINEST   [cycle 63] environmental fact: sigmaA(companyD6)
Mon May 02 20:58:35 BRT 2016   FINEST   ***** Started cycle #64 *****
Mon May 02 20:58:35 BRT 2016   FINEST   [cycle 64] environmental fact: sigmaE(bid(4439)[sai__agent(companyD6)])
Mon May 02 20:58:35 BRT 2016   FINEST   ***** Started cycle #65 *****
Mon May 02 20:58:35 BRT 2016   FINEST   [cycle 65] environmental fact: sigmaA(companyD8)
Mon May 02 20:58:35 BRT 2016   FINEST   ***** Started cycle #66 *****
Mon May 02 20:58:35 BRT 2016   FINEST   [cycle 66] environmental fact: sigmaE(bid(10317)[sai__agent(companyD8)])
Mon May 02 20:58:35 BRT 2016   FINEST   ***** Started cycle #67 *****
Mon May 02 20:58:35 BRT 2016   FINEST   [cycle 67] environmental fact: sigmaA(companyD3)
Mon May 02 20:58:35 BRT 2016   FINEST   ***** Started cycle #68 *****
Mon May 02 20:58:35 BRT 2016   FINEST   [cycle 68] environmental fact: sigmaE(bid(3407)[sai__agent(companyD3)])
Mon May 02 20:58:35 BRT 2016   FINEST   ***** Started cycle #69 *****
Mon May 02 20:58:35 BRT 2016   FINEST   [cycle 69] environmental fact: sigmaA(companyD2)
Mon May 02 20:58:35 BRT 2016   FINEST   ***** Started cycle #70 *****
Mon May 02 20:58:35 BRT 2016   FINEST   [cycle 70] environmental fact: sigmaE(bid(1589)[sai__agent(companyD2)])
Mon May 02 20:58:35 BRT 2016   FINEST   ***** Started cycle #71 *****
Mon May 02 20:58:35 BRT 2016   FINEST   [cycle 71] environmental fact: sigmaA(companyD11)
Mon May 02 20:58:35 BRT 2016   FINEST   ***** Started cycle #72 *****
Mon May 02 20:58:35 BRT 2016   FINEST   [cycle 72] environmental fact: sigmaE(bid(8799)[sai__agent(companyD11)])
Mon May 02 20:58:35 BRT 2016   FINEST   ***** Started cycle #73 *****
Mon May 02 20:58:35 BRT 2016   FINEST   [cycle 73] environmental fact: sigmaA(companyD13)
Mon May 02 20:58:35 BRT 2016   FINEST   ***** Started cycle #74 *****
Mon May 02 20:58:35 BRT 2016   FINEST   [cycle 74] environmental fact: sigmaE(bid(7407)[sai__agent(companyD13)])
Mon May 02 20:58:35 BRT 2016   FINEST   ***** Started cycle #75 *****
Mon May 02 20:58:35 BRT 2016   FINEST   [cycle 75] environmental fact: sigmaA(companyD2)
Mon May 02 20:58:35 BRT 2016   FINEST   ***** Started cycle #76 *****
Mon May 02 20:58:35 BRT 2016   FINEST   [cycle 76] environmental fact: sigmaE(bid(7017)[sai__agent(companyD2)])
Mon May 02 20:58:35 BRT 2016   FINEST   ***** Started cycle #77 *****
Mon May 02 20:58:35 BRT 2016   FINEST   [cycle 77] environmental fact: sigmaA(companyD5)
Mon May 02 20:58:35 BRT 2016   FINEST   ***** Started cycle #78 *****
Mon May 02 20:58:35 BRT 2016   FINEST   [cycle 78] environmental fact: sigmaE(bid(5858)[sai__agent(companyD5)])
Mon May 02 20:58:35 BRT 2016   FINEST   ***** Started cycle #79 *****
Mon May 02 20:58:35 BRT 2016   FINEST   [cycle 79] environmental fact: sigmaA(companyD2)
Mon May 02 20:58:35 BRT 2016   FINEST   ***** Started cycle #80 *****
Mon May 02 20:58:35 BRT 2016   FINEST   [cycle 80] environmental fact: sigmaE(bid(9457)[sai__agent(companyD2)])
Mon May 02 20:58:35 BRT 2016   FINEST   ***** Started cycle #81 *****
Mon May 02 20:58:35 BRT 2016   FINEST   [cycle 81] environmental fact: sigmaA(companyD6)
Mon May 02 20:58:35 BRT 2016   FINEST   ***** Started cycle #82 *****
Mon May 02 20:58:35 BRT 2016   FINEST   [cycle 82] environmental fact: sigmaE(bid(10106)[sai__agent(companyD6)])
Mon May 02 20:58:35 BRT 2016   FINEST   ***** Started cycle #83 *****
Mon May 02 20:58:35 BRT 2016   FINEST   [cycle 83] environmental fact: sigmaA(companyD3)
Mon May 02 20:58:35 BRT 2016   FINEST   ***** Started cycle #84 *****
Mon May 02 20:58:35 BRT 2016   FINEST   [cycle 84] environmental fact: sigmaE(bid(4571)[sai__agent(companyD3)])
Mon May 02 20:58:35 BRT 2016   FINEST   ***** Started cycle #85 *****
Mon May 02 20:58:35 BRT 2016   FINEST   [cycle 85] environmental fact: sigmaA(companyD5)
Mon May 02 20:58:35 BRT 2016   FINEST   ***** Started cycle #86 *****
Mon May 02 20:58:35 BRT 2016   FINEST   [cycle 86] environmental fact: sigmaE(bid(3034)[sai__agent(companyD5)])
Mon May 02 20:58:35 BRT 2016   FINEST   ***** Started cycle #87 *****
Mon May 02 20:58:35 BRT 2016   FINEST   [cycle 87] environmental fact: sigmaA(companyD12)
Mon May 02 20:58:35 BRT 2016   FINEST   ***** Started cycle #88 *****
Mon May 02 20:58:35 BRT 2016   FINEST   [cycle 88] environmental fact: sigmaE(bid(4137)[sai__agent(companyD12)])
Mon May 02 20:58:35 BRT 2016   FINEST   ***** Started cycle #89 *****
Mon May 02 20:58:35 BRT 2016   FINEST   [cycle 89] environmental fact: sigmaA(companyD9)
Mon May 02 20:58:35 BRT 2016   FINEST   ***** Started cycle #90 *****
Mon May 02 20:58:35 BRT 2016   FINEST   [cycle 90] environmental fact: sigmaE(bid(4416)[sai__agent(companyD9)])
Mon May 02 20:58:35 BRT 2016   FINEST   ***** Started cycle #91 *****
Mon May 02 20:58:35 BRT 2016   FINEST   [cycle 91] environmental fact: sai__replace(currentBid(auction_for_WindowsDoors,_976),currentBid(auction_for_WindowsDoors,1514))
Mon May 02 20:58:35 BRT 2016   FINEST   ***** Started cycle #92 *****
Mon May 02 20:58:35 BRT 2016   FINEST   [cycle 92] environmental fact: sai__replace(currentWinner(auction_for_WindowsDoors,_977),currentWinner(auction_for_WindowsDoors,companyD7))
Mon May 02 20:58:35 BRT 2016   FINEST   ***** Started cycle #93 *****
Mon May 02 20:58:35 BRT 2016   FINEST   [cycle 93] environmental fact: sigmaA(companyD7)
Mon May 02 20:58:35 BRT 2016   FINEST   ***** Started cycle #94 *****
Mon May 02 20:58:35 BRT 2016   FINEST   [cycle 94] environmental fact: sigmaE(bid(1514)[sai__agent(companyD7)])
Mon May 02 20:58:35 BRT 2016   FINEST   ***** Started cycle #95 *****
Mon May 02 20:58:35 BRT 2016   FINEST   [cycle 95] environmental fact: sigmaA(companyD11)
Mon May 02 20:58:35 BRT 2016   FINEST   ***** Started cycle #96 *****
Mon May 02 20:58:35 BRT 2016   FINEST   [cycle 96] environmental fact: sigmaE(bid(995)[sai__agent(companyD11)])
Mon May 02 20:58:35 BRT 2016   FINEST   ***** Started cycle #97 *****
Mon May 02 20:58:35 BRT 2016   FINEST   [cycle 97] environmental fact: sai__replace(nticks(clock,_1020),nticks(clock,800))
Mon May 02 20:58:35 BRT 2016   FINEST   ***** Started cycle #98 *****
Mon May 02 20:58:35 BRT 2016   FINEST   [cycle 98] environmental fact: sigmaA(companyD12)
Mon May 02 20:58:35 BRT 2016   FINEST   ***** Started cycle #99 *****
Mon May 02 20:58:35 BRT 2016   FINEST   [cycle 99] environmental fact: sigmaE(bid(4118)[sai__agent(companyD12)])
Mon May 02 20:58:35 BRT 2016   FINEST   ***** Started cycle #100 *****
Mon May 02 20:58:35 BRT 2016   FINEST   [cycle 100] environmental fact: sigmaA(companyD7)
Mon May 02 20:58:35 BRT 2016   FINEST   ***** Started cycle #101 *****
Mon May 02 20:58:35 BRT 2016   FINEST   [cycle 101] environmental fact: sigmaE(bid(5144)[sai__agent(companyD7)])
Mon May 02 20:58:35 BRT 2016   FINEST   ***** Started cycle #102 *****
Mon May 02 20:58:35 BRT 2016   FINEST   [cycle 102] environmental fact: sigmaA(companyD4)
Mon May 02 20:58:35 BRT 2016   FINEST   ***** Started cycle #103 *****
Mon May 02 20:58:35 BRT 2016   FINEST   [cycle 103] environmental fact: sigmaE(bid(9008)[sai__agent(companyD4)])
Mon May 02 20:58:35 BRT 2016   FINEST   ***** Started cycle #104 *****
Mon May 02 20:58:35 BRT 2016   FINEST   [cycle 104] environmental fact: sigmaA(companyD13)
Mon May 02 20:58:35 BRT 2016   FINEST   ***** Started cycle #105 *****
Mon May 02 20:58:35 BRT 2016   FINEST   [cycle 105] environmental fact: sigmaE(bid(1448)[sai__agent(companyD13)])
Mon May 02 20:58:35 BRT 2016   FINEST   ***** Started cycle #106 *****
Mon May 02 20:58:35 BRT 2016   FINEST   [cycle 106] environmental fact: sigmaA(companyD7)
Mon May 02 20:58:35 BRT 2016   FINEST   ***** Started cycle #107 *****
Mon May 02 20:58:35 BRT 2016   FINEST   [cycle 107] environmental fact: sigmaE(bid(7972)[sai__agent(companyD7)])
Mon May 02 20:58:35 BRT 2016   FINEST   ***** Started cycle #108 *****
Mon May 02 20:58:35 BRT 2016   FINEST   [cycle 108] environmental fact: sigmaA(companyD4)
Mon May 02 20:58:35 BRT 2016   FINEST   ***** Started cycle #109 *****
Mon May 02 20:58:35 BRT 2016   FINEST   [cycle 109] environmental fact: sigmaA(companyD1)
Mon May 02 20:58:35 BRT 2016   FINEST   ***** Started cycle #110 *****
Mon May 02 20:58:35 BRT 2016   FINEST   [cycle 110] environmental fact: sigmaE(bid(10605)[sai__agent(companyD4)])
Mon May 02 20:58:35 BRT 2016   FINEST   ***** Started cycle #111 *****
Mon May 02 20:58:35 BRT 2016   FINEST   [cycle 111] environmental fact: sigmaE(bid(2015)[sai__agent(companyD1)])
Mon May 02 20:58:35 BRT 2016   FINEST   ***** Started cycle #112 *****
Mon May 02 20:58:35 BRT 2016   FINEST   [cycle 112] environmental fact: sigmaA(companyD10)
Mon May 02 20:58:35 BRT 2016   FINEST   ***** Started cycle #113 *****
Mon May 02 20:58:35 BRT 2016   FINEST   [cycle 113] environmental fact: sigmaE(bid(9489)[sai__agent(companyD10)])
Mon May 02 20:58:35 BRT 2016   FINEST   ***** Started cycle #114 *****
Mon May 02 20:58:35 BRT 2016   FINEST   [cycle 114] environmental fact: sigmaA(companyD10)
Mon May 02 20:58:35 BRT 2016   FINEST   ***** Started cycle #115 *****
Mon May 02 20:58:35 BRT 2016   FINEST   [cycle 115] environmental fact: sigmaE(bid(4201)[sai__agent(companyD10)])
Mon May 02 20:58:35 BRT 2016   FINEST   ***** Started cycle #116 *****
Mon May 02 20:58:35 BRT 2016   FINEST   [cycle 116] environmental fact: sigmaA(companyD13)
Mon May 02 20:58:35 BRT 2016   FINEST   ***** Started cycle #117 *****
Mon May 02 20:58:35 BRT 2016   FINEST   [cycle 117] environmental fact: sigmaE(bid(3984)[sai__agent(companyD13)])
Mon May 02 20:58:35 BRT 2016   FINEST   ***** Started cycle #118 *****
Mon May 02 20:58:35 BRT 2016   FINEST   [cycle 118] environmental fact: sigmaA(companyD12)
Mon May 02 20:58:35 BRT 2016   FINEST   ***** Started cycle #119 *****
Mon May 02 20:58:35 BRT 2016   FINEST   [cycle 119] environmental fact: sigmaE(bid(2310)[sai__agent(companyD12)])
Mon May 02 20:58:35 BRT 2016   FINEST   ***** Started cycle #120 *****
Mon May 02 20:58:35 BRT 2016   FINEST   [cycle 120] environmental fact: sigmaA(companyD11)
Mon May 02 20:58:35 BRT 2016   FINEST   ***** Started cycle #121 *****
Mon May 02 20:58:35 BRT 2016   FINEST   [cycle 121] environmental fact: sigmaE(bid(3440)[sai__agent(companyD11)])
Mon May 02 20:58:35 BRT 2016   FINEST   ***** Started cycle #122 *****
Mon May 02 20:58:35 BRT 2016   FINEST   [cycle 122] environmental fact: sigmaA(companyD11)
Mon May 02 20:58:35 BRT 2016   FINEST   ***** Started cycle #123 *****
Mon May 02 20:58:35 BRT 2016   FINEST   [cycle 123] environmental fact: sigmaE(bid(2695)[sai__agent(companyD11)])
Mon May 02 20:58:35 BRT 2016   FINEST   ***** Started cycle #124 *****
Mon May 02 20:58:35 BRT 2016   FINEST   [cycle 124] environmental fact: sigmaA(companyD1)
Mon May 02 20:58:35 BRT 2016   FINEST   ***** Started cycle #125 *****
Mon May 02 20:58:35 BRT 2016   FINEST   [cycle 125] environmental fact: sigmaE(bid(1547)[sai__agent(companyD1)])
Mon May 02 20:58:35 BRT 2016   FINEST   ***** Started cycle #126 *****
Mon May 02 20:58:35 BRT 2016   FINEST   [cycle 126] environmental fact: sigmaA(companyD7)
Mon May 02 20:58:35 BRT 2016   FINEST   ***** Started cycle #127 *****
Mon May 02 20:58:35 BRT 2016   FINEST   [cycle 127] environmental fact: sigmaE(bid(3899)[sai__agent(companyD7)])
Mon May 02 20:58:35 BRT 2016   FINEST   ***** Started cycle #128 *****
Mon May 02 20:58:35 BRT 2016   FINEST   [cycle 128] environmental fact: sigmaA(companyD3)
Mon May 02 20:58:35 BRT 2016   FINEST   ***** Started cycle #129 *****
Mon May 02 20:58:35 BRT 2016   FINEST   [cycle 129] environmental fact: sigmaE(bid(5144)[sai__agent(companyD3)])
Mon May 02 20:58:35 BRT 2016   FINEST   ***** Started cycle #130 *****
Mon May 02 20:58:35 BRT 2016   FINEST   [cycle 130] environmental fact: sigmaA(companyD9)
Mon May 02 20:58:35 BRT 2016   FINEST   ***** Started cycle #131 *****
Mon May 02 20:58:35 BRT 2016   FINEST   [cycle 131] environmental fact: sigmaE(bid(4165)[sai__agent(companyD9)])
Mon May 02 20:58:35 BRT 2016   FINEST   ***** Started cycle #132 *****
Mon May 02 20:58:35 BRT 2016   FINEST   [cycle 132] environmental fact: sigmaA(companyD7)
Mon May 02 20:58:35 BRT 2016   FINEST   ***** Started cycle #133 *****
Mon May 02 20:58:35 BRT 2016   FINEST   [cycle 133] environmental fact: sigmaE(bid(3945)[sai__agent(companyD7)])
Mon May 02 20:58:35 BRT 2016   FINEST   ***** Started cycle #134 *****
Mon May 02 20:58:35 BRT 2016   FINEST   [cycle 134] environmental fact: sigmaA(companyD2)
Mon May 02 20:58:35 BRT 2016   FINEST   ***** Started cycle #135 *****
Mon May 02 20:58:35 BRT 2016   FINEST   [cycle 135] environmental fact: sigmaE(bid(7058)[sai__agent(companyD2)])
Mon May 02 20:58:35 BRT 2016   FINEST   ***** Started cycle #136 *****
Mon May 02 20:58:35 BRT 2016   FINEST   [cycle 136] environmental fact: sigmaA(companyD1)
Mon May 02 20:58:35 BRT 2016   FINEST   ***** Started cycle #137 *****
Mon May 02 20:58:35 BRT 2016   FINEST   [cycle 137] environmental fact: sigmaE(bid(8415)[sai__agent(companyD1)])
Mon May 02 20:58:35 BRT 2016   FINEST   ***** Started cycle #138 *****
Mon May 02 20:58:35 BRT 2016   FINEST   [cycle 138] environmental fact: sigmaA(companyD6)
Mon May 02 20:58:35 BRT 2016   FINEST   ***** Started cycle #139 *****
Mon May 02 20:58:35 BRT 2016   FINEST   [cycle 139] environmental fact: sigmaE(bid(6567)[sai__agent(companyD6)])
Mon May 02 20:58:35 BRT 2016   FINEST   ***** Started cycle #140 *****
Mon May 02 20:58:35 BRT 2016   FINEST   [cycle 140] environmental fact: sigmaA(companyD2)
Mon May 02 20:58:35 BRT 2016   FINEST   ***** Started cycle #141 *****
Mon May 02 20:58:35 BRT 2016   FINEST   [cycle 141] environmental fact: sigmaE(bid(3622)[sai__agent(companyD2)])
Mon May 02 20:58:36 BRT 2016   FINEST   ***** Started cycle #142 *****
Mon May 02 20:58:36 BRT 2016   FINEST   [cycle 142] environmental fact: sigmaA(companyD9)
Mon May 02 20:58:36 BRT 2016   FINEST   ***** Started cycle #143 *****
Mon May 02 20:58:36 BRT 2016   FINEST   [cycle 143] environmental fact: sigmaE(bid(2468)[sai__agent(companyD9)])
Mon May 02 20:58:36 BRT 2016   FINEST   ***** Started cycle #144 *****
Mon May 02 20:58:36 BRT 2016   FINEST   [cycle 144] environmental fact: sigmaA(companyD13)
Mon May 02 20:58:36 BRT 2016   FINEST   ***** Started cycle #145 *****
Mon May 02 20:58:36 BRT 2016   FINEST   [cycle 145] environmental fact: sigmaE(bid(6368)[sai__agent(companyD13)])
Mon May 02 20:58:36 BRT 2016   FINEST   ***** Started cycle #146 *****
Mon May 02 20:58:36 BRT 2016   FINEST   [cycle 146] environmental fact: sigmaA(companyD1)
Mon May 02 20:58:36 BRT 2016   FINEST   ***** Started cycle #147 *****
Mon May 02 20:58:36 BRT 2016   FINEST   [cycle 147] environmental fact: sigmaE(bid(9925)[sai__agent(companyD1)])
Mon May 02 20:58:36 BRT 2016   FINEST   ***** Started cycle #148 *****
Mon May 02 20:58:36 BRT 2016   FINEST   [cycle 148] environmental fact: sigmaA(companyD10)
Mon May 02 20:58:36 BRT 2016   FINEST   ***** Started cycle #149 *****
Mon May 02 20:58:36 BRT 2016   FINEST   [cycle 149] environmental fact: sigmaE(bid(9815)[sai__agent(companyD10)])
Mon May 02 20:58:36 BRT 2016   FINEST   ***** Started cycle #150 *****
Mon May 02 20:58:36 BRT 2016   FINEST   [cycle 150] environmental fact: sigmaA(companyD12)
Mon May 02 20:58:36 BRT 2016   FINEST   ***** Started cycle #151 *****
Mon May 02 20:58:36 BRT 2016   FINEST   [cycle 151] environmental fact: sigmaE(bid(4455)[sai__agent(companyD12)])
Mon May 02 20:58:36 BRT 2016   FINEST   ***** Started cycle #152 *****
Mon May 02 20:58:36 BRT 2016   FINEST   [cycle 152] environmental fact: sigmaA(companyD6)
Mon May 02 20:58:36 BRT 2016   FINEST   ***** Started cycle #153 *****
Mon May 02 20:58:36 BRT 2016   FINEST   [cycle 153] environmental fact: sigmaE(bid(6596)[sai__agent(companyD6)])
Mon May 02 20:58:36 BRT 2016   FINEST   ***** Started cycle #154 *****
Mon May 02 20:58:36 BRT 2016   FINEST   [cycle 154] environmental fact: sigmaA(companyD1)
Mon May 02 20:58:36 BRT 2016   FINEST   ***** Started cycle #155 *****
Mon May 02 20:58:36 BRT 2016   FINEST   [cycle 155] environmental fact: sigmaE(bid(4745)[sai__agent(companyD1)])
Mon May 02 20:58:36 BRT 2016   FINEST   ***** Started cycle #156 *****
Mon May 02 20:58:36 BRT 2016   FINEST   [cycle 156] environmental fact: sigmaA(companyD6)
Mon May 02 20:58:36 BRT 2016   FINEST   ***** Started cycle #157 *****
Mon May 02 20:58:36 BRT 2016   FINEST   [cycle 157] environmental fact: sigmaE(bid(6858)[sai__agent(companyD6)])
Mon May 02 20:58:36 BRT 2016   FINEST   ***** Started cycle #158 *****
Mon May 02 20:58:36 BRT 2016   FINEST   [cycle 158] environmental fact: sigmaA(companyD5)
Mon May 02 20:58:36 BRT 2016   FINEST   ***** Started cycle #159 *****
Mon May 02 20:58:36 BRT 2016   FINEST   [cycle 159] environmental fact: sigmaE(bid(4461)[sai__agent(companyD5)])
Mon May 02 20:58:36 BRT 2016   FINEST   ***** Started cycle #160 *****
Mon May 02 20:58:36 BRT 2016   FINEST   [cycle 160] environmental fact: sigmaA(companyD11)
Mon May 02 20:58:36 BRT 2016   FINEST   ***** Started cycle #161 *****
Mon May 02 20:58:36 BRT 2016   FINEST   [cycle 161] environmental fact: sigmaE(bid(9598)[sai__agent(companyD11)])
Mon May 02 20:58:36 BRT 2016   FINEST   ***** Started cycle #162 *****
Mon May 02 20:58:36 BRT 2016   FINEST   [cycle 162] environmental fact: sigmaA(companyD7)
Mon May 02 20:58:36 BRT 2016   FINEST   ***** Started cycle #163 *****
Mon May 02 20:58:36 BRT 2016   FINEST   [cycle 163] environmental fact: sigmaE(bid(8178)[sai__agent(companyD7)])
Mon May 02 20:58:36 BRT 2016   FINEST   ***** Started cycle #164 *****
Mon May 02 20:58:36 BRT 2016   FINEST   [cycle 164] environmental fact: sigmaA(companyD13)
Mon May 02 20:58:36 BRT 2016   FINEST   ***** Started cycle #165 *****
Mon May 02 20:58:36 BRT 2016   FINEST   [cycle 165] environmental fact: sigmaE(bid(3161)[sai__agent(companyD13)])
Mon May 02 20:58:36 BRT 2016   FINEST   ***** Started cycle #166 *****
Mon May 02 20:58:36 BRT 2016   FINEST   [cycle 166] environmental fact: sigmaA(companyD3)
Mon May 02 20:58:36 BRT 2016   FINEST   ***** Started cycle #167 *****
Mon May 02 20:58:36 BRT 2016   FINEST   [cycle 167] environmental fact: sigmaE(bid(1717)[sai__agent(companyD3)])
Mon May 02 20:58:36 BRT 2016   FINEST   ***** Started cycle #168 *****
Mon May 02 20:58:36 BRT 2016   FINEST   [cycle 168] environmental fact: sigmaA(companyD4)
Mon May 02 20:58:36 BRT 2016   FINEST   ***** Started cycle #169 *****
Mon May 02 20:58:36 BRT 2016   FINEST   [cycle 169] environmental fact: sigmaE(bid(6887)[sai__agent(companyD4)])
Mon May 02 20:58:36 BRT 2016   FINEST   ***** Started cycle #170 *****
Mon May 02 20:58:36 BRT 2016   FINEST   [cycle 170] environmental fact: sigmaA(companyD5)
Mon May 02 20:58:36 BRT 2016   FINEST   ***** Started cycle #171 *****
Mon May 02 20:58:36 BRT 2016   FINEST   [cycle 171] environmental fact: sigmaE(bid(9461)[sai__agent(companyD5)])
Mon May 02 20:58:36 BRT 2016   FINEST   ***** Started cycle #172 *****
Mon May 02 20:58:36 BRT 2016   FINEST   [cycle 172] environmental fact: sigmaE(bid(10195)[sai__agent(companyD4)])
Mon May 02 20:58:36 BRT 2016   FINEST   ***** Started cycle #173 *****
Mon May 02 20:58:36 BRT 2016   FINEST   [cycle 173] environmental fact: sigmaA(companyD8)
Mon May 02 20:58:36 BRT 2016   FINEST   ***** Started cycle #174 *****
Mon May 02 20:58:36 BRT 2016   FINEST   [cycle 174] environmental fact: sigmaE(bid(9188)[sai__agent(companyD8)])
Mon May 02 20:58:36 BRT 2016   FINEST   ***** Started cycle #175 *****
Mon May 02 20:58:36 BRT 2016   FINEST   [cycle 175] environmental fact: sigmaA(companyD6)
Mon May 02 20:58:36 BRT 2016   FINEST   ***** Started cycle #176 *****
Mon May 02 20:58:36 BRT 2016   FINEST   [cycle 176] environmental fact: sigmaE(bid(6089)[sai__agent(companyD6)])
Mon May 02 20:58:36 BRT 2016   FINEST   ***** Started cycle #177 *****
Mon May 02 20:58:36 BRT 2016   FINEST   [cycle 177] environmental fact: sigmaA(companyD5)
Mon May 02 20:58:36 BRT 2016   FINEST   ***** Started cycle #178 *****
Mon May 02 20:58:36 BRT 2016   FINEST   [cycle 178] environmental fact: sigmaE(bid(2444)[sai__agent(companyD5)])
Mon May 02 20:58:36 BRT 2016   FINEST   ***** Started cycle #179 *****
Mon May 02 20:58:36 BRT 2016   FINEST   [cycle 179] environmental fact: sigmaA(companyD7)
Mon May 02 20:58:36 BRT 2016   FINEST   ***** Started cycle #180 *****
Mon May 02 20:58:36 BRT 2016   FINEST   [cycle 180] environmental fact: sigmaE(bid(3090)[sai__agent(companyD7)])
Mon May 02 20:58:36 BRT 2016   FINEST   ***** Started cycle #181 *****
Mon May 02 20:58:36 BRT 2016   FINEST   [cycle 181] environmental fact: sigmaA(companyD1)
Mon May 02 20:58:36 BRT 2016   FINEST   ***** Started cycle #182 *****
Mon May 02 20:58:36 BRT 2016   FINEST   [cycle 182] environmental fact: sigmaE(bid(6787)[sai__agent(companyD1)])
Mon May 02 20:58:36 BRT 2016   FINEST   ***** Started cycle #183 *****
Mon May 02 20:58:36 BRT 2016   FINEST   [cycle 183] environmental fact: sigmaA(companyD9)
Mon May 02 20:58:36 BRT 2016   FINEST   ***** Started cycle #184 *****
Mon May 02 20:58:36 BRT 2016   FINEST   [cycle 184] environmental fact: sigmaE(bid(6521)[sai__agent(companyD9)])
Mon May 02 20:58:36 BRT 2016   FINEST   ***** Started cycle #185 *****
Mon May 02 20:58:36 BRT 2016   FINEST   [cycle 185] environmental fact: sigmaA(companyD3)
Mon May 02 20:58:36 BRT 2016   FINEST   ***** Started cycle #186 *****
Mon May 02 20:58:36 BRT 2016   FINEST   [cycle 186] environmental fact: sigmaE(bid(7093)[sai__agent(companyD3)])
Mon May 02 20:58:36 BRT 2016   FINEST   ***** Started cycle #187 *****
Mon May 02 20:58:36 BRT 2016   FINEST   [cycle 187] environmental fact: sigmaA(companyD3)
Mon May 02 20:58:36 BRT 2016   FINEST   ***** Started cycle #188 *****
Mon May 02 20:58:36 BRT 2016   FINEST   [cycle 188] environmental fact: sigmaE(bid(7035)[sai__agent(companyD3)])
Mon May 02 20:58:36 BRT 2016   FINEST   ***** Started cycle #189 *****
Mon May 02 20:58:36 BRT 2016   FINEST   [cycle 189] environmental fact: sigmaA(companyD8)
Mon May 02 20:58:36 BRT 2016   FINEST   ***** Started cycle #190 *****
Mon May 02 20:58:36 BRT 2016   FINEST   [cycle 190] environmental fact: sigmaE(bid(10567)[sai__agent(companyD8)])
Mon May 02 20:58:36 BRT 2016   FINEST   ***** Started cycle #191 *****
Mon May 02 20:58:36 BRT 2016   FINEST   [cycle 191] environmental fact: sigmaA(companyD11)
Mon May 02 20:58:36 BRT 2016   FINEST   ***** Started cycle #192 *****
Mon May 02 20:58:36 BRT 2016   FINEST   [cycle 192] environmental fact: sigmaE(bid(10224)[sai__agent(companyD11)])
Mon May 02 20:58:36 BRT 2016   FINEST   ***** Started cycle #193 *****
Mon May 02 20:58:36 BRT 2016   FINEST   [cycle 193] environmental fact: sigmaA(companyD2)
Mon May 02 20:58:36 BRT 2016   FINEST   ***** Started cycle #194 *****
Mon May 02 20:58:36 BRT 2016   FINEST   [cycle 194] environmental fact: sigmaE(bid(3711)[sai__agent(companyD2)])
Mon May 02 20:58:36 BRT 2016   FINEST   ***** Started cycle #195 *****
Mon May 02 20:58:36 BRT 2016   FINEST   [cycle 195] environmental fact: sai__replace(nticks(clock,_1302),nticks(clock,1000))
Mon May 02 20:58:36 BRT 2016   FINEST   ***** Started cycle #196 *****
Mon May 02 20:58:36 BRT 2016   FINEST   [cycle 196] environmental fact: sigmaA(companyD8)
Mon May 02 20:58:36 BRT 2016   FINEST   ***** Started cycle #197 *****
Mon May 02 20:58:36 BRT 2016   FINEST   [cycle 197] environmental fact: sigmaE(bid(6592)[sai__agent(companyD8)])
Mon May 02 20:58:36 BRT 2016   FINEST   ***** Started cycle #198 *****
Mon May 02 20:58:36 BRT 2016   FINEST   [cycle 198] environmental fact: sigmaA(companyD10)
Mon May 02 20:58:36 BRT 2016   FINEST   ***** Started cycle #199 *****
Mon May 02 20:58:36 BRT 2016   FINEST   [cycle 199] environmental fact: sigmaE(bid(6163)[sai__agent(companyD10)])
Mon May 02 20:58:36 BRT 2016   FINEST   ***** Started cycle #200 *****
Mon May 02 20:58:36 BRT 2016   FINEST   [cycle 200] environmental fact: sigmaA(companyD3)
Mon May 02 20:58:36 BRT 2016   FINEST   ***** Started cycle #201 *****
Mon May 02 20:58:36 BRT 2016   FINEST   [cycle 201] environmental fact: sigmaE(bid(10237)[sai__agent(companyD3)])
Mon May 02 20:58:36 BRT 2016   FINEST   ***** Started cycle #202 *****
Mon May 02 20:58:36 BRT 2016   FINEST   [cycle 202] environmental fact: sigmaA(companyD6)
Mon May 02 20:58:36 BRT 2016   FINEST   ***** Started cycle #203 *****
Mon May 02 20:58:36 BRT 2016   FINEST   [cycle 203] environmental fact: sigmaE(bid(3356)[sai__agent(companyD6)])
Mon May 02 20:58:36 BRT 2016   FINEST   ***** Started cycle #204 *****
Mon May 02 20:58:36 BRT 2016   FINEST   [cycle 204] environmental fact: sigmaA(companyD5)
Mon May 02 20:58:36 BRT 2016   FINEST   ***** Started cycle #205 *****
Mon May 02 20:58:36 BRT 2016   FINEST   [cycle 205] environmental fact: sigmaE(bid(8204)[sai__agent(companyD5)])
Mon May 02 20:58:36 BRT 2016   FINEST   ***** Started cycle #206 *****
Mon May 02 20:58:36 BRT 2016   FINEST   [cycle 206] environmental fact: sigmaA(companyD5)
Mon May 02 20:58:36 BRT 2016   FINEST   ***** Started cycle #207 *****
Mon May 02 20:58:36 BRT 2016   FINEST   [cycle 207] environmental fact: sigmaE(bid(7081)[sai__agent(companyD5)])
Mon May 02 20:58:36 BRT 2016   FINEST   ***** Started cycle #208 *****
Mon May 02 20:58:36 BRT 2016   FINEST   [cycle 208] environmental fact: sigmaA(companyD13)
Mon May 02 20:58:36 BRT 2016   FINEST   ***** Started cycle #209 *****
Mon May 02 20:58:36 BRT 2016   FINEST   [cycle 209] environmental fact: sigmaE(bid(10028)[sai__agent(companyD13)])
Mon May 02 20:58:36 BRT 2016   FINEST   ***** Started cycle #210 *****
Mon May 02 20:58:36 BRT 2016   FINEST   [cycle 210] environmental fact: sigmaA(companyD13)
Mon May 02 20:58:36 BRT 2016   FINEST   ***** Started cycle #211 *****
Mon May 02 20:58:36 BRT 2016   FINEST   [cycle 211] environmental fact: sigmaE(bid(5412)[sai__agent(companyD13)])
Mon May 02 20:58:36 BRT 2016   FINEST   ***** Started cycle #212 *****
Mon May 02 20:58:36 BRT 2016   FINEST   [cycle 212] environmental fact: sigmaA(companyD9)
Mon May 02 20:58:36 BRT 2016   FINEST   ***** Started cycle #213 *****
Mon May 02 20:58:36 BRT 2016   FINEST   [cycle 213] environmental fact: sigmaE(bid(9761)[sai__agent(companyD9)])
Mon May 02 20:58:36 BRT 2016   FINEST   ***** Started cycle #214 *****
Mon May 02 20:58:36 BRT 2016   FINEST   [cycle 214] environmental fact: sigmaA(companyD11)
Mon May 02 20:58:36 BRT 2016   FINEST   ***** Started cycle #215 *****
Mon May 02 20:58:36 BRT 2016   FINEST   [cycle 215] environmental fact: sigmaE(bid(5410)[sai__agent(companyD11)])
Mon May 02 20:58:36 BRT 2016   FINEST   ***** Started cycle #216 *****
Mon May 02 20:58:36 BRT 2016   FINEST   [cycle 216] environmental fact: sigmaA(companyD2)
Mon May 02 20:58:36 BRT 2016   FINEST   ***** Started cycle #217 *****
Mon May 02 20:58:36 BRT 2016   FINEST   [cycle 217] environmental fact: sigmaE(bid(3628)[sai__agent(companyD2)])
Mon May 02 20:58:36 BRT 2016   FINEST   ***** Started cycle #218 *****
Mon May 02 20:58:36 BRT 2016   FINEST   [cycle 218] environmental fact: sigmaA(companyD10)
Mon May 02 20:58:36 BRT 2016   FINEST   ***** Started cycle #219 *****
Mon May 02 20:58:36 BRT 2016   FINEST   [cycle 219] environmental fact: sigmaE(bid(8613)[sai__agent(companyD10)])
Mon May 02 20:58:36 BRT 2016   FINEST   ***** Started cycle #220 *****
Mon May 02 20:58:36 BRT 2016   FINEST   [cycle 220] environmental fact: sigmaA(companyD5)
Mon May 02 20:58:36 BRT 2016   FINEST   ***** Started cycle #221 *****
Mon May 02 20:58:36 BRT 2016   FINEST   [cycle 221] environmental fact: sigmaE(bid(4871)[sai__agent(companyD5)])
Mon May 02 20:58:36 BRT 2016   FINEST   ***** Started cycle #222 *****
Mon May 02 20:58:36 BRT 2016   FINEST   [cycle 222] environmental fact: sigmaA(companyD8)
Mon May 02 20:58:36 BRT 2016   FINEST   ***** Started cycle #223 *****
Mon May 02 20:58:36 BRT 2016   FINEST   [cycle 223] environmental fact: sigmaE(bid(6235)[sai__agent(companyD8)])
Mon May 02 20:58:36 BRT 2016   FINEST   ***** Started cycle #224 *****
Mon May 02 20:58:36 BRT 2016   FINEST   [cycle 224] environmental fact: sigmaA(companyD12)
Mon May 02 20:58:36 BRT 2016   FINEST   ***** Started cycle #225 *****
Mon May 02 20:58:36 BRT 2016   FINEST   [cycle 225] environmental fact: sigmaE(bid(3030)[sai__agent(companyD12)])
Mon May 02 20:58:36 BRT 2016   FINEST   ***** Started cycle #226 *****
Mon May 02 20:58:36 BRT 2016   FINEST   [cycle 226] environmental fact: sigmaA(companyD12)
Mon May 02 20:58:36 BRT 2016   FINEST   ***** Started cycle #227 *****
Mon May 02 20:58:36 BRT 2016   FINEST   [cycle 227] environmental fact: sigmaE(bid(4946)[sai__agent(companyD12)])
Mon May 02 20:58:36 BRT 2016   FINEST   ***** Started cycle #228 *****
Mon May 02 20:58:36 BRT 2016   FINEST   [cycle 228] environmental fact: sigmaA(companyD8)
Mon May 02 20:58:36 BRT 2016   FINEST   ***** Started cycle #229 *****
Mon May 02 20:58:36 BRT 2016   FINEST   [cycle 229] environmental fact: sigmaE(bid(3548)[sai__agent(companyD8)])
Mon May 02 20:58:36 BRT 2016   FINEST   ***** Started cycle #230 *****
Mon May 02 20:58:36 BRT 2016   FINEST   [cycle 230] environmental fact: sigmaA(companyD1)
Mon May 02 20:58:36 BRT 2016   FINEST   ***** Started cycle #231 *****
Mon May 02 20:58:36 BRT 2016   FINEST   [cycle 231] environmental fact: sigmaA(companyD10)
Mon May 02 20:58:36 BRT 2016   FINEST   ***** Started cycle #232 *****
Mon May 02 20:58:36 BRT 2016   FINEST   [cycle 232] environmental fact: sigmaE(bid(7720)[sai__agent(companyD1)])
Mon May 02 20:58:36 BRT 2016   FINEST   ***** Started cycle #233 *****
Mon May 02 20:58:36 BRT 2016   FINEST   [cycle 233] environmental fact: sigmaE(bid(10093)[sai__agent(companyD10)])
Mon May 02 20:58:36 BRT 2016   FINEST   ***** Started cycle #234 *****
Mon May 02 20:58:36 BRT 2016   FINEST   [cycle 234] environmental fact: sigmaA(companyD6)
Mon May 02 20:58:36 BRT 2016   FINEST   ***** Started cycle #235 *****
Mon May 02 20:58:36 BRT 2016   FINEST   [cycle 235] environmental fact: sigmaE(bid(6795)[sai__agent(companyD6)])
Mon May 02 20:58:36 BRT 2016   FINEST   ***** Started cycle #236 *****
Mon May 02 20:58:36 BRT 2016   FINEST   [cycle 236] environmental fact: sai__replace(currentBid(auction_for_Floors,_1383),currentBid(auction_for_Floors,900))
Mon May 02 20:58:36 BRT 2016   FINEST   ***** Started cycle #237 *****
Mon May 02 20:58:36 BRT 2016   FINEST   [cycle 237] environmental fact: sai__replace(currentWinner(auction_for_Floors,_1384),currentWinner(auction_for_Floors,companyC5))
Mon May 02 20:58:36 BRT 2016   FINEST   ***** Started cycle #238 *****
Mon May 02 20:58:36 BRT 2016   FINEST   [cycle 238] environmental fact: sigmaE(bid(900)[sai__agent(companyC5)])
Mon May 02 20:58:36 BRT 2016   FINEST   ***** Started cycle #239 *****
Mon May 02 20:58:36 BRT 2016   FINEST   [cycle 239] environmental fact: sigmaE(bid(900)[sai__agent(companyC2)])
Mon May 02 20:58:36 BRT 2016   FINEST   ***** Started cycle #240 *****
Mon May 02 20:58:36 BRT 2016   FINEST   [cycle 240] environmental fact: sigmaE(bid(6471)[sai__agent(companyD9)])
Mon May 02 20:58:36 BRT 2016   FINEST   ***** Started cycle #241 *****
Mon May 02 20:58:36 BRT 2016   FINEST   [cycle 241] environmental fact: sigmaE(bid(900)[sai__agent(companyC4)])
Mon May 02 20:58:36 BRT 2016   FINEST   ***** Started cycle #242 *****
Mon May 02 20:58:36 BRT 2016   FINEST   [cycle 242] environmental fact: sigmaA(companyD12)
Mon May 02 20:58:36 BRT 2016   FINEST   ***** Started cycle #243 *****
Mon May 02 20:58:36 BRT 2016   FINEST   [cycle 243] environmental fact: sigmaE(bid(2642)[sai__agent(companyD12)])
Mon May 02 20:58:36 BRT 2016   FINEST   ***** Started cycle #244 *****
Mon May 02 20:58:36 BRT 2016   FINEST   [cycle 244] environmental fact: sigmaE(bid(3148)[sai__agent(companyD8)])
Mon May 02 20:58:36 BRT 2016   FINEST   ***** Started cycle #245 *****
Mon May 02 20:58:36 BRT 2016   FINEST   [cycle 245] environmental fact: sigmaA(companyD1)
Mon May 02 20:58:36 BRT 2016   FINEST   ***** Started cycle #246 *****
Mon May 02 20:58:36 BRT 2016   FINEST   [cycle 246] environmental fact: sigmaE(bid(6485)[sai__agent(companyD1)])
Mon May 02 20:58:36 BRT 2016   FINEST   ***** Started cycle #247 *****
Mon May 02 20:58:36 BRT 2016   FINEST   [cycle 247] environmental fact: sigmaA(companyD2)
Mon May 02 20:58:36 BRT 2016   FINEST   ***** Started cycle #248 *****
Mon May 02 20:58:36 BRT 2016   FINEST   [cycle 248] environmental fact: sigmaE(bid(1234)[sai__agent(companyD2)])
Mon May 02 20:58:36 BRT 2016   FINEST   ***** Started cycle #249 *****
Mon May 02 20:58:36 BRT 2016   FINEST   [cycle 249] environmental fact: sigmaA(companyD11)
Mon May 02 20:58:36 BRT 2016   FINEST   ***** Started cycle #250 *****
Mon May 02 20:58:36 BRT 2016   FINEST   [cycle 250] environmental fact: sigmaE(bid(8319)[sai__agent(companyD11)])
Mon May 02 20:58:36 BRT 2016   FINEST   ***** Started cycle #251 *****
Mon May 02 20:58:36 BRT 2016   FINEST   [cycle 251] environmental fact: sigmaA(companyD3)
Mon May 02 20:58:36 BRT 2016   FINEST   ***** Started cycle #252 *****
Mon May 02 20:58:36 BRT 2016   FINEST   [cycle 252] environmental fact: sigmaE(bid(3182)[sai__agent(companyD3)])
Mon May 02 20:58:36 BRT 2016   FINEST   ***** Started cycle #253 *****
Mon May 02 20:58:36 BRT 2016   FINEST   [cycle 253] environmental fact: sigmaA(companyD12)
Mon May 02 20:58:36 BRT 2016   FINEST   ***** Started cycle #254 *****
Mon May 02 20:58:36 BRT 2016   FINEST   [cycle 254] environmental fact: sigmaE(bid(3899)[sai__agent(companyD12)])
Mon May 02 20:58:36 BRT 2016   FINEST   ***** Started cycle #255 *****
Mon May 02 20:58:36 BRT 2016   FINEST   [cycle 255] environmental fact: sigmaE(bid(900)[sai__agent(companyC1)])
Mon May 02 20:58:36 BRT 2016   FINEST   ***** Started cycle #256 *****
Mon May 02 20:58:36 BRT 2016   FINEST   [cycle 256] environmental fact: sai__replace(currentBid(auction_for_SitePreparation,_1434),currentBid(auction_for_SitePreparation,1151))
Mon May 02 20:58:36 BRT 2016   FINEST   ***** Started cycle #257 *****
Mon May 02 20:58:36 BRT 2016   FINEST   [cycle 257] environmental fact: sai__replace(currentWinner(auction_for_SitePreparation,_1435),currentWinner(auction_for_SitePreparation,companyD13))
Mon May 02 20:58:36 BRT 2016   FINEST   ***** Started cycle #258 *****
Mon May 02 20:58:36 BRT 2016   FINEST   [cycle 258] environmental fact: sigmaA(companyD13)
Mon May 02 20:58:36 BRT 2016   FINEST   ***** Started cycle #259 *****
Mon May 02 20:58:36 BRT 2016   FINEST   [cycle 259] environmental fact: sigmaE(bid(1151)[sai__agent(companyD13)])
Mon May 02 20:58:36 BRT 2016   FINEST   ***** Started cycle #260 *****
Mon May 02 20:58:36 BRT 2016   FINEST   [cycle 260] environmental fact: sigmaE(bid(900)[sai__agent(companyC3)])
Mon May 02 20:58:36 BRT 2016   FINEST   ***** Started cycle #261 *****
Mon May 02 20:58:36 BRT 2016   FINEST   [cycle 261] environmental fact: sigmaE(bid(1307)[sai__agent(companyD4)])
Mon May 02 20:58:36 BRT 2016   FINEST   ***** Started cycle #262 *****
Mon May 02 20:58:36 BRT 2016   FINEST   [cycle 262] environmental fact: sigmaA(companyD10)
Mon May 02 20:58:36 BRT 2016   FINEST   ***** Started cycle #263 *****
Mon May 02 20:58:36 BRT 2016   FINEST   [cycle 263] environmental fact: sigmaE(bid(6768)[sai__agent(companyD10)])
Mon May 02 20:58:36 BRT 2016   FINEST   ***** Started cycle #264 *****
Mon May 02 20:58:36 BRT 2016   FINEST   [cycle 264] environmental fact: sigmaA(companyD10)
Mon May 02 20:58:36 BRT 2016   FINEST   ***** Started cycle #265 *****
Mon May 02 20:58:36 BRT 2016   FINEST   [cycle 265] environmental fact: sigmaE(bid(2288)[sai__agent(companyD10)])
Mon May 02 20:58:36 BRT 2016   FINEST   ***** Started cycle #266 *****
Mon May 02 20:58:36 BRT 2016   FINEST   [cycle 266] environmental fact: sigmaA(companyD7)
Mon May 02 20:58:36 BRT 2016   FINEST   ***** Started cycle #267 *****
Mon May 02 20:58:36 BRT 2016   FINEST   [cycle 267] environmental fact: sigmaE(bid(3737)[sai__agent(companyD7)])
Mon May 02 20:58:36 BRT 2016   FINEST   ***** Started cycle #268 *****
Mon May 02 20:58:36 BRT 2016   FINEST   [cycle 268] environmental fact: sigmaE(bid(5171)[sai__agent(companyD4)])
Mon May 02 20:58:36 BRT 2016   FINEST   ***** Started cycle #269 *****
Mon May 02 20:58:36 BRT 2016   FINEST   [cycle 269] environmental fact: sai__replace(nticks(clock,_1561),nticks(clock,1200))
Mon May 02 20:58:36 BRT 2016   FINEST   ***** Started cycle #270 *****
Mon May 02 20:58:36 BRT 2016   FINEST   [cycle 270] environmental fact: sai__replace(nticks(clock,_2036),nticks(clock,1400))
Mon May 02 20:58:36 BRT 2016   FINEST   ***** Started cycle #271 *****
Mon May 02 20:58:36 BRT 2016   FINEST   [cycle 271] environmental fact: sai__replace(currentBid(auction_for_Floors,_2689),currentBid(auction_for_Floors,890))
Mon May 02 20:58:36 BRT 2016   FINEST   ***** Started cycle #272 *****
Mon May 02 20:58:36 BRT 2016   FINEST   [cycle 272] environmental fact: sai__replace(currentWinner(auction_for_Floors,_2690),currentWinner(auction_for_Floors,companyE))
Mon May 02 20:58:36 BRT 2016   FINEST   ***** Started cycle #273 *****
Mon May 02 20:58:36 BRT 2016   FINEST   [cycle 273] environmental fact: sigmaE(bid(890)[sai__agent(companyE)])
Mon May 02 20:58:36 BRT 2016   FINEST   ***** Started cycle #274 *****
Mon May 02 20:58:36 BRT 2016   FINEST   [cycle 274] environmental fact: sai__replace(currentBid(auction_for_Walls,_2691),currentBid(auction_for_Walls,900))
Mon May 02 20:58:36 BRT 2016   FINEST   ***** Started cycle #275 *****
Mon May 02 20:58:36 BRT 2016   FINEST   [cycle 275] environmental fact: sai__replace(currentWinner(auction_for_Walls,_2692),currentWinner(auction_for_Walls,companyC4))
Mon May 02 20:58:36 BRT 2016   FINEST   ***** Started cycle #276 *****
Mon May 02 20:58:36 BRT 2016   FINEST   [cycle 276] environmental fact: sigmaE(bid(900)[sai__agent(companyC4)])
Mon May 02 20:58:36 BRT 2016   FINEST   ***** Started cycle #277 *****
Mon May 02 20:58:36 BRT 2016   FINEST   [cycle 277] environmental fact: sigmaE(bid(900)[sai__agent(companyC2)])
Mon May 02 20:58:36 BRT 2016   FINEST   ***** Started cycle #278 *****
Mon May 02 20:58:36 BRT 2016   FINEST   [cycle 278] environmental fact: sai__replace(nticks(clock,_2701),nticks(clock,1600))
Mon May 02 20:58:36 BRT 2016   FINEST   ***** Started cycle #279 *****
Mon May 02 20:58:36 BRT 2016   FINEST   [cycle 279] environmental fact: sigmaE(bid(900)[sai__agent(companyC1)])
Mon May 02 20:58:36 BRT 2016   FINEST   ***** Started cycle #280 *****
Mon May 02 20:58:36 BRT 2016   FINEST   [cycle 280] environmental fact: sigmaE(bid(900)[sai__agent(companyC5)])
Mon May 02 20:58:36 BRT 2016   FINEST   ***** Started cycle #281 *****
Mon May 02 20:58:36 BRT 2016   FINEST   [cycle 281] environmental fact: sigmaE(bid(900)[sai__agent(companyC3)])
Mon May 02 20:58:36 BRT 2016   FINEST   ***** Started cycle #282 *****
Mon May 02 20:58:36 BRT 2016   FINEST   [cycle 282] environmental fact: sai__replace(nticks(clock,_3489),nticks(clock,1800))
Mon May 02 20:58:36 BRT 2016   FINEST   ***** Started cycle #283 *****
Mon May 02 20:58:36 BRT 2016   FINEST   [cycle 283] environmental fact: sai__replace(nticks(clock,_4379),nticks(clock,2000))
Mon May 02 20:58:36 BRT 2016   FINEST   ***** Started cycle #284 *****
Mon May 02 20:58:36 BRT 2016   FINEST   [cycle 284] environmental fact: sai__replace(currentBid(auction_for_Walls,_4738),currentBid(auction_for_Walls,890))
Mon May 02 20:58:36 BRT 2016   FINEST   ***** Started cycle #285 *****
Mon May 02 20:58:36 BRT 2016   FINEST   [cycle 285] environmental fact: sai__replace(currentWinner(auction_for_Walls,_4739),currentWinner(auction_for_Walls,companyE))
Mon May 02 20:58:36 BRT 2016   FINEST   ***** Started cycle #286 *****
Mon May 02 20:58:36 BRT 2016   FINEST   [cycle 286] environmental fact: sigmaE(bid(890)[sai__agent(companyE)])
Mon May 02 20:58:36 BRT 2016   FINEST   ***** Started cycle #287 *****
Mon May 02 20:58:36 BRT 2016   FINEST   [cycle 287] environmental fact: sai__replace(currentBid(auction_for_Roof,_4740),currentBid(auction_for_Roof,1100))
Mon May 02 20:58:36 BRT 2016   FINEST   ***** Started cycle #288 *****
Mon May 02 20:58:36 BRT 2016   FINEST   [cycle 288] environmental fact: sai__replace(currentWinner(auction_for_Roof,_4741),currentWinner(auction_for_Roof,companyC2))
Mon May 02 20:58:36 BRT 2016   FINEST   ***** Started cycle #289 *****
Mon May 02 20:58:36 BRT 2016   FINEST   [cycle 289] environmental fact: sigmaE(bid(1100)[sai__agent(companyC2)])
Mon May 02 20:58:36 BRT 2016   FINEST   ***** Started cycle #290 *****
Mon May 02 20:58:36 BRT 2016   FINEST   [cycle 290] environmental fact: sigmaE(bid(1100)[sai__agent(companyC1)])
Mon May 02 20:58:36 BRT 2016   FINEST   ***** Started cycle #291 *****
Mon May 02 20:58:36 BRT 2016   FINEST   [cycle 291] environmental fact: sigmaE(bid(1100)[sai__agent(companyC5)])
Mon May 02 20:58:36 BRT 2016   FINEST   ***** Started cycle #292 *****
Mon May 02 20:58:36 BRT 2016   FINEST   [cycle 292] environmental fact: sigmaE(bid(1100)[sai__agent(companyC3)])
Mon May 02 20:58:36 BRT 2016   FINEST   ***** Started cycle #294 *****
Mon May 02 20:58:36 BRT 2016   FINEST   [cycle 294] environmental fact: sai__replace(nticks(clock,_5146),nticks(clock,2200))
Mon May 02 20:58:36 BRT 2016   FINEST   ***** Started cycle #295 *****
Mon May 02 20:58:36 BRT 2016   FINEST   [cycle 295] environmental fact: sigmaE(bid(1100)[sai__agent(companyC4)])
Mon May 02 20:58:36 BRT 2016   FINEST   ***** Started cycle #297 *****
Mon May 02 20:58:36 BRT 2016   FINEST   [cycle 297] environmental fact: sai__replace(nticks(clock,_5180),nticks(clock,2400))
Mon May 02 20:58:37 BRT 2016   FINEST   ***** Started cycle #300 *****
Mon May 02 20:58:37 BRT 2016   FINEST   [cycle 300] environmental fact: sai__replace(currentBid(auction_for_Roof,_5198),currentBid(auction_for_Roof,1090))
Mon May 02 20:58:37 BRT 2016   FINEST   ***** Started cycle #301 *****
Mon May 02 20:58:37 BRT 2016   FINEST   [cycle 301] environmental fact: sai__replace(currentWinner(auction_for_Roof,_5199),currentWinner(auction_for_Roof,companyE))
Mon May 02 20:58:37 BRT 2016   FINEST   ***** Started cycle #302 *****
Mon May 02 20:58:37 BRT 2016   FINEST   [cycle 302] environmental fact: sigmaE(bid(1090)[sai__agent(companyE)])
Mon May 02 20:58:37 BRT 2016   FINEST   ***** Started cycle #303 *****
Mon May 02 20:58:37 BRT 2016   FINEST   [cycle 303] environmental fact: sai__replace(nticks(clock,_5200),nticks(clock,2600))
Mon May 02 20:58:37 BRT 2016   FINEST   ***** Started cycle #305 *****
Mon May 02 20:58:37 BRT 2016   FINEST   [cycle 305] environmental fact: sigmaE(bid(2000)[sai__agent(companyC1)])
Mon May 02 20:58:37 BRT 2016   FINEST   ***** Started cycle #306 *****
Mon May 02 20:58:37 BRT 2016   FINEST   [cycle 306] environmental fact: sigmaE(bid(2000)[sai__agent(companyC5)])
Mon May 02 20:58:37 BRT 2016   FINEST   ***** Started cycle #307 *****
Mon May 02 20:58:37 BRT 2016   FINEST   [cycle 307] environmental fact: sigmaE(bid(2000)[sai__agent(companyC3)])
Mon May 02 20:58:37 BRT 2016   FINEST   ***** Started cycle #309 *****
Mon May 02 20:58:37 BRT 2016   FINEST   [cycle 309] environmental fact: sigmaE(bid(2000)[sai__agent(companyC4)])
Mon May 02 20:58:37 BRT 2016   FINEST   ***** Started cycle #310 *****
Mon May 02 20:58:37 BRT 2016   FINEST   [cycle 310] environmental fact: sigmaE(bid(2000)[sai__agent(companyC2)])
Mon May 02 20:58:37 BRT 2016   FINEST   ***** Started cycle #311 *****
Mon May 02 20:58:37 BRT 2016   FINEST   [cycle 311] environmental fact: sai__replace(nticks(clock,_5316),nticks(clock,2800))
Mon May 02 20:58:37 BRT 2016   FINEST   ***** Started cycle #314 *****
Mon May 02 20:58:37 BRT 2016   FINEST   [cycle 314] environmental fact: sai__replace(nticks(clock,_5366),nticks(clock,3000))
Mon May 02 20:58:37 BRT 2016   FINEST   ***** Started cycle #316 *****
Mon May 02 20:58:37 BRT 2016   FINEST   [cycle 316] environmental fact: sai__replace(currentBid(auction_for_ElectricalSystem,_5384),currentBid(auction_for_ElectricalSystem,300))
Mon May 02 20:58:37 BRT 2016   FINEST   ***** Started cycle #317 *****
Mon May 02 20:58:37 BRT 2016   FINEST   [cycle 317] environmental fact: sai__replace(currentWinner(auction_for_ElectricalSystem,_5385),currentWinner(auction_for_ElectricalSystem,companyC1))
Mon May 02 20:58:37 BRT 2016   FINEST   ***** Started cycle #318 *****
Mon May 02 20:58:37 BRT 2016   FINEST   [cycle 318] environmental fact: sigmaE(bid(300)[sai__agent(companyC1)])
Mon May 02 20:58:37 BRT 2016   FINEST   ***** Started cycle #319 *****
Mon May 02 20:58:37 BRT 2016   FINEST   [cycle 319] environmental fact: sigmaE(bid(300)[sai__agent(companyC5)])
Mon May 02 20:58:37 BRT 2016   FINEST   ***** Started cycle #320 *****
Mon May 02 20:58:37 BRT 2016   FINEST   [cycle 320] environmental fact: sigmaE(bid(300)[sai__agent(companyC3)])
Mon May 02 20:58:37 BRT 2016   FINEST   ***** Started cycle #322 *****
Mon May 02 20:58:37 BRT 2016   FINEST   [cycle 322] environmental fact: sai__replace(nticks(clock,_5468),nticks(clock,3200))
Mon May 02 20:58:37 BRT 2016   FINEST   ***** Started cycle #323 *****
Mon May 02 20:58:37 BRT 2016   FINEST   [cycle 323] environmental fact: sigmaE(bid(300)[sai__agent(companyC4)])
Mon May 02 20:58:37 BRT 2016   FINEST   ***** Started cycle #324 *****
Mon May 02 20:58:37 BRT 2016   FINEST   [cycle 324] environmental fact: sigmaE(bid(300)[sai__agent(companyC2)])
Mon May 02 20:58:37 BRT 2016   FINEST   ***** Started cycle #327 *****
Mon May 02 20:58:37 BRT 2016   FINEST   [cycle 327] environmental fact: sai__replace(nticks(clock,_5518),nticks(clock,3400))
Mon May 02 20:58:38 BRT 2016   FINEST   ***** Started cycle #330 *****
Mon May 02 20:58:38 BRT 2016   FINEST   [cycle 330] environmental fact: sai__replace(nticks(clock,_5536),nticks(clock,3600))
Mon May 02 20:58:38 BRT 2016   FINEST   ***** Started cycle #331 *****
Mon May 02 20:58:38 BRT 2016   FINEST   [cycle 331] environmental fact: sai__replace(currentBid(auction_for_Painting,_5537),currentBid(auction_for_Painting,1100))
Mon May 02 20:58:38 BRT 2016   FINEST   ***** Started cycle #332 *****
Mon May 02 20:58:38 BRT 2016   FINEST   [cycle 332] environmental fact: sai__replace(currentWinner(auction_for_Painting,_5538),currentWinner(auction_for_Painting,companyC5))
Mon May 02 20:58:38 BRT 2016   FINEST   ***** Started cycle #333 *****
Mon May 02 20:58:38 BRT 2016   FINEST   [cycle 333] environmental fact: sigmaE(bid(1100)[sai__agent(companyC5)])
Mon May 02 20:58:38 BRT 2016   FINEST   ***** Started cycle #334 *****
Mon May 02 20:58:38 BRT 2016   FINEST   [cycle 334] environmental fact: sigmaE(bid(1100)[sai__agent(companyC3)])
Mon May 02 20:58:38 BRT 2016   FINEST   ***** Started cycle #335 *****
Mon May 02 20:58:38 BRT 2016   FINEST   [cycle 335] environmental fact: sigmaE(bid(1100)[sai__agent(companyC1)])
Mon May 02 20:58:38 BRT 2016   FINEST   ***** Started cycle #337 *****
Mon May 02 20:58:38 BRT 2016   FINEST   [cycle 337] environmental fact: sigmaE(bid(1100)[sai__agent(companyC4)])
Mon May 02 20:58:38 BRT 2016   FINEST   ***** Started cycle #338 *****
Mon May 02 20:58:38 BRT 2016   FINEST   [cycle 338] environmental fact: sigmaE(bid(1100)[sai__agent(companyC2)])
Mon May 02 20:58:38 BRT 2016   FINEST   ***** Started cycle #340 *****
Mon May 02 20:58:38 BRT 2016   FINEST   [cycle 340] environmental fact: sai__replace(nticks(clock,_5670),nticks(clock,3800))
Mon May 02 20:58:38 BRT 2016   FINEST   ***** Started cycle #342 *****
Mon May 02 20:58:38 BRT 2016   FINEST   [cycle 342] environmental fact: sai__replace(nticks(clock,_5688),nticks(clock,4000))
Mon May 02 20:58:38 BRT 2016   FINEST   ***** Started cycle #345 *****
Mon May 02 20:58:38 BRT 2016   FINEST   [cycle 345] environmental fact: sigmaE(bid(900)[sai__agent(companyC1)])
Mon May 02 20:58:38 BRT 2016   FINEST   ***** Started cycle #346 *****
Mon May 02 20:58:38 BRT 2016   FINEST   [cycle 346] environmental fact: sigmaE(bid(900)[sai__agent(companyC3)])
Mon May 02 20:58:38 BRT 2016   FINEST   ***** Started cycle #347 *****
Mon May 02 20:58:38 BRT 2016   FINEST   [cycle 347] environmental fact: sai__replace(nticks(clock,_5706),nticks(clock,4200))
Mon May 02 20:58:38 BRT 2016   FINEST   ***** Started cycle #349 *****
Mon May 02 20:58:38 BRT 2016   FINEST   [cycle 349] environmental fact: sigmaE(bid(900)[sai__agent(companyC4)])
Mon May 02 20:58:38 BRT 2016   FINEST   ***** Started cycle #350 *****
Mon May 02 20:58:38 BRT 2016   FINEST   [cycle 350] environmental fact: sigmaE(bid(900)[sai__agent(companyC2)])
Mon May 02 20:58:38 BRT 2016   FINEST   ***** Started cycle #351 *****
Mon May 02 20:58:38 BRT 2016   FINEST   [cycle 351] environmental fact: sigmaE(bid(900)[sai__agent(companyC5)])
Mon May 02 20:58:38 BRT 2016   FINEST   ***** Started cycle #353 *****
Mon May 02 20:58:38 BRT 2016   FINEST   [cycle 353] environmental fact: sai__replace(nticks(clock,_5804),nticks(clock,4400))
Mon May 02 20:58:39 BRT 2016   FINEST   ***** Started cycle #356 *****
Mon May 02 20:58:39 BRT 2016   FINEST   [cycle 356] environmental fact: sai__replace(nticks(clock,_5822),nticks(clock,4600))
Mon May 02 20:58:39 BRT 2016   FINEST   ***** Started cycle #358 *****
Mon May 02 20:58:39 BRT 2016   FINEST   [cycle 358] environmental fact: sigmaE(bid(900)[sai__agent(companyC1)])
Mon May 02 20:58:39 BRT 2016   FINEST   ***** Started cycle #359 *****
Mon May 02 20:58:39 BRT 2016   FINEST   [cycle 359] environmental fact: sigmaE(bid(900)[sai__agent(companyC3)])
Mon May 02 20:58:39 BRT 2016   FINEST   ***** Started cycle #361 *****
Mon May 02 20:58:39 BRT 2016   FINEST   [cycle 361] environmental fact: sigmaE(bid(900)[sai__agent(companyC4)])
Mon May 02 20:58:39 BRT 2016   FINEST   ***** Started cycle #362 *****
Mon May 02 20:58:39 BRT 2016   FINEST   [cycle 362] environmental fact: sigmaE(bid(900)[sai__agent(companyC2)])
Mon May 02 20:58:39 BRT 2016   FINEST   ***** Started cycle #363 *****
Mon May 02 20:58:39 BRT 2016   FINEST   [cycle 363] environmental fact: sigmaE(bid(900)[sai__agent(companyC5)])
Mon May 02 20:58:39 BRT 2016   FINEST   ***** Started cycle #364 *****
Mon May 02 20:58:39 BRT 2016   FINEST   [cycle 364] environmental fact: sai__replace(nticks(clock,_5872),nticks(clock,4800))
Mon May 02 20:58:39 BRT 2016   FINEST   ***** Started cycle #367 *****
Mon May 02 20:58:39 BRT 2016   FINEST   [cycle 367] environmental fact: sai__replace(nticks(clock,_5938),nticks(clock,5000))
Mon May 02 20:58:39 BRT 2016   FINEST   ***** Started cycle #370 *****
Mon May 02 20:58:39 BRT 2016   FINEST   [cycle 370] environmental fact: sigmaE(bid(1100)[sai__agent(companyC1)])
Mon May 02 20:58:39 BRT 2016   FINEST   ***** Started cycle #371 *****
Mon May 02 20:58:39 BRT 2016   FINEST   [cycle 371] environmental fact: sigmaE(bid(1100)[sai__agent(companyC3)])
Mon May 02 20:58:39 BRT 2016   FINEST   ***** Started cycle #372 *****
Mon May 02 20:58:39 BRT 2016   FINEST   [cycle 372] environmental fact: sai__replace(nticks(clock,_5956),nticks(clock,5200))
Mon May 02 20:58:39 BRT 2016   FINEST   [cycle 372] 1 adding sai__is(currentWinner(auction_for_Painting,companyC5),play(companyC5,painter,"hsh_group"),(nticks(clock,5200)&(5200>5000)))
Mon May 02 20:58:39 BRT 2016   FINEST   [cycle 372] 1 adding sai__is(currentWinner(auction_for_ElectricalSystem,companyC1),play(companyC1,electrician,"hsh_group"),(nticks(clock,5200)&(5200>5000)))
Mon May 02 20:58:39 BRT 2016   FINEST   [cycle 372] 1 adding sai__is(currentWinner(auction_for_Plumbing,companyA),play(companyA,plumber,"hsh_group"),(nticks(clock,5200)&(5200>5000)))
Mon May 02 20:58:39 BRT 2016   FINEST   [cycle 372] 1 adding sai__is(currentWinner(auction_for_WindowsDoors,companyD7),play(companyD7,door_fitter,"hsh_group"),(nticks(clock,5200)&(5200>5000)))
Mon May 02 20:58:39 BRT 2016   FINEST   [cycle 372] 1 adding sai__is(currentWinner(auction_for_WindowsDoors,companyD7),play(companyD7,window_fitter,"hsh_group"),(nticks(clock,5200)&(5200>5000)))
Mon May 02 20:58:39 BRT 2016   FINEST   [cycle 372] 1 adding sai__is(currentWinner(auction_for_Roof,companyE),play(companyE,roofer,"hsh_group"),(nticks(clock,5200)&(5200>5000)))
Mon May 02 20:58:39 BRT 2016   FINEST   [cycle 372] 1 adding sai__is(currentWinner(auction_for_Walls,companyE),play(companyE,bricklayer,"hsh_group"),(nticks(clock,5200)&(5200>5000)))
Mon May 02 20:58:39 BRT 2016   FINEST   [cycle 372] 1 adding sai__is(currentWinner(auction_for_Floors,companyE),play(companyE,bricklayer,"hsh_group"),(nticks(clock,5200)&(5200>5000)))
Mon May 02 20:58:39 BRT 2016   FINEST   [cycle 372] 1 adding sai__is(currentWinner(auction_for_SitePreparation,companyD13),play(companyD13,site_prep_contractor,"hsh_group"),(nticks(clock,5200)&(5200>5000)))
Mon May 02 20:58:39 BRT 2016   FINEST   [cycle 372] 2 adding sai__is(sai__freestandingY,well_formed("hsh_group"),(sai__is(currentWinner(auction_for_ElectricalSystem,companyC1),play(companyC1,electrician,"hsh_group"),_)&(not ((sai__is(Var,play(VarElectrician2,electrician,"hsh_group"),_)&not ((companyC1==VarElectrician2))))&(sai__is(currentWinner(auction_for_SitePreparation,companyD13),play(companyD13,site_prep_contractor,"hsh_group"),_)&(not ((sai__is(Var,play(VarSite_prep_contractor2,site_prep_contractor,"hsh_group"),_)&not ((companyD13==VarSite_prep_contractor2))))&(sai__is(currentWinner(auction_for_Floors,companyE),play(companyE,bricklayer,"hsh_group"),_)&(sai__is(currentWinner(auction_for_Floors,companyE),play(companyE,bricklayer,"hsh_group"),_)&(not ((sai__is(Var,play(VarBricklayer3,bricklayer,"hsh_group"),_)&(not ((companyE==companyE))&not ((companyE==VarBricklayer3)))))&(sai__is(currentWinner(auction_for_Plumbing,companyA),play(companyA,plumber,"hsh_group"),_)&(not ((sai__is(Var,play(VarPlumber2,plumber,"hsh_group"),_)&not ((companyA==VarPlumber2))))&(sai__is(currentWinner(auction_for_WindowsDoors,companyD7),play(companyD7,window_fitter,"hsh_group"),_)&(not ((sai__is(Var,play(VarWindow_fitter2,window_fitter,"hsh_group"),_)&not ((companyD7==VarWindow_fitter2))))&(sai__is(currentWinner(auction_for_WindowsDoors,companyD7),play(companyD7,door_fitter,"hsh_group"),_)&(not ((sai__is(Var,play(VarDoor_fitter2,door_fitter,"hsh_group"),_)&not ((companyD7==VarDoor_fitter2))))&(sai__is(currentWinner(auction_for_Roof,companyE),play(companyE,roofer,"hsh_group"),_)&(not ((sai__is(Var,play(VarRoofer2,roofer,"hsh_group"),_)&not ((companyE==VarRoofer2))))&(sai__is(sai__freestandingY,play(giacomo,house_owner,"hsh_group"),_)&not ((sai__is(Var,play(VarHouse_owner2,house_owner,"hsh_group"),_)&not ((giacomo==VarHouse_owner2)))))))))))))))))))))
Mon May 02 20:58:39 BRT 2016   FINEST   [cycle 372] 2 adding sai__is(sai__freestandingY,well_formed("hsh_group"),(sai__is(currentWinner(auction_for_ElectricalSystem,companyC1),play(companyC1,electrician,"hsh_group"),_)&(not ((sai__is(Var,play(VarElectrician2,electrician,"hsh_group"),_)&not ((companyC1==VarElectrician2))))&(sai__is(currentWinner(auction_for_SitePreparation,companyD13),play(companyD13,site_prep_contractor,"hsh_group"),_)&(not ((sai__is(Var,play(VarSite_prep_contractor2,site_prep_contractor,"hsh_group"),_)&not ((companyD13==VarSite_prep_contractor2))))&(sai__is(currentWinner(auction_for_Floors,companyE),play(companyE,bricklayer,"hsh_group"),_)&(sai__is(currentWinner(auction_for_Walls,companyE),play(companyE,bricklayer,"hsh_group"),_)&(not ((sai__is(Var,play(VarBricklayer3,bricklayer,"hsh_group"),_)&(not ((companyE==companyE))&not ((companyE==VarBricklayer3)))))&(sai__is(currentWinner(auction_for_Plumbing,companyA),play(companyA,plumber,"hsh_group"),_)&(not ((sai__is(Var,play(VarPlumber2,plumber,"hsh_group"),_)&not ((companyA==VarPlumber2))))&(sai__is(currentWinner(auction_for_WindowsDoors,companyD7),play(companyD7,window_fitter,"hsh_group"),_)&(not ((sai__is(Var,play(VarWindow_fitter2,window_fitter,"hsh_group"),_)&not ((companyD7==VarWindow_fitter2))))&(sai__is(currentWinner(auction_for_WindowsDoors,companyD7),play(companyD7,door_fitter,"hsh_group"),_)&(not ((sai__is(Var,play(VarDoor_fitter2,door_fitter,"hsh_group"),_)&not ((companyD7==VarDoor_fitter2))))&(sai__is(currentWinner(auction_for_Roof,companyE),play(companyE,roofer,"hsh_group"),_)&(not ((sai__is(Var,play(VarRoofer2,roofer,"hsh_group"),_)&not ((companyE==VarRoofer2))))&(sai__is(sai__freestandingY,play(giacomo,house_owner,"hsh_group"),_)&not ((sai__is(Var,play(VarHouse_owner2,house_owner,"hsh_group"),_)&not ((giacomo==VarHouse_owner2)))))))))))))))))))))
Mon May 02 20:58:39 BRT 2016   FINEST   [cycle 372] 2 adding sai__is(sai__freestandingY,well_formed("hsh_group"),(sai__is(currentWinner(auction_for_ElectricalSystem,companyC1),play(companyC1,electrician,"hsh_group"),_)&(not ((sai__is(Var,play(VarElectrician2,electrician,"hsh_group"),_)&not ((companyC1==VarElectrician2))))&(sai__is(currentWinner(auction_for_SitePreparation,companyD13),play(companyD13,site_prep_contractor,"hsh_group"),_)&(not ((sai__is(Var,play(VarSite_prep_contractor2,site_prep_contractor,"hsh_group"),_)&not ((companyD13==VarSite_prep_contractor2))))&(sai__is(currentWinner(auction_for_Walls,companyE),play(companyE,bricklayer,"hsh_group"),_)&(sai__is(currentWinner(auction_for_Floors,companyE),play(companyE,bricklayer,"hsh_group"),_)&(not ((sai__is(Var,play(VarBricklayer3,bricklayer,"hsh_group"),_)&(not ((companyE==companyE))&not ((companyE==VarBricklayer3)))))&(sai__is(currentWinner(auction_for_Plumbing,companyA),play(companyA,plumber,"hsh_group"),_)&(not ((sai__is(Var,play(VarPlumber2,plumber,"hsh_group"),_)&not ((companyA==VarPlumber2))))&(sai__is(currentWinner(auction_for_WindowsDoors,companyD7),play(companyD7,window_fitter,"hsh_group"),_)&(not ((sai__is(Var,play(VarWindow_fitter2,window_fitter,"hsh_group"),_)&not ((companyD7==VarWindow_fitter2))))&(sai__is(currentWinner(auction_for_WindowsDoors,companyD7),play(companyD7,door_fitter,"hsh_group"),_)&(not ((sai__is(Var,play(VarDoor_fitter2,door_fitter,"hsh_group"),_)&not ((companyD7==VarDoor_fitter2))))&(sai__is(currentWinner(auction_for_Roof,companyE),play(companyE,roofer,"hsh_group"),_)&(not ((sai__is(Var,play(VarRoofer2,roofer,"hsh_group"),_)&not ((companyE==VarRoofer2))))&(sai__is(sai__freestandingY,play(giacomo,house_owner,"hsh_group"),_)&not ((sai__is(Var,play(VarHouse_owner2,house_owner,"hsh_group"),_)&not ((giacomo==VarHouse_owner2)))))))))))))))))))))
Mon May 02 20:58:39 BRT 2016   FINEST   [cycle 372] 2 adding sai__is(sai__freestandingY,well_formed("hsh_group"),(sai__is(currentWinner(auction_for_ElectricalSystem,companyC1),play(companyC1,electrician,"hsh_group"),_)&(not ((sai__is(Var,play(VarElectrician2,electrician,"hsh_group"),_)&not ((companyC1==VarElectrician2))))&(sai__is(currentWinner(auction_for_SitePreparation,companyD13),play(companyD13,site_prep_contractor,"hsh_group"),_)&(not ((sai__is(Var,play(VarSite_prep_contractor2,site_prep_contractor,"hsh_group"),_)&not ((companyD13==VarSite_prep_contractor2))))&(sai__is(currentWinner(auction_for_Walls,companyE),play(companyE,bricklayer,"hsh_group"),_)&(sai__is(currentWinner(auction_for_Walls,companyE),play(companyE,bricklayer,"hsh_group"),_)&(not ((sai__is(Var,play(VarBricklayer3,bricklayer,"hsh_group"),_)&(not ((companyE==companyE))&not ((companyE==VarBricklayer3)))))&(sai__is(currentWinner(auction_for_Plumbing,companyA),play(companyA,plumber,"hsh_group"),_)&(not ((sai__is(Var,play(VarPlumber2,plumber,"hsh_group"),_)&not ((companyA==VarPlumber2))))&(sai__is(currentWinner(auction_for_WindowsDoors,companyD7),play(companyD7,window_fitter,"hsh_group"),_)&(not ((sai__is(Var,play(VarWindow_fitter2,window_fitter,"hsh_group"),_)&not ((companyD7==VarWindow_fitter2))))&(sai__is(currentWinner(auction_for_WindowsDoors,companyD7),play(companyD7,door_fitter,"hsh_group"),_)&(not ((sai__is(Var,play(VarDoor_fitter2,door_fitter,"hsh_group"),_)&not ((companyD7==VarDoor_fitter2))))&(sai__is(currentWinner(auction_for_Roof,companyE),play(companyE,roofer,"hsh_group"),_)&(not ((sai__is(Var,play(VarRoofer2,roofer,"hsh_group"),_)&not ((companyE==VarRoofer2))))&(sai__is(sai__freestandingY,play(giacomo,house_owner,"hsh_group"),_)&not ((sai__is(Var,play(VarHouse_owner2,house_owner,"hsh_group"),_)&not ((giacomo==VarHouse_owner2)))))))))))))))))))))
Mon May 02 20:58:39 BRT 2016   FINEST   [cycle 372] 2 adding sai__is(currentWinner(auction_for_SitePreparation,companyD13),fplay(companyD13,site_prep_contractor,"hsh_group"),(true&sai__is(currentWinner(auction_for_SitePreparation,companyD13),play(companyD13,site_prep_contractor,"hsh_group"),_)))
Mon May 02 20:58:39 BRT 2016   FINEST   [cycle 372] 2 adding sai__is(currentWinner(auction_for_Floors,companyE),fplay(companyE,bricklayer,"hsh_group"),(true&sai__is(currentWinner(auction_for_Floors,companyE),play(companyE,bricklayer,"hsh_group"),_)))
Mon May 02 20:58:39 BRT 2016   FINEST   [cycle 372] 2 adding sai__is(currentWinner(auction_for_Walls,companyE),fplay(companyE,bricklayer,"hsh_group"),(true&sai__is(currentWinner(auction_for_Walls,companyE),play(companyE,bricklayer,"hsh_group"),_)))
Mon May 02 20:58:39 BRT 2016   FINEST   [cycle 372] 2 adding sai__is(currentWinner(auction_for_Roof,companyE),fplay(companyE,roofer,"hsh_group"),(true&sai__is(currentWinner(auction_for_Roof,companyE),play(companyE,roofer,"hsh_group"),_)))
Mon May 02 20:58:39 BRT 2016   FINEST   [cycle 372] 2 adding sai__is(currentWinner(auction_for_WindowsDoors,companyD7),fplay(companyD7,window_fitter,"hsh_group"),(true&sai__is(currentWinner(auction_for_WindowsDoors,companyD7),play(companyD7,window_fitter,"hsh_group"),_)))
Mon May 02 20:58:39 BRT 2016   FINEST   [cycle 372] 2 adding sai__is(currentWinner(auction_for_WindowsDoors,companyD7),fplay(companyD7,door_fitter,"hsh_group"),(true&sai__is(currentWinner(auction_for_WindowsDoors,companyD7),play(companyD7,door_fitter,"hsh_group"),_)))
Mon May 02 20:58:39 BRT 2016   FINEST   [cycle 372] 2 adding sai__is(currentWinner(auction_for_Plumbing,companyA),fplay(companyA,plumber,"hsh_group"),(true&sai__is(currentWinner(auction_for_Plumbing,companyA),play(companyA,plumber,"hsh_group"),_)))
Mon May 02 20:58:39 BRT 2016   FINEST   [cycle 372] 2 adding sai__is(currentWinner(auction_for_ElectricalSystem,companyC1),fplay(companyC1,electrician,"hsh_group"),(true&sai__is(currentWinner(auction_for_ElectricalSystem,companyC1),play(companyC1,electrician,"hsh_group"),_)))
Mon May 02 20:58:39 BRT 2016   FINEST   [cycle 372] 2 adding sai__is(currentWinner(auction_for_Painting,companyC5),fplay(companyC5,painter,"hsh_group"),(true&sai__is(currentWinner(auction_for_Painting,companyC5),play(companyC5,painter,"hsh_group"),_)))
Mon May 02 20:58:40 BRT 2016   FINEST   [cycle 372] 3 adding sai__is(sai__freestandingY,responsible("hsh_group","bhsch"),(true&sai__is(sai__freestandingY,well_formed("hsh_group"),_)))
Mon May 02 20:58:40 BRT 2016   FINEST   [cycle 372] 3 adding sai__is(sai__freestandingY,responsible("hsh_group","bhsch"),(true&sai__is(sai__freestandingY,well_formed("hsh_group"),_)))
Mon May 02 20:58:40 BRT 2016   FINEST   [cycle 372] 3 adding sai__is(sai__freestandingY,responsible("hsh_group","bhsch"),(true&sai__is(sai__freestandingY,well_formed("hsh_group"),_)))
Mon May 02 20:58:40 BRT 2016   FINEST   [cycle 372] 3 adding sai__is(sai__freestandingY,responsible("hsh_group","bhsch"),(true&sai__is(sai__freestandingY,well_formed("hsh_group"),_)))
Mon May 02 20:58:40 BRT 2016   FINEST   [cycle 372] 4 adding sai__is(currentWinner(auction_for_Painting,companyC5),committed(companyC5,paint_house,"bhsch"),(sai__is(sai__freestandingY,responsible("hsh_group","bhsch"),_)&sai__is(currentWinner(auction_for_Painting,companyC5),play(companyC5,painter,"hsh_group"),_)))
Mon May 02 20:58:40 BRT 2016   FINEST   [cycle 372] 4 adding sai__is(currentWinner(auction_for_Painting,companyC5),committed(companyC5,paint_house,"bhsch"),(sai__is(sai__freestandingY,responsible("hsh_group","bhsch"),_)&sai__is(currentWinner(auction_for_Painting,companyC5),play(companyC5,painter,"hsh_group"),_)))
Mon May 02 20:58:40 BRT 2016   FINEST   [cycle 372] 4 adding sai__is(currentWinner(auction_for_Painting,companyC5),committed(companyC5,paint_house,"bhsch"),(sai__is(sai__freestandingY,responsible("hsh_group","bhsch"),_)&sai__is(currentWinner(auction_for_Painting,companyC5),play(companyC5,painter,"hsh_group"),_)))
Mon May 02 20:58:40 BRT 2016   FINEST   [cycle 372] 4 adding sai__is(currentWinner(auction_for_Painting,companyC5),committed(companyC5,paint_house,"bhsch"),(sai__is(sai__freestandingY,responsible("hsh_group","bhsch"),_)&sai__is(currentWinner(auction_for_Painting,companyC5),play(companyC5,painter,"hsh_group"),_)))
Mon May 02 20:58:40 BRT 2016   FINEST   [cycle 372] 4 adding sai__is(currentWinner(auction_for_ElectricalSystem,companyC1),committed(companyC1,install_electrical_system,"bhsch"),(sai__is(sai__freestandingY,responsible("hsh_group","bhsch"),_)&sai__is(currentWinner(auction_for_ElectricalSystem,companyC1),play(companyC1,electrician,"hsh_group"),_)))
Mon May 02 20:58:40 BRT 2016   FINEST   [cycle 372] 4 adding sai__is(currentWinner(auction_for_ElectricalSystem,companyC1),committed(companyC1,install_electrical_system,"bhsch"),(sai__is(sai__freestandingY,responsible("hsh_group","bhsch"),_)&sai__is(currentWinner(auction_for_ElectricalSystem,companyC1),play(companyC1,electrician,"hsh_group"),_)))
Mon May 02 20:58:40 BRT 2016   FINEST   [cycle 372] 4 adding sai__is(currentWinner(auction_for_ElectricalSystem,companyC1),committed(companyC1,install_electrical_system,"bhsch"),(sai__is(sai__freestandingY,responsible("hsh_group","bhsch"),_)&sai__is(currentWinner(auction_for_ElectricalSystem,companyC1),play(companyC1,electrician,"hsh_group"),_)))
Mon May 02 20:58:40 BRT 2016   FINEST   [cycle 372] 4 adding sai__is(currentWinner(auction_for_ElectricalSystem,companyC1),committed(companyC1,install_electrical_system,"bhsch"),(sai__is(sai__freestandingY,responsible("hsh_group","bhsch"),_)&sai__is(currentWinner(auction_for_ElectricalSystem,companyC1),play(companyC1,electrician,"hsh_group"),_)))
Mon May 02 20:58:40 BRT 2016   FINEST   [cycle 372] 4 adding sai__is(currentWinner(auction_for_Plumbing,companyA),committed(companyA,install_plumbing,"bhsch"),(sai__is(sai__freestandingY,responsible("hsh_group","bhsch"),_)&sai__is(currentWinner(auction_for_Plumbing,companyA),play(companyA,plumber,"hsh_group"),_)))
Mon May 02 20:58:40 BRT 2016   FINEST   [cycle 372] 4 adding sai__is(currentWinner(auction_for_Plumbing,companyA),committed(companyA,install_plumbing,"bhsch"),(sai__is(sai__freestandingY,responsible("hsh_group","bhsch"),_)&sai__is(currentWinner(auction_for_Plumbing,companyA),play(companyA,plumber,"hsh_group"),_)))
Mon May 02 20:58:40 BRT 2016   FINEST   [cycle 372] 4 adding sai__is(currentWinner(auction_for_Plumbing,companyA),committed(companyA,install_plumbing,"bhsch"),(sai__is(sai__freestandingY,responsible("hsh_group","bhsch"),_)&sai__is(currentWinner(auction_for_Plumbing,companyA),play(companyA,plumber,"hsh_group"),_)))
Mon May 02 20:58:40 BRT 2016   FINEST   [cycle 372] 4 adding sai__is(currentWinner(auction_for_Plumbing,companyA),committed(companyA,install_plumbing,"bhsch"),(sai__is(sai__freestandingY,responsible("hsh_group","bhsch"),_)&sai__is(currentWinner(auction_for_Plumbing,companyA),play(companyA,plumber,"hsh_group"),_)))
Mon May 02 20:58:40 BRT 2016   FINEST   [cycle 372] 4 adding sai__is(currentWinner(auction_for_WindowsDoors,companyD7),committed(companyD7,fit_doors,"bhsch"),(sai__is(sai__freestandingY,responsible("hsh_group","bhsch"),_)&sai__is(currentWinner(auction_for_WindowsDoors,companyD7),play(companyD7,door_fitter,"hsh_group"),_)))
Mon May 02 20:58:40 BRT 2016   FINEST   [cycle 372] 4 adding sai__is(currentWinner(auction_for_WindowsDoors,companyD7),committed(companyD7,fit_doors,"bhsch"),(sai__is(sai__freestandingY,responsible("hsh_group","bhsch"),_)&sai__is(currentWinner(auction_for_WindowsDoors,companyD7),play(companyD7,door_fitter,"hsh_group"),_)))
Mon May 02 20:58:40 BRT 2016   FINEST   [cycle 372] 4 adding sai__is(currentWinner(auction_for_WindowsDoors,companyD7),committed(companyD7,fit_doors,"bhsch"),(sai__is(sai__freestandingY,responsible("hsh_group","bhsch"),_)&sai__is(currentWinner(auction_for_WindowsDoors,companyD7),play(companyD7,door_fitter,"hsh_group"),_)))
Mon May 02 20:58:40 BRT 2016   FINEST   [cycle 372] 4 adding sai__is(currentWinner(auction_for_WindowsDoors,companyD7),committed(companyD7,fit_doors,"bhsch"),(sai__is(sai__freestandingY,responsible("hsh_group","bhsch"),_)&sai__is(currentWinner(auction_for_WindowsDoors,companyD7),play(companyD7,door_fitter,"hsh_group"),_)))
Mon May 02 20:58:40 BRT 2016   FINEST   [cycle 372] 4 adding sai__is(currentWinner(auction_for_WindowsDoors,companyD7),committed(companyD7,fit_windows,"bhsch"),(sai__is(sai__freestandingY,responsible("hsh_group","bhsch"),_)&sai__is(currentWinner(auction_for_WindowsDoors,companyD7),play(companyD7,window_fitter,"hsh_group"),_)))
Mon May 02 20:58:40 BRT 2016   FINEST   [cycle 372] 4 adding sai__is(currentWinner(auction_for_WindowsDoors,companyD7),committed(companyD7,fit_windows,"bhsch"),(sai__is(sai__freestandingY,responsible("hsh_group","bhsch"),_)&sai__is(currentWinner(auction_for_WindowsDoors,companyD7),play(companyD7,window_fitter,"hsh_group"),_)))
Mon May 02 20:58:40 BRT 2016   FINEST   [cycle 372] 4 adding sai__is(currentWinner(auction_for_WindowsDoors,companyD7),committed(companyD7,fit_windows,"bhsch"),(sai__is(sai__freestandingY,responsible("hsh_group","bhsch"),_)&sai__is(currentWinner(auction_for_WindowsDoors,companyD7),play(companyD7,window_fitter,"hsh_group"),_)))
Mon May 02 20:58:40 BRT 2016   FINEST   [cycle 372] 4 adding sai__is(currentWinner(auction_for_WindowsDoors,companyD7),committed(companyD7,fit_windows,"bhsch"),(sai__is(sai__freestandingY,responsible("hsh_group","bhsch"),_)&sai__is(currentWinner(auction_for_WindowsDoors,companyD7),play(companyD7,window_fitter,"hsh_group"),_)))
Mon May 02 20:58:40 BRT 2016   FINEST   [cycle 372] 4 adding sai__is(currentWinner(auction_for_Roof,companyE),committed(companyE,build_roof,"bhsch"),(sai__is(sai__freestandingY,responsible("hsh_group","bhsch"),_)&sai__is(currentWinner(auction_for_Roof,companyE),play(companyE,roofer,"hsh_group"),_)))
Mon May 02 20:58:40 BRT 2016   FINEST   [cycle 372] 4 adding sai__is(currentWinner(auction_for_Roof,companyE),committed(companyE,build_roof,"bhsch"),(sai__is(sai__freestandingY,responsible("hsh_group","bhsch"),_)&sai__is(currentWinner(auction_for_Roof,companyE),play(companyE,roofer,"hsh_group"),_)))
Mon May 02 20:58:40 BRT 2016   FINEST   [cycle 372] 4 adding sai__is(currentWinner(auction_for_Roof,companyE),committed(companyE,build_roof,"bhsch"),(sai__is(sai__freestandingY,responsible("hsh_group","bhsch"),_)&sai__is(currentWinner(auction_for_Roof,companyE),play(companyE,roofer,"hsh_group"),_)))
Mon May 02 20:58:40 BRT 2016   FINEST   [cycle 372] 4 adding sai__is(currentWinner(auction_for_Roof,companyE),committed(companyE,build_roof,"bhsch"),(sai__is(sai__freestandingY,responsible("hsh_group","bhsch"),_)&sai__is(currentWinner(auction_for_Roof,companyE),play(companyE,roofer,"hsh_group"),_)))
Mon May 02 20:58:40 BRT 2016   FINEST   [cycle 372] 4 adding sai__is(currentWinner(auction_for_Floors,companyE),committed(companyE,build_walls,"bhsch"),(sai__is(sai__freestandingY,responsible("hsh_group","bhsch"),_)&sai__is(currentWinner(auction_for_Floors,companyE),play(companyE,bricklayer,"hsh_group"),_)))
Mon May 02 20:58:40 BRT 2016   FINEST   [cycle 372] 4 adding sai__is(currentWinner(auction_for_Walls,companyE),committed(companyE,build_walls,"bhsch"),(sai__is(sai__freestandingY,responsible("hsh_group","bhsch"),_)&sai__is(currentWinner(auction_for_Walls,companyE),play(companyE,bricklayer,"hsh_group"),_)))
Mon May 02 20:58:40 BRT 2016   FINEST   [cycle 372] 4 adding sai__is(currentWinner(auction_for_Floors,companyE),committed(companyE,build_walls,"bhsch"),(sai__is(sai__freestandingY,responsible("hsh_group","bhsch"),_)&sai__is(currentWinner(auction_for_Floors,companyE),play(companyE,bricklayer,"hsh_group"),_)))
Mon May 02 20:58:40 BRT 2016   FINEST   [cycle 372] 4 adding sai__is(currentWinner(auction_for_Walls,companyE),committed(companyE,build_walls,"bhsch"),(sai__is(sai__freestandingY,responsible("hsh_group","bhsch"),_)&sai__is(currentWinner(auction_for_Walls,companyE),play(companyE,bricklayer,"hsh_group"),_)))
Mon May 02 20:58:40 BRT 2016   FINEST   [cycle 372] 4 adding sai__is(currentWinner(auction_for_Floors,companyE),committed(companyE,build_walls,"bhsch"),(sai__is(sai__freestandingY,responsible("hsh_group","bhsch"),_)&sai__is(currentWinner(auction_for_Floors,companyE),play(companyE,bricklayer,"hsh_group"),_)))
Mon May 02 20:58:40 BRT 2016   FINEST   [cycle 372] 4 adding sai__is(currentWinner(auction_for_Walls,companyE),committed(companyE,build_walls,"bhsch"),(sai__is(sai__freestandingY,responsible("hsh_group","bhsch"),_)&sai__is(currentWinner(auction_for_Walls,companyE),play(companyE,bricklayer,"hsh_group"),_)))
Mon May 02 20:58:40 BRT 2016   FINEST   [cycle 372] 4 adding sai__is(currentWinner(auction_for_Floors,companyE),committed(companyE,build_walls,"bhsch"),(sai__is(sai__freestandingY,responsible("hsh_group","bhsch"),_)&sai__is(currentWinner(auction_for_Floors,companyE),play(companyE,bricklayer,"hsh_group"),_)))
Mon May 02 20:58:40 BRT 2016   FINEST   [cycle 372] 4 adding sai__is(currentWinner(auction_for_Walls,companyE),committed(companyE,build_walls,"bhsch"),(sai__is(sai__freestandingY,responsible("hsh_group","bhsch"),_)&sai__is(currentWinner(auction_for_Walls,companyE),play(companyE,bricklayer,"hsh_group"),_)))
Mon May 02 20:58:40 BRT 2016   FINEST   [cycle 372] 4 adding sai__is(currentWinner(auction_for_Floors,companyE),committed(companyE,lay_floors,"bhsch"),(sai__is(sai__freestandingY,responsible("hsh_group","bhsch"),_)&sai__is(currentWinner(auction_for_Floors,companyE),play(companyE,bricklayer,"hsh_group"),_)))
Mon May 02 20:58:40 BRT 2016   FINEST   [cycle 372] 4 adding sai__is(currentWinner(auction_for_Walls,companyE),committed(companyE,lay_floors,"bhsch"),(sai__is(sai__freestandingY,responsible("hsh_group","bhsch"),_)&sai__is(currentWinner(auction_for_Walls,companyE),play(companyE,bricklayer,"hsh_group"),_)))
Mon May 02 20:58:40 BRT 2016   FINEST   [cycle 372] 4 adding sai__is(currentWinner(auction_for_Floors,companyE),committed(companyE,lay_floors,"bhsch"),(sai__is(sai__freestandingY,responsible("hsh_group","bhsch"),_)&sai__is(currentWinner(auction_for_Floors,companyE),play(companyE,bricklayer,"hsh_group"),_)))
Mon May 02 20:58:40 BRT 2016   FINEST   [cycle 372] 4 adding sai__is(currentWinner(auction_for_Walls,companyE),committed(companyE,lay_floors,"bhsch"),(sai__is(sai__freestandingY,responsible("hsh_group","bhsch"),_)&sai__is(currentWinner(auction_for_Walls,companyE),play(companyE,bricklayer,"hsh_group"),_)))
Mon May 02 20:58:40 BRT 2016   FINEST   [cycle 372] 4 adding sai__is(currentWinner(auction_for_Floors,companyE),committed(companyE,lay_floors,"bhsch"),(sai__is(sai__freestandingY,responsible("hsh_group","bhsch"),_)&sai__is(currentWinner(auction_for_Floors,companyE),play(companyE,bricklayer,"hsh_group"),_)))
Mon May 02 20:58:40 BRT 2016   FINEST   [cycle 372] 4 adding sai__is(currentWinner(auction_for_Walls,companyE),committed(companyE,lay_floors,"bhsch"),(sai__is(sai__freestandingY,responsible("hsh_group","bhsch"),_)&sai__is(currentWinner(auction_for_Walls,companyE),play(companyE,bricklayer,"hsh_group"),_)))
Mon May 02 20:58:40 BRT 2016   FINEST   [cycle 372] 4 adding sai__is(currentWinner(auction_for_Floors,companyE),committed(companyE,lay_floors,"bhsch"),(sai__is(sai__freestandingY,responsible("hsh_group","bhsch"),_)&sai__is(currentWinner(auction_for_Floors,companyE),play(companyE,bricklayer,"hsh_group"),_)))
Mon May 02 20:58:40 BRT 2016   FINEST   [cycle 372] 4 adding sai__is(currentWinner(auction_for_Walls,companyE),committed(companyE,lay_floors,"bhsch"),(sai__is(sai__freestandingY,responsible("hsh_group","bhsch"),_)&sai__is(currentWinner(auction_for_Walls,companyE),play(companyE,bricklayer,"hsh_group"),_)))
Mon May 02 20:58:40 BRT 2016   FINEST   [cycle 372] 4 adding sai__is(currentWinner(auction_for_SitePreparation,companyD13),committed(companyD13,prepare_site,"bhsch"),(sai__is(sai__freestandingY,responsible("hsh_group","bhsch"),_)&sai__is(currentWinner(auction_for_SitePreparation,companyD13),play(companyD13,site_prep_contractor,"hsh_group"),_)))
Mon May 02 20:58:40 BRT 2016   FINEST   [cycle 372] 4 adding sai__is(currentWinner(auction_for_SitePreparation,companyD13),committed(companyD13,prepare_site,"bhsch"),(sai__is(sai__freestandingY,responsible("hsh_group","bhsch"),_)&sai__is(currentWinner(auction_for_SitePreparation,companyD13),play(companyD13,site_prep_contractor,"hsh_group"),_)))
Mon May 02 20:58:40 BRT 2016   FINEST   [cycle 372] 4 adding sai__is(currentWinner(auction_for_SitePreparation,companyD13),committed(companyD13,prepare_site,"bhsch"),(sai__is(sai__freestandingY,responsible("hsh_group","bhsch"),_)&sai__is(currentWinner(auction_for_SitePreparation,companyD13),play(companyD13,site_prep_contractor,"hsh_group"),_)))
Mon May 02 20:58:40 BRT 2016   FINEST   [cycle 372] 4 adding sai__is(currentWinner(auction_for_SitePreparation,companyD13),committed(companyD13,prepare_site,"bhsch"),(sai__is(sai__freestandingY,responsible("hsh_group","bhsch"),_)&sai__is(currentWinner(auction_for_SitePreparation,companyD13),play(companyD13,site_prep_contractor,"hsh_group"),_)))
Mon May 02 20:58:40 BRT 2016   FINEST   [cycle 372] 4 adding sai__is(sai__freestandingY,committed(giacomo,management_of_house_building,"bhsch"),(sai__is(sai__freestandingY,responsible("hsh_group","bhsch"),_)&sai__is(sai__freestandingY,play(giacomo,house_owner,"hsh_group"),_)))
Mon May 02 20:58:40 BRT 2016   FINEST   [cycle 372] 4 adding sai__is(sai__freestandingY,committed(giacomo,management_of_house_building,"bhsch"),(sai__is(sai__freestandingY,responsible("hsh_group","bhsch"),_)&sai__is(sai__freestandingY,play(giacomo,house_owner,"hsh_group"),_)))
Mon May 02 20:58:40 BRT 2016   FINEST   [cycle 372] 4 adding sai__is(sai__freestandingY,committed(giacomo,management_of_house_building,"bhsch"),(sai__is(sai__freestandingY,responsible("hsh_group","bhsch"),_)&sai__is(sai__freestandingY,play(giacomo,house_owner,"hsh_group"),_)))
Mon May 02 20:58:40 BRT 2016   FINEST   [cycle 372] 4 adding sai__is(sai__freestandingY,committed(giacomo,management_of_house_building,"bhsch"),(sai__is(sai__freestandingY,responsible("hsh_group","bhsch"),_)&sai__is(sai__freestandingY,play(giacomo,house_owner,"hsh_group"),_)))
Mon May 02 20:58:41 BRT 2016   FINEST   ***** Started cycle #373 *****
Mon May 02 20:58:41 BRT 2016   FINEST   [cycle 373] environmental fact: sigmaE(bid(1100)[sai__agent(companyC4)])
Mon May 02 20:58:41 BRT 2016   FINEST   ***** Started cycle #374 *****
Mon May 02 20:58:41 BRT 2016   FINEST   [cycle 374] environmental fact: sigmaE(bid(1100)[sai__agent(companyC2)])
Mon May 02 20:58:41 BRT 2016   FINEST   ***** Started cycle #375 *****
Mon May 02 20:58:41 BRT 2016   FINEST   [cycle 375] environmental fact: sigmaE(bid(1100)[sai__agent(companyC5)])
Mon May 02 20:58:41 BRT 2016   FINEST   ***** Started cycle #376 *****
Mon May 02 20:58:41 BRT 2016   FINEST   [cycle 376] environmental fact: sai__replace(nticks(clock,_6366),nticks(clock,5400))
Mon May 02 20:58:41 BRT 2016   FINEST   [cycle 376] 1 adding sai__is(currentWinner(auction_for_Painting,companyC5),play(companyC5,painter,"hsh_group"),(nticks(clock,5400)&(5400>5000)))
Mon May 02 20:58:41 BRT 2016   FINEST   [cycle 376] 1 adding sai__is(currentWinner(auction_for_ElectricalSystem,companyC1),play(companyC1,electrician,"hsh_group"),(nticks(clock,5400)&(5400>5000)))
Mon May 02 20:58:41 BRT 2016   FINEST   [cycle 376] 1 adding sai__is(currentWinner(auction_for_Plumbing,companyA),play(companyA,plumber,"hsh_group"),(nticks(clock,5400)&(5400>5000)))
Mon May 02 20:58:41 BRT 2016   FINEST   [cycle 376] 1 adding sai__is(currentWinner(auction_for_WindowsDoors,companyD7),play(companyD7,door_fitter,"hsh_group"),(nticks(clock,5400)&(5400>5000)))
Mon May 02 20:58:41 BRT 2016   FINEST   [cycle 376] 1 adding sai__is(currentWinner(auction_for_WindowsDoors,companyD7),play(companyD7,window_fitter,"hsh_group"),(nticks(clock,5400)&(5400>5000)))
Mon May 02 20:58:41 BRT 2016   FINEST   [cycle 376] 1 adding sai__is(currentWinner(auction_for_Roof,companyE),play(companyE,roofer,"hsh_group"),(nticks(clock,5400)&(5400>5000)))
Mon May 02 20:58:41 BRT 2016   FINEST   [cycle 376] 1 adding sai__is(currentWinner(auction_for_Walls,companyE),play(companyE,bricklayer,"hsh_group"),(nticks(clock,5400)&(5400>5000)))
Mon May 02 20:58:41 BRT 2016   FINEST   [cycle 376] 1 adding sai__is(currentWinner(auction_for_Floors,companyE),play(companyE,bricklayer,"hsh_group"),(nticks(clock,5400)&(5400>5000)))
Mon May 02 20:58:41 BRT 2016   FINEST   [cycle 376] 1 adding sai__is(currentWinner(auction_for_SitePreparation,companyD13),play(companyD13,site_prep_contractor,"hsh_group"),(nticks(clock,5400)&(5400>5000)))
Mon May 02 20:58:41 BRT 2016   FINEST   [cycle 376] 1 removing sai__is(currentWinner(auction_for_SitePreparation,companyD13),play(companyD13,site_prep_contractor,"hsh_group"),(nticks(clock,5200) & (5200 > 5000)))
Mon May 02 20:58:41 BRT 2016   FINEST   [cycle 376] 1 removing sai__is(currentWinner(auction_for_Floors,companyE),play(companyE,bricklayer,"hsh_group"),(nticks(clock,5200) & (5200 > 5000)))
Mon May 02 20:58:41 BRT 2016   FINEST   [cycle 376] 1 removing sai__is(currentWinner(auction_for_Walls,companyE),play(companyE,bricklayer,"hsh_group"),(nticks(clock,5200) & (5200 > 5000)))
Mon May 02 20:58:41 BRT 2016   FINEST   [cycle 376] 1 removing sai__is(currentWinner(auction_for_Roof,companyE),play(companyE,roofer,"hsh_group"),(nticks(clock,5200) & (5200 > 5000)))
Mon May 02 20:58:41 BRT 2016   FINEST   [cycle 376] 1 removing sai__is(currentWinner(auction_for_WindowsDoors,companyD7),play(companyD7,window_fitter,"hsh_group"),(nticks(clock,5200) & (5200 > 5000)))
Mon May 02 20:58:41 BRT 2016   FINEST   [cycle 376] 1 removing sai__is(currentWinner(auction_for_WindowsDoors,companyD7),play(companyD7,door_fitter,"hsh_group"),(nticks(clock,5200) & (5200 > 5000)))
Mon May 02 20:58:41 BRT 2016   FINEST   [cycle 376] 1 removing sai__is(currentWinner(auction_for_Plumbing,companyA),play(companyA,plumber,"hsh_group"),(nticks(clock,5200) & (5200 > 5000)))
Mon May 02 20:58:41 BRT 2016   FINEST   [cycle 376] 1 removing sai__is(currentWinner(auction_for_ElectricalSystem,companyC1),play(companyC1,electrician,"hsh_group"),(nticks(clock,5200) & (5200 > 5000)))
Mon May 02 20:58:41 BRT 2016   FINEST   [cycle 376] 1 removing sai__is(currentWinner(auction_for_Painting,companyC5),play(companyC5,painter,"hsh_group"),(nticks(clock,5200) & (5200 > 5000)))
Mon May 02 20:58:41 BRT 2016   FINEST   ***** Started cycle #377 *****
Mon May 02 20:58:41 BRT 2016   FINEST   [cycle 377] environmental fact: sigmaE(stop[sai__agent(giacomo)])
Mon May 02 20:58:41 BRT 2016   FINEST   ***** Started cycle #378 *****
Mon May 02 20:58:41 BRT 2016   FINEST   [cycle 378] environmental fact: sigmaE(prepareSite[sai__agent(companyD13)])
Mon May 02 20:58:41 BRT 2016   FINEST   [cycle 378] 1 adding sai__is(sai__freestandingY,achieved("bhsch",site_prepared,companyD13),true)
Mon May 02 20:58:43 BRT 2016   FINEST   ***** Started cycle #390 *****
Mon May 02 20:58:43 BRT 2016   FINEST   [cycle 390] environmental fact: sigmaE(layFloors[sai__agent(companyE)])
Mon May 02 20:58:43 BRT 2016   FINEST   [cycle 390] 1 adding sai__is(sai__freestandingY,achieved("bhsch",floors_laid,companyE),true)
Mon May 02 20:58:43 BRT 2016   FINEST   ***** Started cycle #395 *****
Mon May 02 20:58:43 BRT 2016   FINEST   [cycle 395] environmental fact: sigmaE(buildWalls[sai__agent(companyE)])
Mon May 02 20:58:43 BRT 2016   FINEST   [cycle 395] 1 adding sai__is(sai__freestandingY,achieved("bhsch",walls_built,companyE),true)
Mon May 02 20:58:44 BRT 2016   FINEST   ***** Started cycle #396 *****
Mon May 02 20:58:44 BRT 2016   FINEST   [cycle 396] environmental fact: sigmaE(fitWindows[sai__agent(companyD7)])
Mon May 02 20:58:45 BRT 2016   FINEST   [cycle 396] 1 adding sai__is(sai__freestandingY,achieved("bhsch",windows_fitted,companyD7),true)
Mon May 02 20:58:45 BRT 2016   FINEST   ***** Started cycle #397 *****
Mon May 02 20:58:45 BRT 2016   FINEST   [cycle 397] environmental fact: sigmaE(fitDoors[sai__agent(companyD7)])
Mon May 02 20:58:48 BRT 2016   FINEST   [cycle 397] 1 adding sai__is(sai__freestandingY,achieved("bhsch",doors_fitted,companyD7),true)
Mon May 02 20:58:49 BRT 2016   FINEST   ***** Started cycle #398 *****
Mon May 02 20:58:49 BRT 2016   FINEST   [cycle 398] environmental fact: sigmaE(buildRoof[sai__agent(companyE)])
Mon May 02 20:58:57 BRT 2016   FINEST   [cycle 398] 1 adding sai__is(sai__freestandingY,achieved("bhsch",roof_built,companyE),true)
Mon May 02 20:59:08 BRT 2016   FINEST   ***** Started cycle #399 *****
Mon May 02 20:59:08 BRT 2016   FINEST   [cycle 399] environmental fact: sigmaE(installPlumbing[sai__agent(companyA)])
Mon May 02 20:59:21 BRT 2016   FINEST   [cycle 399] 1 adding sai__is(sai__freestandingY,achieved("bhsch",plumbing_installed,companyA),true)
Mon May 02 20:59:35 BRT 2016   FINEST   ***** Started cycle #400 *****
Mon May 02 20:59:35 BRT 2016   FINEST   [cycle 400] environmental fact: sigmaE(installElectricalSystem[sai__agent(companyC1)])
Mon May 02 21:00:07 BRT 2016   FINEST   [cycle 400] 1 adding sai__is(sai__freestandingY,achieved("bhsch",electrical_system_installed,companyC1),true)
Mon May 02 21:00:33 BRT 2016   FINEST   ***** Started cycle #401 *****
Mon May 02 21:00:33 BRT 2016   FINEST   [cycle 401] environmental fact: sigmaE(paintExterior[sai__agent(companyC5)])
Mon May 02 21:01:13 BRT 2016   FINEST   [cycle 401] 1 adding sai__is(sai__freestandingY,achieved("bhsch",exterior_painted,companyC5),true)
Mon May 02 21:01:37 BRT 2016   FINEST   ***** Started cycle #402 *****
Mon May 02 21:01:37 BRT 2016   FINEST   [cycle 402] environmental fact: sigmaE(paintInterior[sai__agent(companyC5)])
