Fri Apr 21 10:04:49 BRT 2017   FINEST   ***** Started cycle #28 *****
Fri Apr 21 10:04:49 BRT 2017   FINEST   [cycle 28] environmental fact: sigmaA(giacomo)
Fri Apr 21 10:04:49 BRT 2017   FINEST   [cycle 28] 1 adding sai__is(sai__freestandingY,play(giacomo,house_owner,"hsh_group"),true)
Fri Apr 21 10:04:49 BRT 2017   FINEST   ***** Started cycle #29 *****
Fri Apr 21 10:04:49 BRT 2017   FINEST   [cycle 29] environmental fact: sigmaE(setWSPRuleEngine(_687)[sai__agent(giacomo)])
Fri Apr 21 10:04:49 BRT 2017   FINEST   ***** Started cycle #31 *****
Fri Apr 21 10:04:49 BRT 2017   FINEST   [cycle 31] environmental fact: sigmaE(setWSPRuleEngine(_787)[sai__agent(giacomo)])
Fri Apr 21 10:04:49 BRT 2017   FINEST   ***** Started cycle #32 *****
Fri Apr 21 10:04:49 BRT 2017   FINEST   [cycle 32] environmental fact: sigmaE(lookupArtifact(clock,_788)[sai__agent(giacomo)])
Fri Apr 21 10:04:49 BRT 2017   FINEST   ***** Started cycle #33 *****
Fri Apr 21 10:04:49 BRT 2017   FINEST   [cycle 33] environmental fact: sigmaE(start[sai__agent(giacomo)])
Fri Apr 21 10:04:49 BRT 2017   FINEST   ***** Started cycle #34 *****
Fri Apr 21 10:04:49 BRT 2017   FINEST   [cycle 34] environmental fact: sai__replace(nticks(clock,_789),nticks(clock,10))
Fri Apr 21 10:04:49 BRT 2017   FINEST   ***** Started cycle #35 *****
Fri Apr 21 10:04:49 BRT 2017   FINEST   [cycle 35] environmental fact: sai__replace(nticks(clock,_790),nticks(clock,20))
Fri Apr 21 10:04:49 BRT 2017   FINEST   ***** Started cycle #36 *****
Fri Apr 21 10:04:49 BRT 2017   FINEST   [cycle 36] environmental fact: sai__replace(nticks(clock,_791),nticks(clock,30))
Fri Apr 21 10:04:49 BRT 2017   FINEST   ***** Started cycle #37 *****
Fri Apr 21 10:04:49 BRT 2017   FINEST   [cycle 37] environmental fact: sai__replace(nticks(clock,_792),nticks(clock,40))
Fri Apr 21 10:04:49 BRT 2017   FINEST   ***** Started cycle #38 *****
Fri Apr 21 10:04:49 BRT 2017   FINEST   [cycle 38] environmental fact: sai__replace(nticks(clock,_793),nticks(clock,50))
Fri Apr 21 10:04:49 BRT 2017   FINEST   ***** Started cycle #39 *****
Fri Apr 21 10:04:49 BRT 2017   FINEST   [cycle 39] environmental fact: sai__replace(nticks(clock,_814),nticks(clock,60))
Fri Apr 21 10:04:49 BRT 2017   FINEST   ***** Started cycle #40 *****
Fri Apr 21 10:04:49 BRT 2017   FINEST   [cycle 40] environmental fact: sai__replace(nticks(clock,_873),nticks(clock,70))
Fri Apr 21 10:04:49 BRT 2017   FINEST   ***** Started cycle #41 *****
Fri Apr 21 10:04:49 BRT 2017   FINEST   [cycle 41] environmental fact: sai__replace(nticks(clock,_939),nticks(clock,80))
Fri Apr 21 10:04:49 BRT 2017   FINEST   ***** Started cycle #42 *****
Fri Apr 21 10:04:49 BRT 2017   FINEST   [cycle 42] environmental fact: sai__replace(nticks(clock,_1016),nticks(clock,90))
Fri Apr 21 10:04:49 BRT 2017   FINEST   ***** Started cycle #43 *****
Fri Apr 21 10:04:49 BRT 2017   FINEST   [cycle 43] environmental fact: sai__replace(nticks(clock,_1056),nticks(clock,100))
Fri Apr 21 10:04:49 BRT 2017   FINEST   ***** Started cycle #44 *****
Fri Apr 21 10:04:49 BRT 2017   FINEST   [cycle 44] environmental fact: sai__replace(nticks(clock,_1129),nticks(clock,110))
Fri Apr 21 10:04:49 BRT 2017   FINEST   ***** Started cycle #45 *****
Fri Apr 21 10:04:49 BRT 2017   FINEST   [cycle 45] environmental fact: sai__replace(nticks(clock,_1231),nticks(clock,120))
Fri Apr 21 10:04:49 BRT 2017   FINEST   ***** Started cycle #47 *****
Fri Apr 21 10:04:49 BRT 2017   FINEST   [cycle 47] environmental fact: sai__replace(nticks(clock,_1340),nticks(clock,130))
Fri Apr 21 10:04:49 BRT 2017   FINEST   ***** Started cycle #48 *****
Fri Apr 21 10:04:49 BRT 2017   FINEST   [cycle 48] environmental fact: sai__replace(nticks(clock,_1341),nticks(clock,140))
Fri Apr 21 10:04:49 BRT 2017   FINEST   ***** Started cycle #49 *****
Fri Apr 21 10:04:49 BRT 2017   FINEST   [cycle 49] environmental fact: sai__replace(nticks(clock,_1342),nticks(clock,150))
Fri Apr 21 10:04:49 BRT 2017   FINEST   ***** Started cycle #50 *****
Fri Apr 21 10:04:49 BRT 2017   FINEST   [cycle 50] environmental fact: sai__replace(nticks(clock,_1343),nticks(clock,160))
Fri Apr 21 10:04:49 BRT 2017   FINEST   ***** Started cycle #51 *****
Fri Apr 21 10:04:49 BRT 2017   FINEST   [cycle 51] environmental fact: sai__replace(nticks(clock,_1344),nticks(clock,170))
Fri Apr 21 10:04:49 BRT 2017   FINEST   ***** Started cycle #52 *****
Fri Apr 21 10:04:49 BRT 2017   FINEST   [cycle 52] environmental fact: sai__replace(nticks(clock,_1345),nticks(clock,180))
Fri Apr 21 10:04:49 BRT 2017   FINEST   ***** Started cycle #53 *****
Fri Apr 21 10:04:49 BRT 2017   FINEST   [cycle 53] environmental fact: sai__replace(nticks(clock,_1346),nticks(clock,190))
Fri Apr 21 10:04:49 BRT 2017   FINEST   ***** Started cycle #54 *****
Fri Apr 21 10:04:49 BRT 2017   FINEST   [cycle 54] environmental fact: sai__replace(nticks(clock,_1347),nticks(clock,200))
Fri Apr 21 10:04:49 BRT 2017   FINEST   ***** Started cycle #55 *****
Fri Apr 21 10:04:49 BRT 2017   FINEST   [cycle 55] environmental fact: sai__replace(nticks(clock,_1348),nticks(clock,210))
Fri Apr 21 10:04:49 BRT 2017   FINEST   ***** Started cycle #56 *****
Fri Apr 21 10:04:49 BRT 2017   FINEST   [cycle 56] environmental fact: sai__replace(nticks(clock,_1349),nticks(clock,220))
Fri Apr 21 10:04:49 BRT 2017   FINEST   ***** Started cycle #57 *****
Fri Apr 21 10:04:49 BRT 2017   FINEST   [cycle 57] environmental fact: sai__replace(nticks(clock,_1403),nticks(clock,230))
Fri Apr 21 10:04:49 BRT 2017   FINEST   ***** Started cycle #58 *****
Fri Apr 21 10:04:49 BRT 2017   FINEST   [cycle 58] environmental fact: sai__replace(nticks(clock,_1495),nticks(clock,240))
Fri Apr 21 10:04:49 BRT 2017   FINEST   ***** Started cycle #59 *****
Fri Apr 21 10:04:49 BRT 2017   FINEST   [cycle 59] environmental fact: sai__replace(nticks(clock,_1600),nticks(clock,250))
Fri Apr 21 10:04:49 BRT 2017   FINEST   ***** Started cycle #60 *****
Fri Apr 21 10:04:49 BRT 2017   FINEST   [cycle 60] environmental fact: sai__replace(nticks(clock,_1678),nticks(clock,260))
Fri Apr 21 10:04:49 BRT 2017   FINEST   ***** Started cycle #61 *****
Fri Apr 21 10:04:49 BRT 2017   FINEST   [cycle 61] environmental fact: sai__replace(nticks(clock,_1787),nticks(clock,270))
Fri Apr 21 10:04:49 BRT 2017   FINEST   ***** Started cycle #62 *****
Fri Apr 21 10:04:49 BRT 2017   FINEST   [cycle 62] environmental fact: sai__replace(nticks(clock,_1876),nticks(clock,280))
Fri Apr 21 10:04:49 BRT 2017   FINEST   ***** Started cycle #64 *****
Fri Apr 21 10:04:49 BRT 2017   FINEST   [cycle 64] environmental fact: sai__replace(nticks(clock,_1932),nticks(clock,290))
Fri Apr 21 10:04:49 BRT 2017   FINEST   ***** Started cycle #65 *****
Fri Apr 21 10:04:49 BRT 2017   FINEST   [cycle 65] environmental fact: sai__replace(nticks(clock,_1933),nticks(clock,300))
Fri Apr 21 10:04:49 BRT 2017   FINEST   ***** Started cycle #66 *****
Fri Apr 21 10:04:49 BRT 2017   FINEST   [cycle 66] environmental fact: sai__replace(nticks(clock,_1934),nticks(clock,310))
Fri Apr 21 10:04:49 BRT 2017   FINEST   ***** Started cycle #67 *****
Fri Apr 21 10:04:49 BRT 2017   FINEST   [cycle 67] environmental fact: sai__replace(nticks(clock,_1935),nticks(clock,320))
Fri Apr 21 10:04:49 BRT 2017   FINEST   ***** Started cycle #68 *****
Fri Apr 21 10:04:49 BRT 2017   FINEST   [cycle 68] environmental fact: sai__replace(nticks(clock,_1936),nticks(clock,330))
Fri Apr 21 10:04:49 BRT 2017   FINEST   ***** Started cycle #69 *****
Fri Apr 21 10:04:49 BRT 2017   FINEST   [cycle 69] environmental fact: sai__replace(nticks(clock,_1937),nticks(clock,340))
Fri Apr 21 10:04:49 BRT 2017   FINEST   ***** Started cycle #70 *****
Fri Apr 21 10:04:49 BRT 2017   FINEST   [cycle 70] environmental fact: sai__replace(nticks(clock,_1938),nticks(clock,350))
Fri Apr 21 10:04:49 BRT 2017   FINEST   ***** Started cycle #71 *****
Fri Apr 21 10:04:49 BRT 2017   FINEST   [cycle 71] environmental fact: sai__replace(nticks(clock,_1939),nticks(clock,360))
Fri Apr 21 10:04:49 BRT 2017   FINEST   ***** Started cycle #72 *****
Fri Apr 21 10:04:49 BRT 2017   FINEST   [cycle 72] environmental fact: sai__replace(nticks(clock,_1940),nticks(clock,370))
Fri Apr 21 10:04:49 BRT 2017   FINEST   ***** Started cycle #73 *****
Fri Apr 21 10:04:49 BRT 2017   FINEST   [cycle 73] environmental fact: sai__replace(nticks(clock,_1941),nticks(clock,380))
Fri Apr 21 10:04:49 BRT 2017   FINEST   ***** Started cycle #74 *****
Fri Apr 21 10:04:49 BRT 2017   FINEST   [cycle 74] environmental fact: sai__replace(nticks(clock,_1982),nticks(clock,390))
Fri Apr 21 10:04:49 BRT 2017   FINEST   ***** Started cycle #75 *****
Fri Apr 21 10:04:49 BRT 2017   FINEST   [cycle 75] environmental fact: sai__replace(nticks(clock,_2058),nticks(clock,400))
Fri Apr 21 10:04:49 BRT 2017   FINEST   ***** Started cycle #76 *****
Fri Apr 21 10:04:49 BRT 2017   FINEST   [cycle 76] environmental fact: sai__replace(nticks(clock,_2131),nticks(clock,410))
Fri Apr 21 10:04:49 BRT 2017   FINEST   ***** Started cycle #77 *****
Fri Apr 21 10:04:49 BRT 2017   FINEST   [cycle 77] environmental fact: sai__replace(nticks(clock,_2204),nticks(clock,420))
Fri Apr 21 10:04:49 BRT 2017   FINEST   ***** Started cycle #78 *****
Fri Apr 21 10:04:49 BRT 2017   FINEST   [cycle 78] environmental fact: sai__replace(nticks(clock,_2277),nticks(clock,430))
Fri Apr 21 10:04:49 BRT 2017   FINEST   ***** Started cycle #79 *****
Fri Apr 21 10:04:49 BRT 2017   FINEST   [cycle 79] environmental fact: sai__replace(nticks(clock,_2350),nticks(clock,440))
Fri Apr 21 10:04:49 BRT 2017   FINEST   ***** Started cycle #80 *****
Fri Apr 21 10:04:49 BRT 2017   FINEST   [cycle 80] environmental fact: sai__replace(nticks(clock,_2423),nticks(clock,450))
Fri Apr 21 10:04:49 BRT 2017   FINEST   ***** Started cycle #81 *****
Fri Apr 21 10:04:49 BRT 2017   FINEST   [cycle 81] environmental fact: sai__replace(nticks(clock,_2470),nticks(clock,460))
Fri Apr 21 10:04:49 BRT 2017   FINEST   ***** Started cycle #82 *****
Fri Apr 21 10:04:49 BRT 2017   FINEST   [cycle 82] environmental fact: sai__replace(nticks(clock,_2563),nticks(clock,470))
Fri Apr 21 10:04:50 BRT 2017   FINEST   ***** Started cycle #84 *****
Fri Apr 21 10:04:50 BRT 2017   FINEST   [cycle 84] environmental fact: sai__replace(nticks(clock,_2635),nticks(clock,480))
Fri Apr 21 10:04:50 BRT 2017   FINEST   ***** Started cycle #85 *****
Fri Apr 21 10:04:50 BRT 2017   FINEST   [cycle 85] environmental fact: sai__replace(nticks(clock,_2636),nticks(clock,490))
Fri Apr 21 10:04:50 BRT 2017   FINEST   ***** Started cycle #86 *****
Fri Apr 21 10:04:50 BRT 2017   FINEST   [cycle 86] environmental fact: sai__replace(nticks(clock,_2637),nticks(clock,500))
Fri Apr 21 10:04:50 BRT 2017   FINEST   ***** Started cycle #87 *****
Fri Apr 21 10:04:50 BRT 2017   FINEST   [cycle 87] environmental fact: sai__replace(nticks(clock,_2638),nticks(clock,510))
Fri Apr 21 10:04:50 BRT 2017   FINEST   ***** Started cycle #88 *****
Fri Apr 21 10:04:50 BRT 2017   FINEST   [cycle 88] environmental fact: sai__replace(nticks(clock,_2639),nticks(clock,520))
Fri Apr 21 10:04:50 BRT 2017   FINEST   ***** Started cycle #89 *****
Fri Apr 21 10:04:50 BRT 2017   FINEST   [cycle 89] environmental fact: sai__replace(nticks(clock,_2640),nticks(clock,530))
Fri Apr 21 10:04:50 BRT 2017   FINEST   ***** Started cycle #90 *****
Fri Apr 21 10:04:50 BRT 2017   FINEST   [cycle 90] environmental fact: sai__replace(nticks(clock,_2641),nticks(clock,540))
Fri Apr 21 10:04:50 BRT 2017   FINEST   ***** Started cycle #91 *****
Fri Apr 21 10:04:50 BRT 2017   FINEST   [cycle 91] environmental fact: sai__replace(nticks(clock,_2642),nticks(clock,550))
Fri Apr 21 10:04:50 BRT 2017   FINEST   ***** Started cycle #92 *****
Fri Apr 21 10:04:50 BRT 2017   FINEST   [cycle 92] environmental fact: sai__replace(nticks(clock,_2643),nticks(clock,560))
Fri Apr 21 10:04:50 BRT 2017   FINEST   ***** Started cycle #93 *****
Fri Apr 21 10:04:50 BRT 2017   FINEST   [cycle 93] environmental fact: sai__replace(nticks(clock,_2644),nticks(clock,570))
Fri Apr 21 10:04:50 BRT 2017   FINEST   ***** Started cycle #94 *****
Fri Apr 21 10:04:50 BRT 2017   FINEST   [cycle 94] environmental fact: sai__replace(nticks(clock,_2698),nticks(clock,580))
Fri Apr 21 10:04:50 BRT 2017   FINEST   ***** Started cycle #95 *****
Fri Apr 21 10:04:50 BRT 2017   FINEST   [cycle 95] environmental fact: sai__replace(nticks(clock,_2761),nticks(clock,590))
Fri Apr 21 10:04:50 BRT 2017   FINEST   ***** Started cycle #96 *****
Fri Apr 21 10:04:50 BRT 2017   FINEST   [cycle 96] environmental fact: sai__replace(nticks(clock,_2867),nticks(clock,600))
Fri Apr 21 10:04:50 BRT 2017   FINEST   ***** Started cycle #97 *****
Fri Apr 21 10:04:50 BRT 2017   FINEST   [cycle 97] environmental fact: sai__replace(nticks(clock,_2943),nticks(clock,610))
Fri Apr 21 10:04:50 BRT 2017   FINEST   ***** Started cycle #98 *****
Fri Apr 21 10:04:50 BRT 2017   FINEST   [cycle 98] environmental fact: sai__replace(nticks(clock,_3016),nticks(clock,620))
Fri Apr 21 10:04:50 BRT 2017   FINEST   ***** Started cycle #99 *****
Fri Apr 21 10:04:50 BRT 2017   FINEST   [cycle 99] environmental fact: sai__replace(nticks(clock,_3083),nticks(clock,630))
Fri Apr 21 10:04:50 BRT 2017   FINEST   ***** Started cycle #100 *****
Fri Apr 21 10:04:50 BRT 2017   FINEST   [cycle 100] environmental fact: sai__replace(nticks(clock,_3159),nticks(clock,640))
Fri Apr 21 10:04:50 BRT 2017   FINEST   ***** Started cycle #101 *****
Fri Apr 21 10:04:50 BRT 2017   FINEST   [cycle 101] environmental fact: sai__replace(nticks(clock,_3257),nticks(clock,650))
Fri Apr 21 10:04:50 BRT 2017   FINEST   ***** Started cycle #103 *****
Fri Apr 21 10:04:50 BRT 2017   FINEST   [cycle 103] environmental fact: sai__replace(nticks(clock,_3301),nticks(clock,660))
Fri Apr 21 10:04:50 BRT 2017   FINEST   ***** Started cycle #104 *****
Fri Apr 21 10:04:50 BRT 2017   FINEST   [cycle 104] environmental fact: sai__replace(nticks(clock,_3302),nticks(clock,670))
Fri Apr 21 10:04:50 BRT 2017   FINEST   ***** Started cycle #105 *****
Fri Apr 21 10:04:50 BRT 2017   FINEST   [cycle 105] environmental fact: sai__replace(nticks(clock,_3303),nticks(clock,680))
Fri Apr 21 10:04:50 BRT 2017   FINEST   ***** Started cycle #106 *****
Fri Apr 21 10:04:50 BRT 2017   FINEST   [cycle 106] environmental fact: sai__replace(nticks(clock,_3304),nticks(clock,690))
Fri Apr 21 10:04:50 BRT 2017   FINEST   ***** Started cycle #107 *****
Fri Apr 21 10:04:50 BRT 2017   FINEST   [cycle 107] environmental fact: sai__replace(nticks(clock,_3305),nticks(clock,700))
Fri Apr 21 10:04:50 BRT 2017   FINEST   ***** Started cycle #108 *****
Fri Apr 21 10:04:50 BRT 2017   FINEST   [cycle 108] environmental fact: sai__replace(nticks(clock,_3306),nticks(clock,710))
Fri Apr 21 10:04:50 BRT 2017   FINEST   ***** Started cycle #109 *****
Fri Apr 21 10:04:50 BRT 2017   FINEST   [cycle 109] environmental fact: sai__replace(nticks(clock,_3307),nticks(clock,720))
Fri Apr 21 10:04:50 BRT 2017   FINEST   ***** Started cycle #110 *****
Fri Apr 21 10:04:50 BRT 2017   FINEST   [cycle 110] environmental fact: sai__replace(nticks(clock,_3308),nticks(clock,730))
Fri Apr 21 10:04:50 BRT 2017   FINEST   ***** Started cycle #111 *****
Fri Apr 21 10:04:50 BRT 2017   FINEST   [cycle 111] environmental fact: sai__replace(nticks(clock,_3309),nticks(clock,740))
Fri Apr 21 10:04:50 BRT 2017   FINEST   ***** Started cycle #112 *****
Fri Apr 21 10:04:50 BRT 2017   FINEST   [cycle 112] environmental fact: sai__replace(nticks(clock,_3310),nticks(clock,750))
Fri Apr 21 10:04:50 BRT 2017   FINEST   ***** Started cycle #113 *****
Fri Apr 21 10:04:50 BRT 2017   FINEST   [cycle 113] environmental fact: sai__replace(nticks(clock,_3374),nticks(clock,760))
Fri Apr 21 10:04:50 BRT 2017   FINEST   ***** Started cycle #114 *****
Fri Apr 21 10:04:50 BRT 2017   FINEST   [cycle 114] environmental fact: sai__replace(nticks(clock,_3460),nticks(clock,770))
Fri Apr 21 10:04:50 BRT 2017   FINEST   ***** Started cycle #115 *****
Fri Apr 21 10:04:50 BRT 2017   FINEST   [cycle 115] environmental fact: sai__replace(nticks(clock,_3497),nticks(clock,780))
Fri Apr 21 10:04:50 BRT 2017   FINEST   ***** Started cycle #116 *****
Fri Apr 21 10:04:50 BRT 2017   FINEST   [cycle 116] environmental fact: sai__replace(nticks(clock,_3573),nticks(clock,790))
Fri Apr 21 10:04:50 BRT 2017   FINEST   ***** Started cycle #117 *****
Fri Apr 21 10:04:50 BRT 2017   FINEST   [cycle 117] environmental fact: sai__replace(nticks(clock,_3663),nticks(clock,800))
Fri Apr 21 10:04:50 BRT 2017   FINEST   ***** Started cycle #118 *****
Fri Apr 21 10:04:50 BRT 2017   FINEST   [cycle 118] environmental fact: sai__replace(nticks(clock,_3755),nticks(clock,810))
Fri Apr 21 10:04:50 BRT 2017   FINEST   ***** Started cycle #119 *****
Fri Apr 21 10:04:50 BRT 2017   FINEST   [cycle 119] environmental fact: sai__replace(nticks(clock,_3858),nticks(clock,820))
Fri Apr 21 10:04:50 BRT 2017   FINEST   ***** Started cycle #121 *****
Fri Apr 21 10:04:50 BRT 2017   FINEST   [cycle 121] environmental fact: sai__replace(nticks(clock,_3930),nticks(clock,830))
Fri Apr 21 10:04:50 BRT 2017   FINEST   ***** Started cycle #122 *****
Fri Apr 21 10:04:50 BRT 2017   FINEST   [cycle 122] environmental fact: sai__replace(nticks(clock,_3931),nticks(clock,840))
Fri Apr 21 10:04:50 BRT 2017   FINEST   ***** Started cycle #123 *****
Fri Apr 21 10:04:50 BRT 2017   FINEST   [cycle 123] environmental fact: sai__replace(nticks(clock,_3932),nticks(clock,850))
Fri Apr 21 10:04:50 BRT 2017   FINEST   ***** Started cycle #124 *****
Fri Apr 21 10:04:50 BRT 2017   FINEST   [cycle 124] environmental fact: sai__replace(nticks(clock,_3935),nticks(clock,860))
Fri Apr 21 10:04:50 BRT 2017   FINEST   ***** Started cycle #125 *****
Fri Apr 21 10:04:50 BRT 2017   FINEST   [cycle 125] environmental fact: sai__replace(nticks(clock,_3936),nticks(clock,870))
Fri Apr 21 10:04:50 BRT 2017   FINEST   ***** Started cycle #126 *****
Fri Apr 21 10:04:50 BRT 2017   FINEST   [cycle 126] environmental fact: sai__replace(nticks(clock,_3937),nticks(clock,880))
Fri Apr 21 10:04:50 BRT 2017   FINEST   ***** Started cycle #127 *****
Fri Apr 21 10:04:50 BRT 2017   FINEST   [cycle 127] environmental fact: sai__replace(nticks(clock,_3938),nticks(clock,890))
Fri Apr 21 10:04:50 BRT 2017   FINEST   ***** Started cycle #128 *****
Fri Apr 21 10:04:50 BRT 2017   FINEST   [cycle 128] environmental fact: sai__replace(nticks(clock,_3939),nticks(clock,900))
Fri Apr 21 10:04:50 BRT 2017   FINEST   ***** Started cycle #129 *****
Fri Apr 21 10:04:50 BRT 2017   FINEST   [cycle 129] environmental fact: sai__replace(nticks(clock,_3940),nticks(clock,910))
Fri Apr 21 10:04:50 BRT 2017   FINEST   ***** Started cycle #130 *****
Fri Apr 21 10:04:50 BRT 2017   FINEST   [cycle 130] environmental fact: sai__replace(nticks(clock,_3941),nticks(clock,920))
Fri Apr 21 10:04:50 BRT 2017   FINEST   ***** Started cycle #131 *****
Fri Apr 21 10:04:50 BRT 2017   FINEST   [cycle 131] environmental fact: sai__replace(nticks(clock,_3985),nticks(clock,930))
Fri Apr 21 10:04:50 BRT 2017   FINEST   ***** Started cycle #132 *****
Fri Apr 21 10:04:50 BRT 2017   FINEST   [cycle 132] environmental fact: sai__replace(nticks(clock,_4068),nticks(clock,940))
Fri Apr 21 10:04:50 BRT 2017   FINEST   ***** Started cycle #133 *****
Fri Apr 21 10:04:50 BRT 2017   FINEST   [cycle 133] environmental fact: sai__replace(nticks(clock,_4152),nticks(clock,950))
Fri Apr 21 10:04:50 BRT 2017   FINEST   ***** Started cycle #134 *****
Fri Apr 21 10:04:50 BRT 2017   FINEST   [cycle 134] environmental fact: sai__replace(nticks(clock,_4237),nticks(clock,960))
Fri Apr 21 10:04:50 BRT 2017   FINEST   ***** Started cycle #135 *****
Fri Apr 21 10:04:50 BRT 2017   FINEST   [cycle 135] environmental fact: sai__replace(nticks(clock,_4295),nticks(clock,970))
Fri Apr 21 10:04:50 BRT 2017   FINEST   ***** Started cycle #136 *****
Fri Apr 21 10:04:50 BRT 2017   FINEST   [cycle 136] environmental fact: sai__replace(nticks(clock,_4350),nticks(clock,980))
Fri Apr 21 10:04:50 BRT 2017   FINEST   ***** Started cycle #137 *****
Fri Apr 21 10:04:50 BRT 2017   FINEST   [cycle 137] environmental fact: sai__replace(nticks(clock,_4423),nticks(clock,990))
Fri Apr 21 10:04:50 BRT 2017   FINEST   ***** Started cycle #138 *****
Fri Apr 21 10:04:50 BRT 2017   FINEST   [cycle 138] environmental fact: sai__replace(nticks(clock,_4464),nticks(clock,1000))
Fri Apr 21 10:04:50 BRT 2017   FINEST   ***** Started cycle #139 *****
Fri Apr 21 10:04:50 BRT 2017   FINEST   [cycle 139] environmental fact: sai__replace(nticks(clock,_4533),nticks(clock,1010))
Fri Apr 21 10:04:50 BRT 2017   FINEST   ***** Started cycle #140 *****
Fri Apr 21 10:04:50 BRT 2017   FINEST   [cycle 140] environmental fact: sai__replace(nticks(clock,_4627),nticks(clock,1020))
Fri Apr 21 10:04:50 BRT 2017   FINEST   ***** Started cycle #142 *****
Fri Apr 21 10:04:50 BRT 2017   FINEST   [cycle 142] environmental fact: sai__replace(nticks(clock,_4672),nticks(clock,1030))
Fri Apr 21 10:04:50 BRT 2017   FINEST   ***** Started cycle #143 *****
Fri Apr 21 10:04:50 BRT 2017   FINEST   [cycle 143] environmental fact: sai__replace(nticks(clock,_4673),nticks(clock,1040))
Fri Apr 21 10:04:50 BRT 2017   FINEST   ***** Started cycle #144 *****
Fri Apr 21 10:04:50 BRT 2017   FINEST   [cycle 144] environmental fact: sai__replace(nticks(clock,_4674),nticks(clock,1050))
Fri Apr 21 10:04:50 BRT 2017   FINEST   ***** Started cycle #145 *****
Fri Apr 21 10:04:50 BRT 2017   FINEST   [cycle 145] environmental fact: sai__replace(nticks(clock,_4675),nticks(clock,1060))
Fri Apr 21 10:04:50 BRT 2017   FINEST   ***** Started cycle #146 *****
Fri Apr 21 10:04:50 BRT 2017   FINEST   [cycle 146] environmental fact: sai__replace(nticks(clock,_4676),nticks(clock,1070))
Fri Apr 21 10:04:50 BRT 2017   FINEST   ***** Started cycle #147 *****
Fri Apr 21 10:04:50 BRT 2017   FINEST   [cycle 147] environmental fact: sai__replace(nticks(clock,_4677),nticks(clock,1080))
Fri Apr 21 10:04:50 BRT 2017   FINEST   ***** Started cycle #148 *****
Fri Apr 21 10:04:50 BRT 2017   FINEST   [cycle 148] environmental fact: sai__replace(nticks(clock,_4678),nticks(clock,1090))
Fri Apr 21 10:04:50 BRT 2017   FINEST   ***** Started cycle #149 *****
Fri Apr 21 10:04:50 BRT 2017   FINEST   [cycle 149] environmental fact: sai__replace(nticks(clock,_4679),nticks(clock,1100))
Fri Apr 21 10:04:50 BRT 2017   FINEST   ***** Started cycle #150 *****
Fri Apr 21 10:04:50 BRT 2017   FINEST   [cycle 150] environmental fact: sai__replace(nticks(clock,_4684),nticks(clock,1110))
Fri Apr 21 10:04:50 BRT 2017   FINEST   ***** Started cycle #151 *****
Fri Apr 21 10:04:50 BRT 2017   FINEST   [cycle 151] environmental fact: sai__replace(nticks(clock,_4741),nticks(clock,1120))
Fri Apr 21 10:04:50 BRT 2017   FINEST   ***** Started cycle #152 *****
Fri Apr 21 10:04:50 BRT 2017   FINEST   [cycle 152] environmental fact: sai__replace(nticks(clock,_4830),nticks(clock,1130))
Fri Apr 21 10:04:50 BRT 2017   FINEST   ***** Started cycle #153 *****
Fri Apr 21 10:04:50 BRT 2017   FINEST   [cycle 153] environmental fact: sai__replace(nticks(clock,_4939),nticks(clock,1140))
Fri Apr 21 10:04:50 BRT 2017   FINEST   ***** Started cycle #154 *****
Fri Apr 21 10:04:50 BRT 2017   FINEST   [cycle 154] environmental fact: sai__replace(nticks(clock,_4973),nticks(clock,1150))
Fri Apr 21 10:04:50 BRT 2017   FINEST   ***** Started cycle #155 *****
Fri Apr 21 10:04:50 BRT 2017   FINEST   [cycle 155] environmental fact: sai__replace(nticks(clock,_5072),nticks(clock,1160))
Fri Apr 21 10:04:50 BRT 2017   FINEST   ***** Started cycle #156 *****
Fri Apr 21 10:04:50 BRT 2017   FINEST   [cycle 156] environmental fact: sai__replace(nticks(clock,_5181),nticks(clock,1170))
Fri Apr 21 10:04:50 BRT 2017   FINEST   ***** Started cycle #158 *****
Fri Apr 21 10:04:50 BRT 2017   FINEST   [cycle 158] environmental fact: sai__replace(nticks(clock,_5227),nticks(clock,1180))
Fri Apr 21 10:04:50 BRT 2017   FINEST   ***** Started cycle #159 *****
Fri Apr 21 10:04:50 BRT 2017   FINEST   [cycle 159] environmental fact: sai__replace(nticks(clock,_5228),nticks(clock,1190))
Fri Apr 21 10:04:50 BRT 2017   FINEST   ***** Started cycle #160 *****
Fri Apr 21 10:04:50 BRT 2017   FINEST   [cycle 160] environmental fact: sai__replace(nticks(clock,_5229),nticks(clock,1200))
Fri Apr 21 10:04:50 BRT 2017   FINEST   ***** Started cycle #161 *****
Fri Apr 21 10:04:50 BRT 2017   FINEST   [cycle 161] environmental fact: sai__replace(nticks(clock,_5230),nticks(clock,1210))
Fri Apr 21 10:04:50 BRT 2017   FINEST   ***** Started cycle #162 *****
Fri Apr 21 10:04:50 BRT 2017   FINEST   [cycle 162] environmental fact: sai__replace(nticks(clock,_5231),nticks(clock,1220))
Fri Apr 21 10:04:50 BRT 2017   FINEST   ***** Started cycle #163 *****
Fri Apr 21 10:04:50 BRT 2017   FINEST   [cycle 163] environmental fact: sai__replace(nticks(clock,_5232),nticks(clock,1230))
Fri Apr 21 10:04:50 BRT 2017   FINEST   ***** Started cycle #164 *****
Fri Apr 21 10:04:50 BRT 2017   FINEST   [cycle 164] environmental fact: sai__replace(nticks(clock,_5233),nticks(clock,1240))
Fri Apr 21 10:04:50 BRT 2017   FINEST   ***** Started cycle #165 *****
Fri Apr 21 10:04:50 BRT 2017   FINEST   [cycle 165] environmental fact: sai__replace(nticks(clock,_5234),nticks(clock,1250))
Fri Apr 21 10:04:50 BRT 2017   FINEST   ***** Started cycle #166 *****
Fri Apr 21 10:04:50 BRT 2017   FINEST   [cycle 166] environmental fact: sai__replace(nticks(clock,_5235),nticks(clock,1260))
Fri Apr 21 10:04:50 BRT 2017   FINEST   ***** Started cycle #167 *****
Fri Apr 21 10:04:50 BRT 2017   FINEST   [cycle 167] environmental fact: sai__replace(nticks(clock,_5243),nticks(clock,1270))
Fri Apr 21 10:04:50 BRT 2017   FINEST   ***** Started cycle #168 *****
Fri Apr 21 10:04:50 BRT 2017   FINEST   [cycle 168] environmental fact: sai__replace(nticks(clock,_5352),nticks(clock,1280))
Fri Apr 21 10:04:50 BRT 2017   FINEST   ***** Started cycle #169 *****
Fri Apr 21 10:04:50 BRT 2017   FINEST   [cycle 169] environmental fact: sai__replace(nticks(clock,_5471),nticks(clock,1290))
Fri Apr 21 10:04:50 BRT 2017   FINEST   ***** Started cycle #170 *****
Fri Apr 21 10:04:50 BRT 2017   FINEST   [cycle 170] environmental fact: sai__replace(nticks(clock,_5595),nticks(clock,1300))
Fri Apr 21 10:04:50 BRT 2017   FINEST   ***** Started cycle #172 *****
Fri Apr 21 10:04:50 BRT 2017   FINEST   [cycle 172] environmental fact: sai__replace(nticks(clock,_5708),nticks(clock,1310))
Fri Apr 21 10:04:50 BRT 2017   FINEST   ***** Started cycle #173 *****
Fri Apr 21 10:04:50 BRT 2017   FINEST   [cycle 173] environmental fact: sai__replace(nticks(clock,_5709),nticks(clock,1320))
Fri Apr 21 10:04:50 BRT 2017   FINEST   ***** Started cycle #174 *****
Fri Apr 21 10:04:50 BRT 2017   FINEST   [cycle 174] environmental fact: sai__replace(nticks(clock,_5710),nticks(clock,1330))
Fri Apr 21 10:04:50 BRT 2017   FINEST   ***** Started cycle #175 *****
Fri Apr 21 10:04:50 BRT 2017   FINEST   [cycle 175] environmental fact: sai__replace(nticks(clock,_5711),nticks(clock,1340))
Fri Apr 21 10:04:50 BRT 2017   FINEST   ***** Started cycle #176 *****
Fri Apr 21 10:04:50 BRT 2017   FINEST   [cycle 176] environmental fact: sai__replace(nticks(clock,_5712),nticks(clock,1350))
Fri Apr 21 10:04:50 BRT 2017   FINEST   ***** Started cycle #177 *****
Fri Apr 21 10:04:50 BRT 2017   FINEST   [cycle 177] environmental fact: sai__replace(nticks(clock,_5713),nticks(clock,1360))
Fri Apr 21 10:04:50 BRT 2017   FINEST   ***** Started cycle #178 *****
Fri Apr 21 10:04:50 BRT 2017   FINEST   [cycle 178] environmental fact: sai__replace(nticks(clock,_5714),nticks(clock,1370))
Fri Apr 21 10:04:50 BRT 2017   FINEST   ***** Started cycle #179 *****
Fri Apr 21 10:04:50 BRT 2017   FINEST   [cycle 179] environmental fact: sai__replace(nticks(clock,_5715),nticks(clock,1380))
Fri Apr 21 10:04:50 BRT 2017   FINEST   ***** Started cycle #180 *****
Fri Apr 21 10:04:50 BRT 2017   FINEST   [cycle 180] environmental fact: sai__replace(nticks(clock,_5716),nticks(clock,1390))
Fri Apr 21 10:04:50 BRT 2017   FINEST   ***** Started cycle #181 *****
Fri Apr 21 10:04:50 BRT 2017   FINEST   [cycle 181] environmental fact: sai__replace(nticks(clock,_5717),nticks(clock,1400))
Fri Apr 21 10:04:50 BRT 2017   FINEST   ***** Started cycle #182 *****
Fri Apr 21 10:04:50 BRT 2017   FINEST   [cycle 182] environmental fact: sai__replace(nticks(clock,_5855),nticks(clock,1410))
Fri Apr 21 10:04:50 BRT 2017   FINEST   ***** Started cycle #183 *****
Fri Apr 21 10:04:50 BRT 2017   FINEST   [cycle 183] environmental fact: sai__replace(nticks(clock,_5988),nticks(clock,1420))
Fri Apr 21 10:04:50 BRT 2017   FINEST   ***** Started cycle #184 *****
Fri Apr 21 10:04:50 BRT 2017   FINEST   [cycle 184] environmental fact: sai__replace(nticks(clock,_6123),nticks(clock,1430))
Fri Apr 21 10:04:51 BRT 2017   FINEST   ***** Started cycle #186 *****
Fri Apr 21 10:04:51 BRT 2017   FINEST   [cycle 186] environmental fact: sai__replace(nticks(clock,_6189),nticks(clock,1440))
Fri Apr 21 10:04:51 BRT 2017   FINEST   ***** Started cycle #187 *****
Fri Apr 21 10:04:51 BRT 2017   FINEST   [cycle 187] environmental fact: sai__replace(nticks(clock,_6190),nticks(clock,1450))
Fri Apr 21 10:04:51 BRT 2017   FINEST   ***** Started cycle #188 *****
Fri Apr 21 10:04:51 BRT 2017   FINEST   [cycle 188] environmental fact: sai__replace(nticks(clock,_6191),nticks(clock,1460))
Fri Apr 21 10:04:51 BRT 2017   FINEST   ***** Started cycle #189 *****
Fri Apr 21 10:04:51 BRT 2017   FINEST   [cycle 189] environmental fact: sai__replace(nticks(clock,_6192),nticks(clock,1470))
Fri Apr 21 10:04:51 BRT 2017   FINEST   ***** Started cycle #190 *****
Fri Apr 21 10:04:51 BRT 2017   FINEST   [cycle 190] environmental fact: sai__replace(nticks(clock,_6193),nticks(clock,1480))
Fri Apr 21 10:04:51 BRT 2017   FINEST   ***** Started cycle #191 *****
Fri Apr 21 10:04:51 BRT 2017   FINEST   [cycle 191] environmental fact: sai__replace(nticks(clock,_6194),nticks(clock,1490))
Fri Apr 21 10:04:51 BRT 2017   FINEST   ***** Started cycle #192 *****
Fri Apr 21 10:04:51 BRT 2017   FINEST   [cycle 192] environmental fact: sai__replace(nticks(clock,_6195),nticks(clock,1500))
Fri Apr 21 10:04:51 BRT 2017   FINEST   ***** Started cycle #193 *****
Fri Apr 21 10:04:51 BRT 2017   FINEST   [cycle 193] environmental fact: sai__replace(nticks(clock,_6196),nticks(clock,1510))
Fri Apr 21 10:04:51 BRT 2017   FINEST   ***** Started cycle #194 *****
Fri Apr 21 10:04:51 BRT 2017   FINEST   [cycle 194] environmental fact: sai__replace(nticks(clock,_6197),nticks(clock,1520))
Fri Apr 21 10:04:51 BRT 2017   FINEST   ***** Started cycle #195 *****
Fri Apr 21 10:04:51 BRT 2017   FINEST   [cycle 195] environmental fact: sai__replace(nticks(clock,_6198),nticks(clock,1530))
Fri Apr 21 10:04:51 BRT 2017   FINEST   ***** Started cycle #196 *****
Fri Apr 21 10:04:51 BRT 2017   FINEST   [cycle 196] environmental fact: sai__replace(nticks(clock,_6307),nticks(clock,1540))
Fri Apr 21 10:04:51 BRT 2017   FINEST   ***** Started cycle #197 *****
Fri Apr 21 10:04:51 BRT 2017   FINEST   [cycle 197] environmental fact: sai__replace(nticks(clock,_6443),nticks(clock,1550))
Fri Apr 21 10:04:51 BRT 2017   FINEST   ***** Started cycle #198 *****
Fri Apr 21 10:04:51 BRT 2017   FINEST   [cycle 198] environmental fact: sai__replace(nticks(clock,_6597),nticks(clock,1560))
Fri Apr 21 10:04:51 BRT 2017   FINEST   ***** Started cycle #200 *****
Fri Apr 21 10:04:51 BRT 2017   FINEST   [cycle 200] environmental fact: sai__replace(nticks(clock,_6670),nticks(clock,1570))
Fri Apr 21 10:04:51 BRT 2017   FINEST   ***** Started cycle #201 *****
Fri Apr 21 10:04:51 BRT 2017   FINEST   [cycle 201] environmental fact: sai__replace(nticks(clock,_6671),nticks(clock,1580))
Fri Apr 21 10:04:51 BRT 2017   FINEST   ***** Started cycle #202 *****
Fri Apr 21 10:04:51 BRT 2017   FINEST   [cycle 202] environmental fact: sai__replace(nticks(clock,_6672),nticks(clock,1590))
Fri Apr 21 10:04:51 BRT 2017   FINEST   ***** Started cycle #203 *****
Fri Apr 21 10:04:51 BRT 2017   FINEST   [cycle 203] environmental fact: sai__replace(nticks(clock,_6673),nticks(clock,1600))
Fri Apr 21 10:04:51 BRT 2017   FINEST   ***** Started cycle #204 *****
Fri Apr 21 10:04:51 BRT 2017   FINEST   [cycle 204] environmental fact: sai__replace(nticks(clock,_6674),nticks(clock,1610))
Fri Apr 21 10:04:51 BRT 2017   FINEST   ***** Started cycle #205 *****
Fri Apr 21 10:04:51 BRT 2017   FINEST   [cycle 205] environmental fact: sai__replace(nticks(clock,_6675),nticks(clock,1620))
Fri Apr 21 10:04:51 BRT 2017   FINEST   ***** Started cycle #206 *****
Fri Apr 21 10:04:51 BRT 2017   FINEST   [cycle 206] environmental fact: sai__replace(nticks(clock,_6676),nticks(clock,1630))
Fri Apr 21 10:04:51 BRT 2017   FINEST   ***** Started cycle #207 *****
Fri Apr 21 10:04:51 BRT 2017   FINEST   [cycle 207] environmental fact: sai__replace(nticks(clock,_6677),nticks(clock,1640))
Fri Apr 21 10:04:51 BRT 2017   FINEST   ***** Started cycle #208 *****
Fri Apr 21 10:04:51 BRT 2017   FINEST   [cycle 208] environmental fact: sai__replace(nticks(clock,_6678),nticks(clock,1650))
Fri Apr 21 10:04:51 BRT 2017   FINEST   ***** Started cycle #209 *****
Fri Apr 21 10:04:51 BRT 2017   FINEST   [cycle 209] environmental fact: sai__replace(nticks(clock,_6679),nticks(clock,1660))
Fri Apr 21 10:04:51 BRT 2017   FINEST   ***** Started cycle #210 *****
Fri Apr 21 10:04:51 BRT 2017   FINEST   [cycle 210] environmental fact: sai__replace(nticks(clock,_6795),nticks(clock,1670))
Fri Apr 21 10:04:51 BRT 2017   FINEST   ***** Started cycle #211 *****
Fri Apr 21 10:04:51 BRT 2017   FINEST   [cycle 211] environmental fact: sai__replace(nticks(clock,_6933),nticks(clock,1680))
Fri Apr 21 10:04:51 BRT 2017   FINEST   ***** Started cycle #212 *****
Fri Apr 21 10:04:51 BRT 2017   FINEST   [cycle 212] environmental fact: sai__replace(nticks(clock,_7046),nticks(clock,1690))
Fri Apr 21 10:04:51 BRT 2017   FINEST   ***** Started cycle #213 *****
Fri Apr 21 10:04:51 BRT 2017   FINEST   [cycle 213] environmental fact: sai__replace(nticks(clock,_7146),nticks(clock,1700))
Fri Apr 21 10:04:51 BRT 2017   FINEST   ***** Started cycle #215 *****
Fri Apr 21 10:04:51 BRT 2017   FINEST   [cycle 215] environmental fact: sai__replace(nticks(clock,_7188),nticks(clock,1710))
Fri Apr 21 10:04:51 BRT 2017   FINEST   ***** Started cycle #216 *****
Fri Apr 21 10:04:51 BRT 2017   FINEST   [cycle 216] environmental fact: sai__replace(nticks(clock,_7189),nticks(clock,1720))
Fri Apr 21 10:04:51 BRT 2017   FINEST   ***** Started cycle #217 *****
Fri Apr 21 10:04:51 BRT 2017   FINEST   [cycle 217] environmental fact: sai__replace(nticks(clock,_7190),nticks(clock,1730))
Fri Apr 21 10:04:51 BRT 2017   FINEST   ***** Started cycle #218 *****
Fri Apr 21 10:04:51 BRT 2017   FINEST   [cycle 218] environmental fact: sai__replace(nticks(clock,_7191),nticks(clock,1740))
Fri Apr 21 10:04:51 BRT 2017   FINEST   ***** Started cycle #219 *****
Fri Apr 21 10:04:51 BRT 2017   FINEST   [cycle 219] environmental fact: sai__replace(nticks(clock,_7192),nticks(clock,1750))
Fri Apr 21 10:04:51 BRT 2017   FINEST   ***** Started cycle #220 *****
Fri Apr 21 10:04:51 BRT 2017   FINEST   [cycle 220] environmental fact: sai__replace(nticks(clock,_7193),nticks(clock,1760))
Fri Apr 21 10:04:51 BRT 2017   FINEST   ***** Started cycle #221 *****
Fri Apr 21 10:04:51 BRT 2017   FINEST   [cycle 221] environmental fact: sai__replace(nticks(clock,_7194),nticks(clock,1770))
Fri Apr 21 10:04:51 BRT 2017   FINEST   ***** Started cycle #222 *****
Fri Apr 21 10:04:51 BRT 2017   FINEST   [cycle 222] environmental fact: sai__replace(nticks(clock,_7195),nticks(clock,1780))
Fri Apr 21 10:04:51 BRT 2017   FINEST   ***** Started cycle #223 *****
Fri Apr 21 10:04:51 BRT 2017   FINEST   [cycle 223] environmental fact: sai__replace(nticks(clock,_7196),nticks(clock,1790))
Fri Apr 21 10:04:51 BRT 2017   FINEST   ***** Started cycle #224 *****
Fri Apr 21 10:04:51 BRT 2017   FINEST   [cycle 224] environmental fact: sai__replace(nticks(clock,_7204),nticks(clock,1800))
Fri Apr 21 10:04:51 BRT 2017   FINEST   ***** Started cycle #225 *****
Fri Apr 21 10:04:51 BRT 2017   FINEST   [cycle 225] environmental fact: sai__replace(nticks(clock,_7307),nticks(clock,1810))
Fri Apr 21 10:04:51 BRT 2017   FINEST   ***** Started cycle #226 *****
Fri Apr 21 10:04:51 BRT 2017   FINEST   [cycle 226] environmental fact: sai__replace(nticks(clock,_7416),nticks(clock,1820))
Fri Apr 21 10:04:51 BRT 2017   FINEST   ***** Started cycle #227 *****
Fri Apr 21 10:04:51 BRT 2017   FINEST   [cycle 227] environmental fact: sai__replace(nticks(clock,_7499),nticks(clock,1830))
Fri Apr 21 10:04:51 BRT 2017   FINEST   ***** Started cycle #228 *****
Fri Apr 21 10:04:51 BRT 2017   FINEST   [cycle 228] environmental fact: sai__replace(nticks(clock,_7644),nticks(clock,1840))
Fri Apr 21 10:04:51 BRT 2017   FINEST   ***** Started cycle #230 *****
Fri Apr 21 10:04:51 BRT 2017   FINEST   [cycle 230] environmental fact: sai__replace(nticks(clock,_7706),nticks(clock,1850))
Fri Apr 21 10:04:51 BRT 2017   FINEST   ***** Started cycle #231 *****
Fri Apr 21 10:04:51 BRT 2017   FINEST   [cycle 231] environmental fact: sai__replace(nticks(clock,_7707),nticks(clock,1860))
Fri Apr 21 10:04:51 BRT 2017   FINEST   ***** Started cycle #232 *****
Fri Apr 21 10:04:51 BRT 2017   FINEST   [cycle 232] environmental fact: sai__replace(nticks(clock,_7708),nticks(clock,1870))
Fri Apr 21 10:04:51 BRT 2017   FINEST   ***** Started cycle #233 *****
Fri Apr 21 10:04:51 BRT 2017   FINEST   [cycle 233] environmental fact: sai__replace(nticks(clock,_7709),nticks(clock,1880))
Fri Apr 21 10:04:51 BRT 2017   FINEST   ***** Started cycle #234 *****
Fri Apr 21 10:04:51 BRT 2017   FINEST   [cycle 234] environmental fact: sai__replace(nticks(clock,_7710),nticks(clock,1890))
Fri Apr 21 10:04:51 BRT 2017   FINEST   ***** Started cycle #235 *****
Fri Apr 21 10:04:51 BRT 2017   FINEST   [cycle 235] environmental fact: sai__replace(nticks(clock,_7711),nticks(clock,1900))
Fri Apr 21 10:04:51 BRT 2017   FINEST   ***** Started cycle #236 *****
Fri Apr 21 10:04:51 BRT 2017   FINEST   [cycle 236] environmental fact: sai__replace(nticks(clock,_7712),nticks(clock,1910))
Fri Apr 21 10:04:51 BRT 2017   FINEST   ***** Started cycle #237 *****
Fri Apr 21 10:04:51 BRT 2017   FINEST   [cycle 237] environmental fact: sai__replace(nticks(clock,_7713),nticks(clock,1920))
Fri Apr 21 10:04:51 BRT 2017   FINEST   ***** Started cycle #238 *****
Fri Apr 21 10:04:51 BRT 2017   FINEST   [cycle 238] environmental fact: sai__replace(nticks(clock,_7714),nticks(clock,1930))
Fri Apr 21 10:04:51 BRT 2017   FINEST   ***** Started cycle #239 *****
Fri Apr 21 10:04:51 BRT 2017   FINEST   [cycle 239] environmental fact: sai__replace(nticks(clock,_7886),nticks(clock,1940))
Fri Apr 21 10:04:51 BRT 2017   FINEST   ***** Started cycle #240 *****
Fri Apr 21 10:04:51 BRT 2017   FINEST   [cycle 240] environmental fact: sai__replace(nticks(clock,_8015),nticks(clock,1950))
Fri Apr 21 10:04:51 BRT 2017   FINEST   ***** Started cycle #242 *****
Fri Apr 21 10:04:51 BRT 2017   FINEST   [cycle 242] environmental fact: sai__replace(nticks(clock,_8113),nticks(clock,1960))
Fri Apr 21 10:04:51 BRT 2017   FINEST   ***** Started cycle #243 *****
Fri Apr 21 10:04:51 BRT 2017   FINEST   [cycle 243] environmental fact: sai__replace(nticks(clock,_8114),nticks(clock,1970))
Fri Apr 21 10:04:51 BRT 2017   FINEST   ***** Started cycle #244 *****
Fri Apr 21 10:04:51 BRT 2017   FINEST   [cycle 244] environmental fact: sai__replace(nticks(clock,_8115),nticks(clock,1980))
Fri Apr 21 10:04:51 BRT 2017   FINEST   ***** Started cycle #245 *****
Fri Apr 21 10:04:51 BRT 2017   FINEST   [cycle 245] environmental fact: sai__replace(nticks(clock,_8116),nticks(clock,1990))
Fri Apr 21 10:04:51 BRT 2017   FINEST   ***** Started cycle #246 *****
Fri Apr 21 10:04:51 BRT 2017   FINEST   [cycle 246] environmental fact: sai__replace(nticks(clock,_8117),nticks(clock,2000))
Fri Apr 21 10:04:51 BRT 2017   FINEST   ***** Started cycle #247 *****
Fri Apr 21 10:04:51 BRT 2017   FINEST   [cycle 247] environmental fact: sai__replace(nticks(clock,_8118),nticks(clock,2010))
Fri Apr 21 10:04:51 BRT 2017   FINEST   ***** Started cycle #248 *****
Fri Apr 21 10:04:51 BRT 2017   FINEST   [cycle 248] environmental fact: sai__replace(nticks(clock,_8119),nticks(clock,2020))
Fri Apr 21 10:04:51 BRT 2017   FINEST   ***** Started cycle #249 *****
Fri Apr 21 10:04:51 BRT 2017   FINEST   [cycle 249] environmental fact: sai__replace(nticks(clock,_8120),nticks(clock,2030))
Fri Apr 21 10:04:51 BRT 2017   FINEST   ***** Started cycle #250 *****
Fri Apr 21 10:04:51 BRT 2017   FINEST   [cycle 250] environmental fact: sai__replace(nticks(clock,_8121),nticks(clock,2040))
Fri Apr 21 10:04:51 BRT 2017   FINEST   ***** Started cycle #251 *****
Fri Apr 21 10:04:51 BRT 2017   FINEST   [cycle 251] environmental fact: sai__replace(nticks(clock,_8122),nticks(clock,2050))
Fri Apr 21 10:04:51 BRT 2017   FINEST   ***** Started cycle #252 *****
Fri Apr 21 10:04:51 BRT 2017   FINEST   [cycle 252] environmental fact: sai__replace(nticks(clock,_8274),nticks(clock,2060))
Fri Apr 21 10:04:51 BRT 2017   FINEST   ***** Started cycle #254 *****
Fri Apr 21 10:04:51 BRT 2017   FINEST   [cycle 254] environmental fact: sai__replace(nticks(clock,_8520),nticks(clock,2070))
Fri Apr 21 10:04:51 BRT 2017   FINEST   ***** Started cycle #255 *****
Fri Apr 21 10:04:51 BRT 2017   FINEST   [cycle 255] environmental fact: sai__replace(nticks(clock,_8521),nticks(clock,2080))
Fri Apr 21 10:04:51 BRT 2017   FINEST   ***** Started cycle #256 *****
Fri Apr 21 10:04:51 BRT 2017   FINEST   [cycle 256] environmental fact: sai__replace(nticks(clock,_8522),nticks(clock,2090))
Fri Apr 21 10:04:51 BRT 2017   FINEST   ***** Started cycle #257 *****
Fri Apr 21 10:04:51 BRT 2017   FINEST   [cycle 257] environmental fact: sai__replace(nticks(clock,_8523),nticks(clock,2100))
Fri Apr 21 10:04:51 BRT 2017   FINEST   ***** Started cycle #258 *****
Fri Apr 21 10:04:51 BRT 2017   FINEST   [cycle 258] environmental fact: sai__replace(nticks(clock,_8524),nticks(clock,2110))
Fri Apr 21 10:04:51 BRT 2017   FINEST   ***** Started cycle #259 *****
Fri Apr 21 10:04:51 BRT 2017   FINEST   [cycle 259] environmental fact: sai__replace(nticks(clock,_8525),nticks(clock,2120))
Fri Apr 21 10:04:51 BRT 2017   FINEST   ***** Started cycle #260 *****
Fri Apr 21 10:04:51 BRT 2017   FINEST   [cycle 260] environmental fact: sai__replace(nticks(clock,_8526),nticks(clock,2130))
Fri Apr 21 10:04:51 BRT 2017   FINEST   ***** Started cycle #261 *****
Fri Apr 21 10:04:51 BRT 2017   FINEST   [cycle 261] environmental fact: sai__replace(nticks(clock,_8527),nticks(clock,2140))
Fri Apr 21 10:04:51 BRT 2017   FINEST   ***** Started cycle #262 *****
Fri Apr 21 10:04:51 BRT 2017   FINEST   [cycle 262] environmental fact: sai__replace(nticks(clock,_8528),nticks(clock,2150))
Fri Apr 21 10:04:51 BRT 2017   FINEST   ***** Started cycle #263 *****
Fri Apr 21 10:04:51 BRT 2017   FINEST   [cycle 263] environmental fact: sai__replace(nticks(clock,_8529),nticks(clock,2160))
Fri Apr 21 10:04:51 BRT 2017   FINEST   ***** Started cycle #264 *****
Fri Apr 21 10:04:51 BRT 2017   FINEST   [cycle 264] environmental fact: sai__replace(nticks(clock,_8606),nticks(clock,2170))
Fri Apr 21 10:04:51 BRT 2017   FINEST   ***** Started cycle #265 *****
Fri Apr 21 10:04:51 BRT 2017   FINEST   [cycle 265] environmental fact: sai__replace(nticks(clock,_8754),nticks(clock,2180))
Fri Apr 21 10:04:51 BRT 2017   FINEST   ***** Started cycle #266 *****
Fri Apr 21 10:04:51 BRT 2017   FINEST   [cycle 266] environmental fact: sai__replace(nticks(clock,_8909),nticks(clock,2190))
Fri Apr 21 10:04:51 BRT 2017   FINEST   ***** Started cycle #268 *****
Fri Apr 21 10:04:51 BRT 2017   FINEST   [cycle 268] environmental fact: sai__replace(nticks(clock,_9001),nticks(clock,2200))
Fri Apr 21 10:04:51 BRT 2017   FINEST   ***** Started cycle #269 *****
Fri Apr 21 10:04:51 BRT 2017   FINEST   [cycle 269] environmental fact: sai__replace(nticks(clock,_9002),nticks(clock,2210))
Fri Apr 21 10:04:51 BRT 2017   FINEST   ***** Started cycle #270 *****
Fri Apr 21 10:04:51 BRT 2017   FINEST   [cycle 270] environmental fact: sai__replace(nticks(clock,_9003),nticks(clock,2220))
Fri Apr 21 10:04:51 BRT 2017   FINEST   ***** Started cycle #271 *****
Fri Apr 21 10:04:51 BRT 2017   FINEST   [cycle 271] environmental fact: sai__replace(nticks(clock,_9004),nticks(clock,2230))
Fri Apr 21 10:04:51 BRT 2017   FINEST   ***** Started cycle #272 *****
Fri Apr 21 10:04:51 BRT 2017   FINEST   [cycle 272] environmental fact: sai__replace(nticks(clock,_9005),nticks(clock,2240))
Fri Apr 21 10:04:51 BRT 2017   FINEST   ***** Started cycle #273 *****
Fri Apr 21 10:04:51 BRT 2017   FINEST   [cycle 273] environmental fact: sai__replace(nticks(clock,_9006),nticks(clock,2250))
Fri Apr 21 10:04:51 BRT 2017   FINEST   ***** Started cycle #274 *****
Fri Apr 21 10:04:51 BRT 2017   FINEST   [cycle 274] environmental fact: sai__replace(nticks(clock,_9007),nticks(clock,2260))
Fri Apr 21 10:04:51 BRT 2017   FINEST   ***** Started cycle #275 *****
Fri Apr 21 10:04:51 BRT 2017   FINEST   [cycle 275] environmental fact: sai__replace(nticks(clock,_9008),nticks(clock,2270))
Fri Apr 21 10:04:51 BRT 2017   FINEST   ***** Started cycle #276 *****
Fri Apr 21 10:04:51 BRT 2017   FINEST   [cycle 276] environmental fact: sai__replace(nticks(clock,_9009),nticks(clock,2280))
Fri Apr 21 10:04:51 BRT 2017   FINEST   ***** Started cycle #277 *****
Fri Apr 21 10:04:51 BRT 2017   FINEST   [cycle 277] environmental fact: sai__replace(nticks(clock,_9010),nticks(clock,2290))
Fri Apr 21 10:04:51 BRT 2017   FINEST   ***** Started cycle #278 *****
Fri Apr 21 10:04:51 BRT 2017   FINEST   [cycle 278] environmental fact: sai__replace(nticks(clock,_9140),nticks(clock,2300))
Fri Apr 21 10:04:51 BRT 2017   FINEST   ***** Started cycle #279 *****
Fri Apr 21 10:04:51 BRT 2017   FINEST   [cycle 279] environmental fact: sai__replace(nticks(clock,_9304),nticks(clock,2310))
Fri Apr 21 10:04:51 BRT 2017   FINEST   ***** Started cycle #281 *****
Fri Apr 21 10:04:51 BRT 2017   FINEST   [cycle 281] environmental fact: sai__replace(nticks(clock,_9445),nticks(clock,2320))
Fri Apr 21 10:04:51 BRT 2017   FINEST   ***** Started cycle #282 *****
Fri Apr 21 10:04:51 BRT 2017   FINEST   [cycle 282] environmental fact: sai__replace(nticks(clock,_9446),nticks(clock,2330))
Fri Apr 21 10:04:51 BRT 2017   FINEST   ***** Started cycle #283 *****
Fri Apr 21 10:04:51 BRT 2017   FINEST   [cycle 283] environmental fact: sai__replace(nticks(clock,_9447),nticks(clock,2340))
Fri Apr 21 10:04:51 BRT 2017   FINEST   ***** Started cycle #284 *****
Fri Apr 21 10:04:51 BRT 2017   FINEST   [cycle 284] environmental fact: sai__replace(nticks(clock,_9448),nticks(clock,2350))
Fri Apr 21 10:04:52 BRT 2017   FINEST   ***** Started cycle #285 *****
Fri Apr 21 10:04:52 BRT 2017   FINEST   [cycle 285] environmental fact: sai__replace(nticks(clock,_9449),nticks(clock,2360))
Fri Apr 21 10:04:52 BRT 2017   FINEST   ***** Started cycle #286 *****
Fri Apr 21 10:04:52 BRT 2017   FINEST   [cycle 286] environmental fact: sai__replace(nticks(clock,_9450),nticks(clock,2370))
Fri Apr 21 10:04:52 BRT 2017   FINEST   ***** Started cycle #287 *****
Fri Apr 21 10:04:52 BRT 2017   FINEST   [cycle 287] environmental fact: sai__replace(nticks(clock,_9451),nticks(clock,2380))
Fri Apr 21 10:04:52 BRT 2017   FINEST   ***** Started cycle #288 *****
Fri Apr 21 10:04:52 BRT 2017   FINEST   [cycle 288] environmental fact: sai__replace(nticks(clock,_9452),nticks(clock,2390))
Fri Apr 21 10:04:52 BRT 2017   FINEST   ***** Started cycle #289 *****
Fri Apr 21 10:04:52 BRT 2017   FINEST   [cycle 289] environmental fact: sai__replace(nticks(clock,_9453),nticks(clock,2400))
Fri Apr 21 10:04:52 BRT 2017   FINEST   ***** Started cycle #290 *****
Fri Apr 21 10:04:52 BRT 2017   FINEST   [cycle 290] environmental fact: sai__replace(nticks(clock,_9454),nticks(clock,2410))
Fri Apr 21 10:04:52 BRT 2017   FINEST   ***** Started cycle #291 *****
Fri Apr 21 10:04:52 BRT 2017   FINEST   [cycle 291] environmental fact: sai__replace(nticks(clock,_9600),nticks(clock,2420))
Fri Apr 21 10:04:52 BRT 2017   FINEST   ***** Started cycle #292 *****
Fri Apr 21 10:04:52 BRT 2017   FINEST   [cycle 292] environmental fact: sai__replace(nticks(clock,_9787),nticks(clock,2430))
Fri Apr 21 10:04:52 BRT 2017   FINEST   ***** Started cycle #294 *****
Fri Apr 21 10:04:52 BRT 2017   FINEST   [cycle 294] environmental fact: sai__replace(nticks(clock,_9889),nticks(clock,2440))
Fri Apr 21 10:04:52 BRT 2017   FINEST   ***** Started cycle #295 *****
Fri Apr 21 10:04:52 BRT 2017   FINEST   [cycle 295] environmental fact: sai__replace(nticks(clock,_9890),nticks(clock,2450))
Fri Apr 21 10:04:52 BRT 2017   FINEST   ***** Started cycle #296 *****
Fri Apr 21 10:04:52 BRT 2017   FINEST   [cycle 296] environmental fact: sai__replace(nticks(clock,_9891),nticks(clock,2460))
Fri Apr 21 10:04:52 BRT 2017   FINEST   ***** Started cycle #297 *****
Fri Apr 21 10:04:52 BRT 2017   FINEST   [cycle 297] environmental fact: sai__replace(nticks(clock,_9892),nticks(clock,2470))
Fri Apr 21 10:04:52 BRT 2017   FINEST   ***** Started cycle #298 *****
Fri Apr 21 10:04:52 BRT 2017   FINEST   [cycle 298] environmental fact: sai__replace(nticks(clock,_9893),nticks(clock,2480))
Fri Apr 21 10:04:52 BRT 2017   FINEST   ***** Started cycle #299 *****
Fri Apr 21 10:04:52 BRT 2017   FINEST   [cycle 299] environmental fact: sai__replace(nticks(clock,_9894),nticks(clock,2490))
Fri Apr 21 10:04:52 BRT 2017   FINEST   ***** Started cycle #300 *****
Fri Apr 21 10:04:52 BRT 2017   FINEST   [cycle 300] environmental fact: sai__replace(nticks(clock,_9895),nticks(clock,2500))
Fri Apr 21 10:04:52 BRT 2017   FINEST   ***** Started cycle #301 *****
Fri Apr 21 10:04:52 BRT 2017   FINEST   [cycle 301] environmental fact: sai__replace(nticks(clock,_9896),nticks(clock,2510))
Fri Apr 21 10:04:52 BRT 2017   FINEST   ***** Started cycle #302 *****
Fri Apr 21 10:04:52 BRT 2017   FINEST   [cycle 302] environmental fact: sai__replace(nticks(clock,_9897),nticks(clock,2520))
Fri Apr 21 10:04:52 BRT 2017   FINEST   ***** Started cycle #303 *****
Fri Apr 21 10:04:52 BRT 2017   FINEST   [cycle 303] environmental fact: sai__replace(nticks(clock,_9898),nticks(clock,2530))
Fri Apr 21 10:04:52 BRT 2017   FINEST   ***** Started cycle #304 *****
Fri Apr 21 10:04:52 BRT 2017   FINEST   [cycle 304] environmental fact: sai__replace(nticks(clock,_10050),nticks(clock,2540))
Fri Apr 21 10:04:52 BRT 2017   FINEST   ***** Started cycle #305 *****
Fri Apr 21 10:04:52 BRT 2017   FINEST   [cycle 305] environmental fact: sai__replace(nticks(clock,_10241),nticks(clock,2550))
Fri Apr 21 10:04:52 BRT 2017   FINEST   ***** Started cycle #307 *****
Fri Apr 21 10:04:52 BRT 2017   FINEST   [cycle 307] environmental fact: sai__replace(nticks(clock,_10333),nticks(clock,2560))
Fri Apr 21 10:04:52 BRT 2017   FINEST   ***** Started cycle #308 *****
Fri Apr 21 10:04:52 BRT 2017   FINEST   [cycle 308] environmental fact: sai__replace(nticks(clock,_10334),nticks(clock,2570))
Fri Apr 21 10:04:52 BRT 2017   FINEST   ***** Started cycle #309 *****
Fri Apr 21 10:04:52 BRT 2017   FINEST   [cycle 309] environmental fact: sai__replace(nticks(clock,_10335),nticks(clock,2580))
Fri Apr 21 10:04:52 BRT 2017   FINEST   ***** Started cycle #310 *****
Fri Apr 21 10:04:52 BRT 2017   FINEST   [cycle 310] environmental fact: sai__replace(nticks(clock,_10336),nticks(clock,2590))
Fri Apr 21 10:04:52 BRT 2017   FINEST   ***** Started cycle #311 *****
Fri Apr 21 10:04:52 BRT 2017   FINEST   [cycle 311] environmental fact: sai__replace(nticks(clock,_10337),nticks(clock,2600))
Fri Apr 21 10:04:52 BRT 2017   FINEST   ***** Started cycle #312 *****
Fri Apr 21 10:04:52 BRT 2017   FINEST   [cycle 312] environmental fact: sai__replace(nticks(clock,_10338),nticks(clock,2610))
Fri Apr 21 10:04:52 BRT 2017   FINEST   ***** Started cycle #313 *****
Fri Apr 21 10:04:52 BRT 2017   FINEST   [cycle 313] environmental fact: sai__replace(nticks(clock,_10339),nticks(clock,2620))
Fri Apr 21 10:04:52 BRT 2017   FINEST   ***** Started cycle #314 *****
Fri Apr 21 10:04:52 BRT 2017   FINEST   [cycle 314] environmental fact: sai__replace(nticks(clock,_10340),nticks(clock,2630))
Fri Apr 21 10:04:52 BRT 2017   FINEST   ***** Started cycle #315 *****
Fri Apr 21 10:04:52 BRT 2017   FINEST   [cycle 315] environmental fact: sai__replace(nticks(clock,_10341),nticks(clock,2640))
Fri Apr 21 10:04:52 BRT 2017   FINEST   ***** Started cycle #316 *****
Fri Apr 21 10:04:52 BRT 2017   FINEST   [cycle 316] environmental fact: sai__replace(nticks(clock,_10490),nticks(clock,2650))
Fri Apr 21 10:04:52 BRT 2017   FINEST   ***** Started cycle #318 *****
Fri Apr 21 10:04:52 BRT 2017   FINEST   [cycle 318] environmental fact: sai__replace(nticks(clock,_10703),nticks(clock,2660))
Fri Apr 21 10:04:52 BRT 2017   FINEST   ***** Started cycle #319 *****
Fri Apr 21 10:04:52 BRT 2017   FINEST   [cycle 319] environmental fact: sai__replace(nticks(clock,_10704),nticks(clock,2670))
Fri Apr 21 10:04:52 BRT 2017   FINEST   ***** Started cycle #320 *****
Fri Apr 21 10:04:52 BRT 2017   FINEST   [cycle 320] environmental fact: sai__replace(nticks(clock,_10705),nticks(clock,2680))
Fri Apr 21 10:04:52 BRT 2017   FINEST   ***** Started cycle #321 *****
Fri Apr 21 10:04:52 BRT 2017   FINEST   [cycle 321] environmental fact: sai__replace(nticks(clock,_10706),nticks(clock,2690))
Fri Apr 21 10:04:52 BRT 2017   FINEST   ***** Started cycle #322 *****
Fri Apr 21 10:04:52 BRT 2017   FINEST   [cycle 322] environmental fact: sai__replace(nticks(clock,_10707),nticks(clock,2700))
Fri Apr 21 10:04:52 BRT 2017   FINEST   ***** Started cycle #323 *****
Fri Apr 21 10:04:52 BRT 2017   FINEST   [cycle 323] environmental fact: sai__replace(nticks(clock,_10708),nticks(clock,2710))
Fri Apr 21 10:04:52 BRT 2017   FINEST   ***** Started cycle #324 *****
Fri Apr 21 10:04:52 BRT 2017   FINEST   [cycle 324] environmental fact: sai__replace(nticks(clock,_10709),nticks(clock,2720))
Fri Apr 21 10:04:52 BRT 2017   FINEST   ***** Started cycle #325 *****
Fri Apr 21 10:04:52 BRT 2017   FINEST   [cycle 325] environmental fact: sai__replace(nticks(clock,_10710),nticks(clock,2730))
Fri Apr 21 10:04:52 BRT 2017   FINEST   ***** Started cycle #326 *****
Fri Apr 21 10:04:52 BRT 2017   FINEST   [cycle 326] environmental fact: sai__replace(nticks(clock,_10711),nticks(clock,2740))
Fri Apr 21 10:04:52 BRT 2017   FINEST   ***** Started cycle #327 *****
Fri Apr 21 10:04:52 BRT 2017   FINEST   [cycle 327] environmental fact: sai__replace(nticks(clock,_10719),nticks(clock,2750))
Fri Apr 21 10:04:52 BRT 2017   FINEST   ***** Started cycle #328 *****
Fri Apr 21 10:04:52 BRT 2017   FINEST   [cycle 328] environmental fact: sai__replace(nticks(clock,_10972),nticks(clock,2760))
Fri Apr 21 10:04:52 BRT 2017   FINEST   ***** Started cycle #330 *****
Fri Apr 21 10:04:52 BRT 2017   FINEST   [cycle 330] environmental fact: sai__replace(nticks(clock,_11110),nticks(clock,2770))
Fri Apr 21 10:04:52 BRT 2017   FINEST   ***** Started cycle #331 *****
Fri Apr 21 10:04:52 BRT 2017   FINEST   [cycle 331] environmental fact: sai__replace(nticks(clock,_11111),nticks(clock,2780))
Fri Apr 21 10:04:52 BRT 2017   FINEST   ***** Started cycle #332 *****
Fri Apr 21 10:04:52 BRT 2017   FINEST   [cycle 332] environmental fact: sai__replace(nticks(clock,_11112),nticks(clock,2790))
Fri Apr 21 10:04:52 BRT 2017   FINEST   ***** Started cycle #333 *****
Fri Apr 21 10:04:52 BRT 2017   FINEST   [cycle 333] environmental fact: sai__replace(nticks(clock,_11113),nticks(clock,2800))
Fri Apr 21 10:04:52 BRT 2017   FINEST   ***** Started cycle #334 *****
Fri Apr 21 10:04:52 BRT 2017   FINEST   [cycle 334] environmental fact: sai__replace(nticks(clock,_11114),nticks(clock,2810))
Fri Apr 21 10:04:52 BRT 2017   FINEST   ***** Started cycle #335 *****
Fri Apr 21 10:04:52 BRT 2017   FINEST   [cycle 335] environmental fact: sai__replace(nticks(clock,_11115),nticks(clock,2820))
Fri Apr 21 10:04:52 BRT 2017   FINEST   ***** Started cycle #336 *****
Fri Apr 21 10:04:52 BRT 2017   FINEST   [cycle 336] environmental fact: sai__replace(nticks(clock,_11116),nticks(clock,2830))
Fri Apr 21 10:04:52 BRT 2017   FINEST   ***** Started cycle #337 *****
Fri Apr 21 10:04:52 BRT 2017   FINEST   [cycle 337] environmental fact: sai__replace(nticks(clock,_11117),nticks(clock,2840))
Fri Apr 21 10:04:52 BRT 2017   FINEST   ***** Started cycle #338 *****
Fri Apr 21 10:04:52 BRT 2017   FINEST   [cycle 338] environmental fact: sai__replace(nticks(clock,_11118),nticks(clock,2850))
Fri Apr 21 10:04:52 BRT 2017   FINEST   ***** Started cycle #339 *****
Fri Apr 21 10:04:52 BRT 2017   FINEST   [cycle 339] environmental fact: sai__replace(nticks(clock,_11130),nticks(clock,2860))
Fri Apr 21 10:04:52 BRT 2017   FINEST   ***** Started cycle #340 *****
Fri Apr 21 10:04:52 BRT 2017   FINEST   [cycle 340] environmental fact: sai__replace(nticks(clock,_11304),nticks(clock,2870))
Fri Apr 21 10:04:52 BRT 2017   FINEST   ***** Started cycle #341 *****
Fri Apr 21 10:04:52 BRT 2017   FINEST   [cycle 341] environmental fact: sai__replace(nticks(clock,_11481),nticks(clock,2880))
Fri Apr 21 10:04:52 BRT 2017   FINEST   ***** Started cycle #343 *****
Fri Apr 21 10:04:52 BRT 2017   FINEST   [cycle 343] environmental fact: sai__replace(nticks(clock,_11554),nticks(clock,2890))
Fri Apr 21 10:04:52 BRT 2017   FINEST   ***** Started cycle #344 *****
Fri Apr 21 10:04:52 BRT 2017   FINEST   [cycle 344] environmental fact: sai__replace(nticks(clock,_11555),nticks(clock,2900))
Fri Apr 21 10:04:52 BRT 2017   FINEST   ***** Started cycle #345 *****
Fri Apr 21 10:04:52 BRT 2017   FINEST   [cycle 345] environmental fact: sai__replace(nticks(clock,_11556),nticks(clock,2910))
Fri Apr 21 10:04:52 BRT 2017   FINEST   ***** Started cycle #346 *****
Fri Apr 21 10:04:52 BRT 2017   FINEST   [cycle 346] environmental fact: sai__replace(nticks(clock,_11557),nticks(clock,2920))
Fri Apr 21 10:04:52 BRT 2017   FINEST   ***** Started cycle #347 *****
Fri Apr 21 10:04:52 BRT 2017   FINEST   [cycle 347] environmental fact: sai__replace(nticks(clock,_11558),nticks(clock,2930))
Fri Apr 21 10:04:52 BRT 2017   FINEST   ***** Started cycle #348 *****
Fri Apr 21 10:04:52 BRT 2017   FINEST   [cycle 348] environmental fact: sai__replace(nticks(clock,_11559),nticks(clock,2940))
Fri Apr 21 10:04:52 BRT 2017   FINEST   ***** Started cycle #349 *****
Fri Apr 21 10:04:52 BRT 2017   FINEST   [cycle 349] environmental fact: sai__replace(nticks(clock,_11560),nticks(clock,2950))
Fri Apr 21 10:04:52 BRT 2017   FINEST   ***** Started cycle #350 *****
Fri Apr 21 10:04:52 BRT 2017   FINEST   [cycle 350] environmental fact: sai__replace(nticks(clock,_11561),nticks(clock,2960))
Fri Apr 21 10:04:52 BRT 2017   FINEST   ***** Started cycle #351 *****
Fri Apr 21 10:04:52 BRT 2017   FINEST   [cycle 351] environmental fact: sai__replace(nticks(clock,_11562),nticks(clock,2970))
Fri Apr 21 10:04:52 BRT 2017   FINEST   ***** Started cycle #352 *****
Fri Apr 21 10:04:52 BRT 2017   FINEST   [cycle 352] environmental fact: sai__replace(nticks(clock,_11606),nticks(clock,2980))
Fri Apr 21 10:04:52 BRT 2017   FINEST   ***** Started cycle #353 *****
Fri Apr 21 10:04:52 BRT 2017   FINEST   [cycle 353] environmental fact: sai__replace(nticks(clock,_11820),nticks(clock,2990))
Fri Apr 21 10:04:52 BRT 2017   FINEST   ***** Started cycle #355 *****
Fri Apr 21 10:04:52 BRT 2017   FINEST   [cycle 355] environmental fact: sai__replace(nticks(clock,_11961),nticks(clock,3000))
Fri Apr 21 10:04:52 BRT 2017   FINEST   ***** Started cycle #356 *****
Fri Apr 21 10:04:52 BRT 2017   FINEST   [cycle 356] environmental fact: sai__replace(nticks(clock,_11962),nticks(clock,3010))
Fri Apr 21 10:04:52 BRT 2017   FINEST   ***** Started cycle #357 *****
Fri Apr 21 10:04:52 BRT 2017   FINEST   [cycle 357] environmental fact: sai__replace(nticks(clock,_11963),nticks(clock,3020))
Fri Apr 21 10:04:52 BRT 2017   FINEST   ***** Started cycle #358 *****
Fri Apr 21 10:04:52 BRT 2017   FINEST   [cycle 358] environmental fact: sai__replace(nticks(clock,_11964),nticks(clock,3030))
Fri Apr 21 10:04:52 BRT 2017   FINEST   ***** Started cycle #359 *****
Fri Apr 21 10:04:52 BRT 2017   FINEST   [cycle 359] environmental fact: sai__replace(nticks(clock,_11965),nticks(clock,3040))
Fri Apr 21 10:04:52 BRT 2017   FINEST   ***** Started cycle #360 *****
Fri Apr 21 10:04:52 BRT 2017   FINEST   [cycle 360] environmental fact: sai__replace(nticks(clock,_11966),nticks(clock,3050))
Fri Apr 21 10:04:52 BRT 2017   FINEST   ***** Started cycle #361 *****
Fri Apr 21 10:04:52 BRT 2017   FINEST   [cycle 361] environmental fact: sai__replace(nticks(clock,_11967),nticks(clock,3060))
Fri Apr 21 10:04:52 BRT 2017   FINEST   ***** Started cycle #362 *****
Fri Apr 21 10:04:52 BRT 2017   FINEST   [cycle 362] environmental fact: sai__replace(nticks(clock,_11968),nticks(clock,3070))
Fri Apr 21 10:04:52 BRT 2017   FINEST   ***** Started cycle #363 *****
Fri Apr 21 10:04:52 BRT 2017   FINEST   [cycle 363] environmental fact: sai__replace(nticks(clock,_11969),nticks(clock,3080))
Fri Apr 21 10:04:52 BRT 2017   FINEST   ***** Started cycle #364 *****
Fri Apr 21 10:04:52 BRT 2017   FINEST   [cycle 364] environmental fact: sai__replace(nticks(clock,_11977),nticks(clock,3090))
Fri Apr 21 10:04:52 BRT 2017   FINEST   ***** Started cycle #365 *****
Fri Apr 21 10:04:52 BRT 2017   FINEST   [cycle 365] environmental fact: sai__replace(nticks(clock,_12122),nticks(clock,3100))
Fri Apr 21 10:04:52 BRT 2017   FINEST   ***** Started cycle #366 *****
Fri Apr 21 10:04:52 BRT 2017   FINEST   [cycle 366] environmental fact: sai__replace(nticks(clock,_12303),nticks(clock,3110))
Fri Apr 21 10:04:52 BRT 2017   FINEST   ***** Started cycle #368 *****
Fri Apr 21 10:04:52 BRT 2017   FINEST   [cycle 368] environmental fact: sai__replace(nticks(clock,_12405),nticks(clock,3120))
Fri Apr 21 10:04:52 BRT 2017   FINEST   ***** Started cycle #369 *****
Fri Apr 21 10:04:52 BRT 2017   FINEST   [cycle 369] environmental fact: sai__replace(nticks(clock,_12406),nticks(clock,3130))
Fri Apr 21 10:04:52 BRT 2017   FINEST   ***** Started cycle #370 *****
Fri Apr 21 10:04:52 BRT 2017   FINEST   [cycle 370] environmental fact: sai__replace(nticks(clock,_12407),nticks(clock,3140))
Fri Apr 21 10:04:52 BRT 2017   FINEST   ***** Started cycle #371 *****
Fri Apr 21 10:04:52 BRT 2017   FINEST   [cycle 371] environmental fact: sai__replace(nticks(clock,_12408),nticks(clock,3150))
Fri Apr 21 10:04:52 BRT 2017   FINEST   ***** Started cycle #372 *****
Fri Apr 21 10:04:52 BRT 2017   FINEST   [cycle 372] environmental fact: sai__replace(nticks(clock,_12409),nticks(clock,3160))
Fri Apr 21 10:04:52 BRT 2017   FINEST   ***** Started cycle #373 *****
Fri Apr 21 10:04:52 BRT 2017   FINEST   [cycle 373] environmental fact: sai__replace(nticks(clock,_12410),nticks(clock,3170))
Fri Apr 21 10:04:52 BRT 2017   FINEST   ***** Started cycle #374 *****
Fri Apr 21 10:04:52 BRT 2017   FINEST   [cycle 374] environmental fact: sai__replace(nticks(clock,_12411),nticks(clock,3180))
Fri Apr 21 10:04:52 BRT 2017   FINEST   ***** Started cycle #375 *****
Fri Apr 21 10:04:52 BRT 2017   FINEST   [cycle 375] environmental fact: sai__replace(nticks(clock,_12412),nticks(clock,3190))
Fri Apr 21 10:04:52 BRT 2017   FINEST   ***** Started cycle #376 *****
Fri Apr 21 10:04:52 BRT 2017   FINEST   [cycle 376] environmental fact: sai__replace(nticks(clock,_12413),nticks(clock,3200))
Fri Apr 21 10:04:52 BRT 2017   FINEST   ***** Started cycle #377 *****
Fri Apr 21 10:04:52 BRT 2017   FINEST   [cycle 377] environmental fact: sai__replace(nticks(clock,_12529),nticks(clock,3210))
Fri Apr 21 10:04:52 BRT 2017   FINEST   ***** Started cycle #378 *****
Fri Apr 21 10:04:52 BRT 2017   FINEST   [cycle 378] environmental fact: sai__replace(nticks(clock,_12648),nticks(clock,3220))
Fri Apr 21 10:04:52 BRT 2017   FINEST   ***** Started cycle #380 *****
Fri Apr 21 10:04:52 BRT 2017   FINEST   [cycle 380] environmental fact: sai__replace(nticks(clock,_12812),nticks(clock,3230))
Fri Apr 21 10:04:52 BRT 2017   FINEST   ***** Started cycle #381 *****
Fri Apr 21 10:04:52 BRT 2017   FINEST   [cycle 381] environmental fact: sai__replace(nticks(clock,_12813),nticks(clock,3240))
Fri Apr 21 10:04:52 BRT 2017   FINEST   ***** Started cycle #382 *****
Fri Apr 21 10:04:52 BRT 2017   FINEST   [cycle 382] environmental fact: sai__replace(nticks(clock,_12814),nticks(clock,3250))
Fri Apr 21 10:04:52 BRT 2017   FINEST   ***** Started cycle #383 *****
Fri Apr 21 10:04:52 BRT 2017   FINEST   [cycle 383] environmental fact: sai__replace(nticks(clock,_12815),nticks(clock,3260))
Fri Apr 21 10:04:52 BRT 2017   FINEST   ***** Started cycle #384 *****
Fri Apr 21 10:04:52 BRT 2017   FINEST   [cycle 384] environmental fact: sai__replace(nticks(clock,_12816),nticks(clock,3270))
Fri Apr 21 10:04:52 BRT 2017   FINEST   ***** Started cycle #385 *****
Fri Apr 21 10:04:52 BRT 2017   FINEST   [cycle 385] environmental fact: sai__replace(nticks(clock,_12817),nticks(clock,3280))
Fri Apr 21 10:04:52 BRT 2017   FINEST   ***** Started cycle #386 *****
Fri Apr 21 10:04:52 BRT 2017   FINEST   [cycle 386] environmental fact: sai__replace(nticks(clock,_12818),nticks(clock,3290))
Fri Apr 21 10:04:52 BRT 2017   FINEST   ***** Started cycle #387 *****
Fri Apr 21 10:04:52 BRT 2017   FINEST   [cycle 387] environmental fact: sai__replace(nticks(clock,_12819),nticks(clock,3300))
Fri Apr 21 10:04:53 BRT 2017   FINEST   ***** Started cycle #388 *****
Fri Apr 21 10:04:53 BRT 2017   FINEST   [cycle 388] environmental fact: sai__replace(nticks(clock,_12820),nticks(clock,3310))
Fri Apr 21 10:04:53 BRT 2017   FINEST   ***** Started cycle #389 *****
Fri Apr 21 10:04:53 BRT 2017   FINEST   [cycle 389] environmental fact: sai__replace(nticks(clock,_12864),nticks(clock,3320))
Fri Apr 21 10:04:53 BRT 2017   FINEST   ***** Started cycle #390 *****
Fri Apr 21 10:04:53 BRT 2017   FINEST   [cycle 390] environmental fact: sai__replace(nticks(clock,_13070),nticks(clock,3330))
Fri Apr 21 10:04:53 BRT 2017   FINEST   ***** Started cycle #392 *****
Fri Apr 21 10:04:53 BRT 2017   FINEST   [cycle 392] environmental fact: sai__replace(nticks(clock,_13219),nticks(clock,3340))
Fri Apr 21 10:04:53 BRT 2017   FINEST   ***** Started cycle #393 *****
Fri Apr 21 10:04:53 BRT 2017   FINEST   [cycle 393] environmental fact: sai__replace(nticks(clock,_13220),nticks(clock,3350))
Fri Apr 21 10:04:53 BRT 2017   FINEST   ***** Started cycle #394 *****
Fri Apr 21 10:04:53 BRT 2017   FINEST   [cycle 394] environmental fact: sai__replace(nticks(clock,_13221),nticks(clock,3360))
Fri Apr 21 10:04:53 BRT 2017   FINEST   ***** Started cycle #395 *****
Fri Apr 21 10:04:53 BRT 2017   FINEST   [cycle 395] environmental fact: sai__replace(nticks(clock,_13222),nticks(clock,3370))
Fri Apr 21 10:04:53 BRT 2017   FINEST   ***** Started cycle #396 *****
Fri Apr 21 10:04:53 BRT 2017   FINEST   [cycle 396] environmental fact: sai__replace(nticks(clock,_13223),nticks(clock,3380))
