Mon May 02 18:01:47 BRT 2016   FINEST   ***** Started cycle #6 *****
Mon May 02 18:01:47 BRT 2016   FINEST   [cycle 6] environmental fact: sigmaA(infra)
Mon May 02 18:01:47 BRT 2016   FINEST   ***** Started cycle #7 *****
Mon May 02 18:01:47 BRT 2016   FINEST   [cycle 7] environmental fact: sigmaE(setWSPRuleEngine(_90)[sai__agent(infra)])
Mon May 02 18:01:47 BRT 2016   FINEST   ***** Started cycle #8 *****
Mon May 02 18:01:47 BRT 2016   FINEST   [cycle 8] environmental fact: sigmaA(infra)
Mon May 02 18:01:47 BRT 2016   FINEST   ***** Started cycle #9 *****
Mon May 02 18:01:47 BRT 2016   FINEST   [cycle 9] environmental fact: sigmaE(setWSPRuleEngine(_91)[sai__agent(infra)])
Mon May 02 18:01:47 BRT 2016   FINEST   ***** Started cycle #10 *****
Mon May 02 18:01:47 BRT 2016   FINEST   [cycle 10] environmental fact: sigmaA(infra)
Mon May 02 18:01:47 BRT 2016   FINEST   ***** Started cycle #11 *****
Mon May 02 18:01:47 BRT 2016   FINEST   [cycle 11] environmental fact: sigmaE(setWSPRuleEngine(_92)[sai__agent(infra)])
Mon May 02 18:01:47 BRT 2016   FINEST   ***** Started cycle #12 *****
Mon May 02 18:01:47 BRT 2016   FINEST   [cycle 12] environmental fact: sai__replace(nbInhabit(crisis_parameters,_93,_94),nbInhabit(crisis_parameters,downtown,200))
Mon May 02 18:01:47 BRT 2016   FINEST   ***** Started cycle #13 *****
Mon May 02 18:01:47 BRT 2016   FINEST   [cycle 13] environmental fact: sigmaA(infra)
Mon May 02 18:01:47 BRT 2016   FINEST   ***** Started cycle #14 *****
Mon May 02 18:01:47 BRT 2016   FINEST   [cycle 14] environmental fact: sigmaE(updateInhabitants(downtown,200)[sai__agent(infra)])
Mon May 02 18:01:47 BRT 2016   FINEST   ***** Started cycle #15 *****
Mon May 02 18:01:47 BRT 2016   FINEST   [cycle 15] environmental fact: sai__replace(security_phase(crisis_parameters,_95,_96),security_phase(crisis_parameters,downtown,preventive))
Mon May 02 18:01:47 BRT 2016   FINEST   [cycle 15] 1 adding sai__is(security_phase(crisis_parameters,downtown,preventive),secure(downtown),(not (sai__is(VarAnyState,electric_risky(downtown),_))&((nbInhabit(crisis_parameters,downtown,200)&(200<=500))|sai__is(security_phase(Var19,downtown,preventive),secure(downtown),_))))
Mon May 02 18:01:47 BRT 2016   FINEST   ***** Started cycle #16 *****
Mon May 02 18:01:47 BRT 2016   FINEST   [cycle 16] environmental fact: sigmaA(infra)
Mon May 02 18:01:47 BRT 2016   FINEST   ***** Started cycle #17 *****
Mon May 02 18:01:47 BRT 2016   FINEST   [cycle 17] environmental fact: sigmaE(updatePhase(downtown,preventive)[sai__agent(infra)])
