Mon May 02 20:36:58 BRT 2016   FINEST   ***** Started cycle #5 *****
Mon May 02 20:36:58 BRT 2016   FINEST   [cycle 5] environmental fact: sigmaA(infra)
Mon May 02 20:36:58 BRT 2016   FINEST   ***** Started cycle #6 *****
Mon May 02 20:36:58 BRT 2016   FINEST   [cycle 6] environmental fact: sigmaE(setWSPRuleEngine(_73)[sai__agent(infra)])
Mon May 02 20:36:58 BRT 2016   FINEST   ***** Started cycle #7 *****
Mon May 02 20:36:58 BRT 2016   FINEST   [cycle 7] environmental fact: sigmaA(infra)
Mon May 02 20:36:58 BRT 2016   FINEST   ***** Started cycle #8 *****
Mon May 02 20:36:58 BRT 2016   FINEST   [cycle 8] environmental fact: sigmaE(setWSPRuleEngine(_74)[sai__agent(infra)])
Mon May 02 20:36:58 BRT 2016   FINEST   ***** Started cycle #9 *****
Mon May 02 20:36:58 BRT 2016   FINEST   [cycle 9] environmental fact: sigmaA(infra)
Mon May 02 20:36:58 BRT 2016   FINEST   ***** Started cycle #10 *****
Mon May 02 20:36:58 BRT 2016   FINEST   [cycle 10] environmental fact: sigmaE(setWSPRuleEngine(_75)[sai__agent(infra)])
Mon May 02 20:36:58 BRT 2016   FINEST   ***** Started cycle #11 *****
Mon May 02 20:36:58 BRT 2016   FINEST   [cycle 11] environmental fact: sai__replace(nbInhabit(crisis_parameters,_76,_77),nbInhabit(crisis_parameters,downtown,200))
Mon May 02 20:36:58 BRT 2016   FINEST   ***** Started cycle #12 *****
Mon May 02 20:36:58 BRT 2016   FINEST   [cycle 12] environmental fact: sigmaA(infra)
Mon May 02 20:36:58 BRT 2016   FINEST   ***** Started cycle #13 *****
Mon May 02 20:36:58 BRT 2016   FINEST   [cycle 13] environmental fact: sigmaE(updateInhabitants(downtown,200)[sai__agent(infra)])
Mon May 02 20:36:58 BRT 2016   FINEST   ***** Started cycle #14 *****
Mon May 02 20:36:58 BRT 2016   FINEST   [cycle 14] environmental fact: sai__replace(security_phase(crisis_parameters,_78,_79),security_phase(crisis_parameters,downtown,preventive))
Mon May 02 20:36:58 BRT 2016   FINEST   [cycle 14] 1 adding sai__is(security_phase(crisis_parameters,downtown,preventive),secure(downtown),(not (sai__is(VarAnyState,electric_risky(downtown),_))&((nbInhabit(crisis_parameters,downtown,200)&(200<=500))|sai__is(security_phase(Var22,downtown,preventive),secure(downtown),_))))
Mon May 02 20:36:58 BRT 2016   FINEST   ***** Started cycle #15 *****
Mon May 02 20:36:58 BRT 2016   FINEST   [cycle 15] environmental fact: sigmaA(infra)
Mon May 02 20:36:58 BRT 2016   FINEST   ***** Started cycle #16 *****
Mon May 02 20:36:58 BRT 2016   FINEST   [cycle 16] environmental fact: sigmaE(updatePhase(downtown,preventive)[sai__agent(infra)])
Mon May 02 20:37:33 BRT 2016   FINEST   ***** Started cycle #361 *****
Mon May 02 20:37:33 BRT 2016   FINEST   [cycle 361] environmental fact: sigmaA(regulator)
Mon May 02 20:37:33 BRT 2016   FINEST   [cycle 361] 1 adding sai__is(regulator,interaction_inspector,true)
Mon May 02 20:37:33 BRT 2016   FINEST   ***** Started cycle #362 *****
Mon May 02 20:37:33 BRT 2016   FINEST   [cycle 362] environmental fact: sigmaA(communicator)
Mon May 02 20:37:33 BRT 2016   FINEST   [cycle 362] 1 adding sai__is(communicator,table_mediator,true)
Mon May 02 20:37:33 BRT 2016   FINEST   ***** Started cycle #366 *****
Mon May 02 20:37:33 BRT 2016   FINEST   [cycle 366] environmental fact: sigmaE(lookupArtifact(table_mayor,_785)[sai__agent(regulator)])
Mon May 02 20:37:33 BRT 2016   FINEST   ***** Started cycle #367 *****
Mon May 02 20:37:33 BRT 2016   FINEST   [cycle 367] environmental fact: sigmaE(lookupArtifact(table_fire_brigade,_786)[sai__agent(regulator)])
Mon May 02 20:37:33 BRT 2016   FINEST   ***** Started cycle #368 *****
Mon May 02 20:37:33 BRT 2016   FINEST   [cycle 368] environmental fact: sigmaE(lookupArtifact(table_mayor,_787)[sai__agent(communicator)])
Mon May 02 20:37:33 BRT 2016   FINEST   ***** Started cycle #369 *****
Mon May 02 20:37:33 BRT 2016   FINEST   [cycle 369] environmental fact: sigmaE(lookupArtifact(table_fire_brigade,_788)[sai__agent(communicator)])
Mon May 02 20:37:39 BRT 2016   FINEST   ***** Started cycle #431 *****
Mon May 02 20:37:39 BRT 2016   FINEST   [cycle 431] environmental fact: sigmaA(aa)
Mon May 02 20:37:39 BRT 2016   FINEST   ***** Started cycle #432 *****
Mon May 02 20:37:39 BRT 2016   FINEST   [cycle 432] environmental fact: sigmaE(checkin(table_mayor)[sai__agent(aa)])
Mon May 02 20:37:39 BRT 2016   FINEST   [cycle 432] 1 adding sai__is(aa,mayor,(not (sai__is(VarOther,mayor,Var)) | sai__is(aa,mayor,Var)))
Mon May 02 20:37:41 BRT 2016   FINEST   ***** Started cycle #451 *****
Mon May 02 20:37:41 BRT 2016   FINEST   [cycle 451] environmental fact: sigmaA(vv)
Mon May 02 20:37:41 BRT 2016   FINEST   ***** Started cycle #452 *****
Mon May 02 20:37:41 BRT 2016   FINEST   [cycle 452] environmental fact: sigmaE(checkin(table_fire_brigade)[sai__agent(vv)])
Mon May 02 20:37:41 BRT 2016   FINEST   [cycle 452] 1 adding sai__is(vv,firefighter,true)
Mon May 02 20:37:44 BRT 2016   FINEST   ***** Started cycle #478 *****
Mon May 02 20:37:44 BRT 2016   FINEST   [cycle 478] environmental fact: tangibleIn(table_mayor,launch_tangible_object,1,2)
Mon May 02 20:37:44 BRT 2016   FINEST   ***** Started cycle #479 *****
Mon May 02 20:37:44 BRT 2016   FINEST   [cycle 479] environmental fact: sigmaE(putTangible(table_mayor,launch_tangible_object,1,2)[sai__agent(aa)])
Mon May 02 20:37:44 BRT 2016   FINEST   [cycle 479] 1 adding sai__is(event(putTangible(table_mayor,launch_tangible_object,1,2)),tangibleInteraction(table_mayor,launch_tangible_object,1,2,aa),aa,true)
Mon May 02 20:37:44 BRT 2016   FINEST   [cycle 479] 1 adding sai__is(event(putTangible(table_mayor,launch_tangible_object,1,2)),evacuate(downtown),aa,true)
